#
# A fatal error has been detected by the Java Runtime Environment:
#
#  EXCEPTION_ACCESS_VIOLATION (0xc0000005) at pc=0x000000006c56f908, pid=11324, tid=0x00000000000026f8
#
# JRE version: OpenJDK Runtime Environment (8.0_242-b01) (build 1.8.0_242-release-1644-b01)
# Java VM: OpenJDK 64-Bit Server VM (25.242-b01 mixed mode windows-amd64 compressed oops)
# Problematic frame:
# V  [jvm.dll+0xef908]
#
# Failed to write core dump. Minidumps are not enabled by default on client versions of Windows
#
# If you would like to submit a bug report, please visit:
#   
#

---------------  T H R E A D  ---------------

Current thread (0x0000000002b48000):  GCTaskThread [stack: 0x00000000126b0000,0x00000000127b0000] [id=9976]

siginfo: ExceptionCode=0xc0000005, reading address 0xffffffffffffffff

Registers:
RAX=0x0000000012ab0000, RBX=0x0000000000000080, RCX=0x0000000000000000, RDX=0x0000000000000010
RSP=0x00000000127af500, RBP=0x00000000df3dfefc, RSI=0x0000000000000002, RDI=0x0000000002c1bb80
R8 =0x007fffffffc00000, R9 =0x0000000000000002, R10=0x000000000000000c, R11=0x0000000000001c10
R12=0x00000000df3dff10, R13=0x0000000100008e90, R14=0x0000000100008e98, R15=0x00000000df3dfeb8
RIP=0x000000006c56f908, EFLAGS=0x0000000000010202

Top of Stack: (sp=0x00000000127af500)
0x00000000127af500:   00000000df3dff10 00000000df3dfeec
0x00000000127af510:   0000000000000002 0000000002c1bb80
0x00000000127af520:   0000000000000000 0000000002b48340
0x00000000127af530:   0000000002b42ec0 0000000002c1bb80
0x00000000127af540:   0000000000001c10 000000006c849af0
0x00000000127af550:   0000000017e330c0 00000000127af669
0x00000000127af560:   0000000002c1bb80 000000006ca9d5d8
0x00000000127af570:   0000000017e29258 00000000127af620
0x00000000127af580:   0000000019554bf0 000000000000000e
0x00000000127af590:   0000000002c1bb80 000000006c56e4d2
0x00000000127af5a0:   0000000080349378 0000000000000000
0x00000000127af5b0:   0000000000000000 0000000002b42ec0
0x00000000127af5c0:   0000000002b48350 0000000002b48340
0x00000000127af5d0:   000000006ca9d5d8 0000000002c1bb80
0x00000000127af5e0:   0000000000000000 00000000127af669
0x00000000127af5f0:   0000000017725470 000000006c846cc0 

Instructions: (pc=0x000000006c56f908)
0x000000006c56f8e8:   05 43 f7 6d 00 49 c1 e8 03 49 d3 e8 41 0f b6 c0
0x000000006c56f8f8:   49 c1 e8 06 24 3f 0f b6 d0 48 8b 05 58 f7 6d 00
0x000000006c56f908:   4a 8b 0c c0 48 0f a3 d1 0f 82 59 01 00 00 0f b6
0x000000006c56f918:   15 34 56 6d 00 84 d2 74 16 44 8b 43 08 8b 0d 8d 


Register to memory mapping:

RAX=0x0000000012ab0000 is an unknown value
RBX=0x0000000000000080 is an unknown value
RCX=0x0000000000000000 is an unknown value
RDX=0x0000000000000010 is an unknown value
RSP=0x00000000127af500 is an unknown value
RBP=0x00000000df3dfefc is an unknown value
RSI=0x0000000000000002 is an unknown value
RDI=0x0000000002c1bb80 is an unknown value
R8 =0x007fffffffc00000 is an unknown value
R9 =0x0000000000000002 is an unknown value
R10=0x000000000000000c is an unknown value
R11=0x0000000000001c10 is an unknown value
R12=0x00000000df3dff10 is an oop
[Ljava.lang.Class; 
 - klass: 'java/lang/Class'[]
 - length: 0
R13=0x0000000100008e90 is pointing into metadata
R14=0x0000000100008e98 is pointing into metadata
R15=0x00000000df3dfeb8 is an oop
java.lang.reflect.Method 
 - klass: 'java/lang/reflect/Method'


Stack: [0x00000000126b0000,0x00000000127b0000],  sp=0x00000000127af500,  free space=1021k
Native frames: (J=compiled Java code, j=interpreted, Vv=VM code, C=native code)
V  [jvm.dll+0xef908]
V  [jvm.dll+0x3c9af0]
V  [jvm.dll+0x3c6cc0]
V  [jvm.dll+0x3c482e]
V  [jvm.dll+0x27276a]
C  [msvcr100.dll+0x21d9f]
C  [msvcr100.dll+0x21e3b]
C  [KERNEL32.DLL+0x17034]
C  [ntdll.dll+0x52651]


---------------  P R O C E S S  ---------------

Java Threads: ( => current thread )
  0x000000001a19d800 JavaThread "Cache worker for Java compile cache (C:\Users\Elysian\Desktop\Coding\myAndroid\.gradle\6.1.1\javaCompile)" [_thread_blocked, id=13076, stack(0x0000000027f20000,0x0000000028020000)]
  0x000000001a1a4000 JavaThread "Cache worker for Java compile cache (C:\Users\Elysian\.gradle\caches\6.1.1\javaCompile)" [_thread_blocked, id=11276, stack(0x00000000272c0000,0x00000000273c0000)]
  0x000000001a1a2800 JavaThread "WorkerExecutor Queue Thread 5" [_thread_blocked, id=14344, stack(0x000000001cd50000,0x000000001ce50000)]
  0x000000001a1a3800 JavaThread "stdout" [_thread_in_native, id=2724, stack(0x0000000027a20000,0x0000000027b20000)]
  0x000000001a1a2000 JavaThread "stdout" [_thread_in_native, id=5448, stack(0x0000000027920000,0x0000000027a20000)]
  0x000000001a1a1000 JavaThread "stdout" [_thread_in_native, id=13660, stack(0x0000000027820000,0x0000000027920000)]
  0x000000001fab6000 JavaThread "stderr" [_thread_in_native, id=12244, stack(0x0000000027720000,0x0000000027820000)]
  0x000000001faac800 JavaThread "stderr" [_thread_in_native, id=13024, stack(0x0000000027620000,0x0000000027720000)]
  0x00000000203ac800 JavaThread "stderr" [_thread_in_native, id=3904, stack(0x0000000027520000,0x0000000027620000)]
  0x00000000203a9000 JavaThread "pool-5-thread-1" [_thread_blocked, id=4228, stack(0x00000000271c0000,0x00000000272c0000)]
  0x00000000203aa800 JavaThread "WorkerExecutor Queue Thread 4" [_thread_blocked, id=13976, stack(0x0000000027420000,0x0000000027520000)]
  0x00000000203a8000 JavaThread "WorkerExecutor Queue Thread 2" [_thread_blocked, id=12752, stack(0x0000000025cf0000,0x0000000025df0000)]
  0x00000000203a6800 JavaThread "WorkerExecutor Queue" [_thread_blocked, id=10784, stack(0x0000000025bf0000,0x0000000025cf0000)]
  0x0000000019ed1000 JavaThread "Cache worker for execution history cache (C:\Users\Elysian\Desktop\Coding\myAndroid\.gradle\6.1.1\executionHistory)" [_thread_blocked, id=10800, stack(0x0000000025850000,0x0000000025950000)]
  0x0000000019ece000 JavaThread "Execution worker for ':' Thread 3" [_thread_blocked, id=316, stack(0x00000000252e0000,0x00000000253e0000)]
  0x0000000019ed0000 JavaThread "Execution worker for ':' Thread 2" [_thread_blocked, id=13160, stack(0x00000000241c0000,0x00000000242c0000)]
  0x0000000019ecf800 JavaThread "Execution worker for ':'" [_thread_blocked, id=5660, stack(0x0000000023ac0000,0x0000000023bc0000)]
  0x0000000019ecd000 JavaThread "Cache worker for file content cache (C:\Users\Elysian\Desktop\Coding\myAndroid\.gradle\6.1.1\fileContent)" [_thread_blocked, id=12048, stack(0x00000000239c0000,0x0000000023ac0000)]
  0x000000001fab7000 JavaThread "Cache worker for Build Output Cleanup Cache (C:\Users\Elysian\Desktop\Coding\myAndroid\.gradle\buildOutputCleanup)" [_thread_blocked, id=8848, stack(0x00000000224c0000,0x00000000225c0000)]
  0x000000001fab5800 JavaThread "Build operations Thread 4" [_thread_blocked, id=1776, stack(0x00000000223c0000,0x00000000224c0000)]
  0x000000001fab4800 JavaThread "Build operations Thread 3" [_thread_blocked, id=10832, stack(0x00000000222c0000,0x00000000223c0000)]
  0x000000001faad000 JavaThread "Build operations Thread 2" [_thread_blocked, id=11292, stack(0x0000000020b40000,0x0000000020c40000)]
  0x000000001fab3000 JavaThread "Build operations" [_thread_blocked, id=3576, stack(0x000000001f120000,0x000000001f220000)]
  0x000000001fab2800 JavaThread "Cache worker for cache directory md-rule (C:\Users\Elysian\.gradle\caches\6.1.1\md-rule)" [_thread_blocked, id=11692, stack(0x000000001f020000,0x000000001f120000)]
  0x000000001fab1800 JavaThread "Cache worker for cache directory md-supplier (C:\Users\Elysian\.gradle\caches\6.1.1\md-supplier)" [_thread_blocked, id=13672, stack(0x000000001eb20000,0x000000001ec20000)]
  0x000000001fab4000 JavaThread "Cache worker for file hash cache (C:\Users\Elysian\Desktop\Coding\myAndroid\.gradle\6.1.1\fileHashes)" [_thread_blocked, id=14736, stack(0x000000001ea20000,0x000000001eb20000)]
  0x0000000019c62800 JavaThread "Cache worker for checksums cache (C:\Users\Elysian\Desktop\Coding\myAndroid\.gradle\checksums)" [_thread_blocked, id=10128, stack(0x000000001d150000,0x000000001d250000)]
  0x0000000019c63800 JavaThread "Thread-51" [_thread_blocked, id=8100, stack(0x000000001ce50000,0x000000001cf50000)]
  0x0000000019c62000 JavaThread "Asynchronous log dispatcher for DefaultDaemonConnection: socket connection from /127.0.0.1:57048 to /127.0.0.1:55311" [_thread_blocked, id=13116, stack(0x000000001ca50000,0x000000001cb50000)]
  0x0000000019c5f800 JavaThread "Daemon worker Thread 3" [_thread_blocked, id=11980, stack(0x000000001c950000,0x000000001ca50000)]
  0x0000000019c65000 JavaThread "Cancel handler" [_thread_blocked, id=15164, stack(0x00000000010c0000,0x00000000011c0000)]
  0x0000000019c5f000 JavaThread "Handler for socket connection from /127.0.0.1:57048 to /127.0.0.1:55311" [_thread_in_native, id=10804, stack(0x0000000000fc0000,0x00000000010c0000)]
  0x0000000019c60800 JavaThread "Daemon Thread 3" [_thread_blocked, id=12532, stack(0x0000000000ec0000,0x0000000000fc0000)]
  0x0000000019c61000 JavaThread "Cache worker for file content cache (C:\Users\Elysian\.gradle\caches\6.1.1\fileContent)" [_thread_blocked, id=14936, stack(0x0000000022cc0000,0x0000000022dc0000)]
  0x0000000019c64000 JavaThread "Memory manager" [_thread_blocked, id=12524, stack(0x00000000225c0000,0x00000000226c0000)]
  0x0000000019ece800 JavaThread "Cache worker for execution history cache (C:\Users\Elysian\.gradle\caches\6.1.1\executionHistory)" [_thread_blocked, id=14288, stack(0x000000001f220000,0x000000001f320000)]
  0x0000000019ed3000 JavaThread "Cache worker for file hash cache (C:\Users\Elysian\.gradle\caches\6.1.1\fileHashes)" [_thread_blocked, id=10864, stack(0x000000001d650000,0x000000001d750000)]
  0x0000000019ecc800 JavaThread "File lock request listener" [_thread_in_native, id=9540, stack(0x000000001d550000,0x000000001d650000)]
  0x00000000194a8000 JavaThread "Cache worker for journal cache (C:\Users\Elysian\.gradle\caches\journal-1)" [_thread_blocked, id=11872, stack(0x000000001d450000,0x000000001d550000)]
  0x000000001b4bd800 JavaThread "Daemon periodic checks" [_thread_blocked, id=13704, stack(0x000000001c850000,0x000000001c950000)]
  0x000000001b46c800 JavaThread "Incoming local TCP Connector on port 57048" [_thread_in_native, id=3788, stack(0x00000000198d0000,0x00000000199d0000)]
  0x000000001b42b000 JavaThread "Daemon health stats" [_thread_blocked, id=700, stack(0x00000000197d0000,0x00000000198d0000)]
  0x0000000019208800 JavaThread "Service Thread" daemon [_thread_blocked, id=1708, stack(0x00000000195d0000,0x00000000196d0000)]
  0x000000001786d800 JavaThread "C1 CompilerThread2" daemon [_thread_blocked, id=5552, stack(0x00000000190d0000,0x00000000191d0000)]
  0x000000001785c000 JavaThread "C2 CompilerThread1" daemon [_thread_blocked, id=12416, stack(0x0000000018fd0000,0x00000000190d0000)]
  0x0000000017858800 JavaThread "C2 CompilerThread0" daemon [_thread_blocked, id=13956, stack(0x0000000018ed0000,0x0000000018fd0000)]
  0x0000000017857000 JavaThread "Attach Listener" daemon [_thread_blocked, id=9096, stack(0x0000000018dd0000,0x0000000018ed0000)]
  0x0000000017853800 JavaThread "Signal Dispatcher" daemon [_thread_blocked, id=9064, stack(0x0000000018cd0000,0x0000000018dd0000)]
  0x0000000002c2c800 JavaThread "Finalizer" daemon [_thread_blocked, id=10580, stack(0x0000000018ad0000,0x0000000018bd0000)]
  0x0000000017839000 JavaThread "Reference Handler" daemon [_thread_blocked, id=12556, stack(0x00000000189d0000,0x0000000018ad0000)]
  0x0000000002b32800 JavaThread "main" [_thread_blocked, id=14240, stack(0x0000000002a30000,0x0000000002b30000)]

Other Threads:
  0x0000000017817000 VMThread [stack: 0x00000000188d0000,0x00000000189d0000] [id=4184]
  0x00000000178ad000 WatcherThread [stack: 0x00000000196d0000,0x00000000197d0000] [id=13684]

=>0x0000000002b48000 (exited) GCTaskThread [stack: 0x00000000126b0000,0x00000000127b0000] [id=9976]

VM state:at safepoint (normal execution)

VM Mutex/Monitor currently owned by a thread:  ([mutex/lock_event])
[0x00000000029ee310] Threads_lock - owner thread: 0x0000000017817000
[0x00000000029edb90] Heap_lock - owner thread: 0x00000000203a8000

heap address: 0x0000000080000000, size: 2048 MB, Compressed Oops mode: 32-bit
Narrow klass base: 0x0000000000000000, Narrow klass shift: 3
Compressed class space size: 1073741824 Address: 0x0000000100000000

Heap:
 PSYoungGen      total 157696K, used 37980K [0x00000000d5580000, 0x00000000e2980000, 0x0000000100000000)
  eden space 111616K, 0% used [0x00000000d5580000,0x00000000d5580000,0x00000000dc280000)
  from space 46080K, 82% used [0x00000000df380000,0x00000000e18971b8,0x00000000e2080000)
  to   space 50176K, 0% used [0x00000000dc280000,0x00000000dc280000,0x00000000df380000)
 ParOldGen       total 139776K, used 42996K [0x0000000080000000, 0x0000000088880000, 0x00000000d5580000)
  object space 139776K, 30% used [0x0000000080000000,0x00000000829fd3d0,0x0000000088880000)
 Metaspace       used 93854K, capacity 98435K, committed 98600K, reserved 1134592K
  class space    used 12436K, capacity 13352K, committed 13352K, reserved 1048576K

Card table byte_map: [0x0000000011ff0000,0x0000000012400000] byte_map_base: 0x0000000011bf0000

Marking Bits: (ParMarkBitMap*) 0x000000006cc4f030
 Begin Bits: [0x0000000012ab0000, 0x0000000014ab0000)
 End Bits:   [0x0000000014ab0000, 0x0000000016ab0000)

Polling page: 0x0000000000db0000

CodeCache: size=245760Kb used=39383Kb max_used=39388Kb free=206376Kb
 bounds [0x0000000002c30000, 0x00000000052e0000, 0x0000000011c30000]
 total_blobs=12852 nmethods=11980 adapters=784
 compilation: enabled

Compilation events (10 events):
Event: 8320.772 Thread 0x000000001786d800 nmethod 14457 0x00000000052ccc90 code [0x00000000052cce40, 0x00000000052cd2a8]
Event: 8320.772 Thread 0x000000001786d800 14459       3       com.android.tools.r8.s.a.a.a.b::a (130 bytes)
Event: 8320.774 Thread 0x000000001786d800 nmethod 14459 0x00000000052cab50 code [0x00000000052cae20, 0x00000000052cc2c8]
Event: 8320.774 Thread 0x000000001786d800 14458   !   3       com.android.tools.r8.graph.e0::toString (17 bytes)
Event: 8320.775 Thread 0x000000001786d800 nmethod 14458 0x00000000052ca3d0 code [0x00000000052ca560, 0x00000000052ca948]
Event: 8320.801 Thread 0x0000000017858800 nmethod 14453 0x00000000052d0850 code [0x00000000052d0c00, 0x00000000052d2140]
Event: 8320.814 Thread 0x000000001786d800 14460   !   3       java.util.zip.ZipFile$ZipFileInflaterInputStream::close (67 bytes)
Event: 8320.816 Thread 0x000000001786d800 nmethod 14460 0x00000000052cfad0 code [0x00000000052cfca0, 0x00000000052d0498]
Event: 8321.249 Thread 0x000000001786d800 14461       3       com.android.tools.r8.graph.g0::<init> (36 bytes)
Event: 8321.250 Thread 0x000000001786d800 nmethod 14461 0x00000000052cf650 code [0x00000000052cf7c0, 0x00000000052cf9f0]

GC Heap History (10 events):
Event: 8290.597 GC heap after
Heap after GC invocations=25 (full 3):
 PSYoungGen      total 132096K, used 27108K [0x00000000d5580000, 0x00000000e0080000, 0x0000000100000000)
  eden space 104960K, 0% used [0x00000000d5580000,0x00000000d5580000,0x00000000dbc00000)
  from space 27136K, 99% used [0x00000000ddc80000,0x00000000df6f9268,0x00000000df700000)
  to   space 33280K, 0% used [0x00000000dbc00000,0x00000000dbc00000,0x00000000ddc80000)
 ParOldGen       total 139776K, used 39816K [0x0000000080000000, 0x0000000088880000, 0x00000000d5580000)
  object space 139776K, 28% used [0x0000000080000000,0x00000000826e2370,0x0000000088880000)
 Metaspace       used 79838K, capacity 83614K, committed 83880K, reserved 1122304K
  class space    used 10628K, capacity 11409K, committed 11432K, reserved 1048576K
}
Event: 8304.259 GC heap before
{Heap before GC invocations=26 (full 3):
 PSYoungGen      total 132096K, used 132068K [0x00000000d5580000, 0x00000000e0080000, 0x0000000100000000)
  eden space 104960K, 100% used [0x00000000d5580000,0x00000000dbc00000,0x00000000dbc00000)
  from space 27136K, 99% used [0x00000000ddc80000,0x00000000df6f9268,0x00000000df700000)
  to   space 33280K, 0% used [0x00000000dbc00000,0x00000000dbc00000,0x00000000ddc80000)
 ParOldGen       total 139776K, used 39816K [0x0000000080000000, 0x0000000088880000, 0x00000000d5580000)
  object space 139776K, 28% used [0x0000000080000000,0x00000000826e2370,0x0000000088880000)
 Metaspace       used 82867K, capacity 86720K, committed 86824K, reserved 1124352K
  class space    used 10956K, capacity 11746K, committed 11816K, reserved 1048576K
Event: 8304.360 GC heap after
Heap after GC invocations=26 (full 3):
 PSYoungGen      total 135680K, used 32444K [0x00000000d5580000, 0x00000000e0380000, 0x0000000100000000)
  eden space 102400K, 0% used [0x00000000d5580000,0x00000000d5580000,0x00000000db980000)
  from space 33280K, 97% used [0x00000000dbc00000,0x00000000ddbaf3b8,0x00000000ddc80000)
  to   space 37888K, 0% used [0x00000000dde80000,0x00000000dde80000,0x00000000e0380000)
 ParOldGen       total 139776K, used 39824K [0x0000000080000000, 0x0000000088880000, 0x00000000d5580000)
  object space 139776K, 28% used [0x0000000080000000,0x00000000826e4370,0x0000000088880000)
 Metaspace       used 82867K, capacity 86720K, committed 86824K, reserved 1124352K
  class space    used 10956K, capacity 11746K, committed 11816K, reserved 1048576K
}
Event: 8305.332 GC heap before
{Heap before GC invocations=27 (full 3):
 PSYoungGen      total 135680K, used 134844K [0x00000000d5580000, 0x00000000e0380000, 0x0000000100000000)
  eden space 102400K, 100% used [0x00000000d5580000,0x00000000db980000,0x00000000db980000)
  from space 33280K, 97% used [0x00000000dbc00000,0x00000000ddbaf3b8,0x00000000ddc80000)
  to   space 37888K, 0% used [0x00000000dde80000,0x00000000dde80000,0x00000000e0380000)
 ParOldGen       total 139776K, used 39824K [0x0000000080000000, 0x0000000088880000, 0x00000000d5580000)
  object space 139776K, 28% used [0x0000000080000000,0x00000000826e4370,0x0000000088880000)
 Metaspace       used 82872K, capacity 86720K, committed 86824K, reserved 1124352K
  class space    used 10956K, capacity 11746K, committed 11816K, reserved 1048576K
Event: 8305.379 GC heap after
Heap after GC invocations=27 (full 3):
 PSYoungGen      total 137216K, used 30285K [0x00000000d5580000, 0x00000000e2100000, 0x0000000100000000)
  eden space 99328K, 0% used [0x00000000d5580000,0x00000000d5580000,0x00000000db680000)
  from space 37888K, 79% used [0x00000000dde80000,0x00000000dfc13430,0x00000000e0380000)
  to   space 40960K, 0% used [0x00000000db680000,0x00000000db680000,0x00000000dde80000)
 ParOldGen       total 139776K, used 39832K [0x0000000080000000, 0x0000000088880000, 0x00000000d5580000)
  object space 139776K, 28% used [0x0000000080000000,0x00000000826e6370,0x0000000088880000)
 Metaspace       used 82872K, capacity 86720K, committed 86824K, reserved 1124352K
  class space    used 10956K, capacity 11746K, committed 11816K, reserved 1048576K
}
Event: 8316.130 GC heap before
{Heap before GC invocations=28 (full 3):
 PSYoungGen      total 137216K, used 129613K [0x00000000d5580000, 0x00000000e2100000, 0x0000000100000000)
  eden space 99328K, 100% used [0x00000000d5580000,0x00000000db680000,0x00000000db680000)
  from space 37888K, 79% used [0x00000000dde80000,0x00000000dfc13430,0x00000000e0380000)
  to   space 40960K, 0% used [0x00000000db680000,0x00000000db680000,0x00000000dde80000)
 ParOldGen       total 139776K, used 39832K [0x0000000080000000, 0x0000000088880000, 0x00000000d5580000)
  object space 139776K, 28% used [0x0000000080000000,0x00000000826e6370,0x0000000088880000)
 Metaspace       used 89477K, capacity 93630K, committed 93864K, reserved 1130496K
  class space    used 11800K, capacity 12669K, committed 12712K, reserved 1048576K
Event: 8316.185 GC heap after
Heap after GC invocations=28 (full 3):
 PSYoungGen      total 140288K, used 37405K [0x00000000d5580000, 0x00000000e2080000, 0x0000000100000000)
  eden space 99328K, 0% used [0x00000000d5580000,0x00000000d5580000,0x00000000db680000)
  from space 40960K, 91% used [0x00000000db680000,0x00000000ddb076d8,0x00000000dde80000)
  to   space 46080K, 0% used [0x00000000df380000,0x00000000df380000,0x00000000e2080000)
 ParOldGen       total 139776K, used 39840K [0x0000000080000000, 0x0000000088880000, 0x00000000d5580000)
  object space 139776K, 28% used [0x0000000080000000,0x00000000826e8370,0x0000000088880000)
 Metaspace       used 89477K, capacity 93630K, committed 93864K, reserved 1130496K
  class space    used 11800K, capacity 12669K, committed 12712K, reserved 1048576K
}
Event: 8321.252 GC heap before
{Heap before GC invocations=29 (full 3):
 PSYoungGen      total 140288K, used 103266K [0x00000000d5580000, 0x00000000e2080000, 0x0000000100000000)
  eden space 99328K, 66% used [0x00000000d5580000,0x00000000d95d1288,0x00000000db680000)
  from space 40960K, 91% used [0x00000000db680000,0x00000000ddb076d8,0x00000000dde80000)
  to   space 46080K, 0% used [0x00000000df380000,0x00000000df380000,0x00000000e2080000)
 ParOldGen       total 139776K, used 39840K [0x0000000080000000, 0x0000000088880000, 0x00000000d5580000)
  object space 139776K, 28% used [0x0000000080000000,0x00000000826e8370,0x0000000088880000)
 Metaspace       used 93854K, capacity 98435K, committed 98600K, reserved 1134592K
  class space    used 12436K, capacity 13352K, committed 13352K, reserved 1048576K
Event: 8321.352 GC heap after
Heap after GC invocations=29 (full 3):
 PSYoungGen      total 157696K, used 37980K [0x00000000d5580000, 0x00000000e2980000, 0x0000000100000000)
  eden space 111616K, 0% used [0x00000000d5580000,0x00000000d5580000,0x00000000dc280000)
  from space 46080K, 82% used [0x00000000df380000,0x00000000e18971b8,0x00000000e2080000)
  to   space 50176K, 0% used [0x00000000dc280000,0x00000000dc280000,0x00000000df380000)
 ParOldGen       total 139776K, used 42996K [0x0000000080000000, 0x0000000088880000, 0x00000000d5580000)
  object space 139776K, 30% used [0x0000000080000000,0x00000000829fd3d0,0x0000000088880000)
 Metaspace       used 93854K, capacity 98435K, committed 98600K, reserved 1134592K
  class space    used 12436K, capacity 13352K, committed 13352K, reserved 1048576K
}
Event: 8321.352 GC heap before
{Heap before GC invocations=30 (full 4):
 PSYoungGen      total 157696K, used 37980K [0x00000000d5580000, 0x00000000e2980000, 0x0000000100000000)
  eden space 111616K, 0% used [0x00000000d5580000,0x00000000d5580000,0x00000000dc280000)
  from space 46080K, 82% used [0x00000000df380000,0x00000000e18971b8,0x00000000e2080000)
  to   space 50176K, 0% used [0x00000000dc280000,0x00000000dc280000,0x00000000df380000)
 ParOldGen       total 139776K, used 42996K [0x0000000080000000, 0x0000000088880000, 0x00000000d5580000)
  object space 139776K, 30% used [0x0000000080000000,0x00000000829fd3d0,0x0000000088880000)
 Metaspace       used 93854K, capacity 98435K, committed 98600K, reserved 1134592K
  class space    used 12436K, capacity 13352K, committed 13352K, reserved 1048576K

Deoptimization events (10 events):
Event: 8318.925 Thread 0x00000000203aa800 Uncommon trap: reason=class_check action=maybe_recompile pc=0x0000000003247718 method=java.util.function.Predicate.lambda$and$0(Ljava/util/function/Predicate;Ljava/lang/Object;)Z @ 12
Event: 8318.925 Thread 0x00000000203aa800 Uncommon trap: reason=class_check action=maybe_recompile pc=0x0000000003247718 method=java.util.function.Predicate.lambda$and$0(Ljava/util/function/Predicate;Ljava/lang/Object;)Z @ 12
Event: 8319.302 Thread 0x000000001a1a2800 Uncommon trap: reason=unstable_if action=reinterpret pc=0x000000000483169c method=java.nio.Bits.putInt(Ljava/nio/ByteBuffer;IIZ)V @ 1
Event: 8319.305 Thread 0x00000000203aa800 Uncommon trap: reason=class_check action=maybe_recompile pc=0x00000000039667d0 method=com.android.tools.build.apkzlib.zip.CentralDirectoryHeader.getCompressionInfoWithWait()Lcom/android/tools/build/apkzlib/zip/CentralDirectoryHeaderCompressInfo; @ 4
Event: 8319.305 Thread 0x00000000203aa800 Uncommon trap: reason=class_check action=maybe_recompile pc=0x00000000039667d0 method=com.android.tools.build.apkzlib.zip.CentralDirectoryHeader.getCompressionInfoWithWait()Lcom/android/tools/build/apkzlib/zip/CentralDirectoryHeaderCompressInfo; @ 4
Event: 8319.360 Thread 0x00000000203aa800 Uncommon trap: reason=class_check action=maybe_recompile pc=0x00000000039667d0 method=com.android.tools.build.apkzlib.zip.CentralDirectoryHeader.getCompressionInfoWithWait()Lcom/android/tools/build/apkzlib/zip/CentralDirectoryHeaderCompressInfo; @ 4
Event: 8319.367 Thread 0x00000000203aa800 Uncommon trap: reason=class_check action=maybe_recompile pc=0x00000000039667d0 method=com.android.tools.build.apkzlib.zip.CentralDirectoryHeader.getCompressionInfoWithWait()Lcom/android/tools/build/apkzlib/zip/CentralDirectoryHeaderCompressInfo; @ 4
Event: 8319.583 Thread 0x00000000203a8000 Uncommon trap: reason=unstable_if action=reinterpret pc=0x00000000031ca9a8 method=java.util.WeakHashMap.remove(Ljava/lang/Object;)Ljava/lang/Object; @ 94
Event: 8319.745 Thread 0x00000000203aa800 Uncommon trap: reason=unstable_if action=reinterpret pc=0x000000000469fbe0 method=java.io.ObjectOutputStream$BlockDataOutputStream.writeBytes(Ljava/lang/String;)V @ 22
Event: 8319.746 Thread 0x00000000203aa800 Uncommon trap: reason=unstable_if action=reinterpret pc=0x000000000325c078 method=java.io.ObjectOutputStream$BlockDataOutputStream.writeBytes(Ljava/lang/String;)V @ 22

Classes redefined (0 events):
No events

Internal exceptions (10 events):
Event: 8314.706 Thread 0x0000000019ecf800 Exception <a 'sun/nio/fs/WindowsException'> (0x00000000da5f7be0) thrown at [C:\src\AOSP-openjdk-git\hotspot\src\share\vm\prims\jni.cpp, line 710]
Event: 8314.756 Thread 0x0000000019ecf800 Exception <a 'java/lang/NoSuchMethodError': <clinit>> (0x00000000da63a188) thrown at [C:\src\AOSP-openjdk-git\hotspot\src\share\vm\prims\jni.cpp, line 1615]
Event: 8314.758 Thread 0x0000000019ecf800 Exception <a 'java/lang/NoSuchMethodError': <clinit>> (0x00000000da652748) thrown at [C:\src\AOSP-openjdk-git\hotspot\src\share\vm\prims\jni.cpp, line 1615]
Event: 8314.771 Thread 0x00000000203aa800 Exception <a 'sun/nio/fs/WindowsException'> (0x00000000da769bb0) thrown at [C:\src\AOSP-openjdk-git\hotspot\src\share\vm\prims\jni.cpp, line 710]
Event: 8315.041 Thread 0x00000000203aa800 Exception <a 'java/lang/NoSuchMethodError': java.lang.Object.lambda$asRunnable$0(Lcom/android/tools/build/apkzlib/utils/IOExceptionRunnable;)V> (0x00000000da7bc5f8) thrown at [C:\src\AOSP-openjdk-git\hotspot\src\share\vm\interpreter\linkResolver.cpp, line
Event: 8315.826 Thread 0x00000000203aa800 Exception <a 'java/lang/NoSuchMethodError': java.lang.Object.newSystemTemporaryDirectory()Lcom/android/tools/build/apkzlib/bytestorage/TemporaryDirectory;> (0x00000000db20a7c8) thrown at [C:\src\AOSP-openjdk-git\hotspot\src\share\vm\interpreter\linkResolv
Event: 8315.964 Thread 0x0000000019c5f800 Exception <a 'sun/nio/fs/WindowsException'> (0x00000000db378e20) thrown at [C:\src\AOSP-openjdk-git\hotspot\src\share\vm\prims\jni.cpp, line 710]
Event: 8316.722 Thread 0x0000000019c5f800 Exception <a 'java/lang/NoSuchMethodError': <clinit>> (0x00000000d59655f8) thrown at [C:\src\AOSP-openjdk-git\hotspot\src\share\vm\prims\jni.cpp, line 1615]
Event: 8316.972 Thread 0x00000000203a6800 Exception <a 'java/lang/NoSuchMethodError': java.lang.Object.lambda$static$0(Ljava/lang/String;)Z> (0x00000000d5de9b90) thrown at [C:\src\AOSP-openjdk-git\hotspot\src\share\vm\interpreter\linkResolver.cpp, line 620]
Event: 8317.499 Thread 0x000000001a1a2800 Exception <a 'sun/nio/fs/WindowsException'> (0x00000000d6361ab0) thrown at [C:\src\AOSP-openjdk-git\hotspot\src\share\vm\prims\jni.cpp, line 710]

Events (10 events):
Event: 8321.251 loading class com/android/tools/r8/utils/g0 done
Event: 8321.251 loading class com/android/tools/r8/utils/g0
Event: 8321.251 loading class com/android/tools/r8/utils/g0 done
Event: 8321.251 loading class com/android/tools/r8/u/c/b$h
Event: 8321.251 loading class com/android/tools/r8/u/c/b$h done
Event: 8321.251 loading class com/android/tools/r8/u/c/b$h
Event: 8321.251 loading class com/android/tools/r8/u/c/b$h done
Event: 8321.251 loading class com/android/tools/r8/u/c/b$h
Event: 8321.251 loading class com/android/tools/r8/u/c/b$h done
Event: 8321.251 Executing VM operation: CollectForMetadataAllocation


Dynamic libraries:
0x00007ff678ec0000 - 0x00007ff678ef1000 	C:\Program Files\Android\Android Studio\jre\bin\java.exe
0x00007ffbd1c10000 - 0x00007ffbd1e05000 	C:\WINDOWS\SYSTEM32\ntdll.dll
0x00007ffbcfd70000 - 0x00007ffbcfe2e000 	C:\WINDOWS\System32\KERNEL32.DLL
0x00007ffbcf6b0000 - 0x00007ffbcf978000 	C:\WINDOWS\System32\KERNELBASE.dll
0x00007ffbd1230000 - 0x00007ffbd12dc000 	C:\WINDOWS\System32\ADVAPI32.dll
0x00007ffbcffe0000 - 0x00007ffbd007e000 	C:\WINDOWS\System32\msvcrt.dll
0x00007ffbd0080000 - 0x00007ffbd011b000 	C:\WINDOWS\System32\sechost.dll
0x00007ffbd0f80000 - 0x00007ffbd10aa000 	C:\WINDOWS\System32\RPCRT4.dll
0x00007ffbcfe30000 - 0x00007ffbcffd1000 	C:\WINDOWS\System32\USER32.dll
0x00007ffbcf980000 - 0x00007ffbcf9a2000 	C:\WINDOWS\System32\win32u.dll
0x00007ffbd0f50000 - 0x00007ffbd0f7b000 	C:\WINDOWS\System32\GDI32.dll
0x00007ffbcf330000 - 0x00007ffbcf43b000 	C:\WINDOWS\System32\gdi32full.dll
0x00007ffbcfa60000 - 0x00007ffbcfafd000 	C:\WINDOWS\System32\msvcp_win.dll
0x00007ffbcf4d0000 - 0x00007ffbcf5d0000 	C:\WINDOWS\System32\ucrtbase.dll
0x00007ffbb8ba0000 - 0x00007ffbb8e3a000 	C:\WINDOWS\WinSxS\amd64_microsoft.windows.common-controls_6595b64144ccf1df_6.0.19041.1110_none_60b5254171f9507e\COMCTL32.dll
0x00007ffbd1120000 - 0x00007ffbd1150000 	C:\WINDOWS\System32\IMM32.DLL
0x000000006cf70000 - 0x000000006d042000 	C:\Program Files\Android\Android Studio\jre\jre\bin\msvcr100.dll
0x000000006c480000 - 0x000000006cccb000 	C:\Program Files\Android\Android Studio\jre\jre\bin\server\jvm.dll
0x00007ffbd1bb0000 - 0x00007ffbd1bb8000 	C:\WINDOWS\System32\PSAPI.DLL
0x00007ffbc22c0000 - 0x00007ffbc22e7000 	C:\WINDOWS\SYSTEM32\WINMM.dll
0x00007ffbcdaa0000 - 0x00007ffbcdaa9000 	C:\WINDOWS\SYSTEM32\WSOCK32.dll
0x00007ffbd10b0000 - 0x00007ffbd111b000 	C:\WINDOWS\System32\WS2_32.dll
0x00007ffbc2ed0000 - 0x00007ffbc2eda000 	C:\WINDOWS\SYSTEM32\VERSION.dll
0x00007ffbc8560000 - 0x00007ffbc856f000 	C:\Program Files\Android\Android Studio\jre\jre\bin\verify.dll
0x00007ffbc7070000 - 0x00007ffbc7099000 	C:\Program Files\Android\Android Studio\jre\jre\bin\java.dll
0x00007ffbc7050000 - 0x00007ffbc7066000 	C:\Program Files\Android\Android Studio\jre\jre\bin\zip.dll
0x00007ffbd0120000 - 0x00007ffbd085f000 	C:\WINDOWS\System32\SHELL32.dll
0x00007ffbcd2e0000 - 0x00007ffbcda70000 	C:\WINDOWS\SYSTEM32\windows.storage.dll
0x00007ffbd0860000 - 0x00007ffbd0bb5000 	C:\WINDOWS\System32\combase.dll
0x00007ffbcecb0000 - 0x00007ffbcecde000 	C:\WINDOWS\SYSTEM32\Wldp.dll
0x00007ffbd1880000 - 0x00007ffbd192d000 	C:\WINDOWS\System32\SHCORE.dll
0x00007ffbcfd10000 - 0x00007ffbcfd65000 	C:\WINDOWS\System32\shlwapi.dll
0x00007ffbcf270000 - 0x00007ffbcf28f000 	C:\WINDOWS\SYSTEM32\profapi.dll
0x00007ffbc7030000 - 0x00007ffbc704a000 	C:\Program Files\Android\Android Studio\jre\jre\bin\net.dll
0x00007ffbcea10000 - 0x00007ffbcea7a000 	C:\WINDOWS\system32\mswsock.dll
0x00007ffbc7010000 - 0x00007ffbc7023000 	C:\Program Files\Android\Android Studio\jre\jre\bin\nio.dll
0x00007ffbae260000 - 0x00007ffbae286000 	C:\Users\Elysian\.gradle\native\31\windows-amd64\native-platform.dll
0x00007ffbc80d0000 - 0x00007ffbc80dd000 	C:\Program Files\Android\Android Studio\jre\jre\bin\management.dll
0x00007ffbcec10000 - 0x00007ffbcec28000 	C:\WINDOWS\SYSTEM32\CRYPTSP.dll
0x00007ffbce390000 - 0x00007ffbce3c4000 	C:\WINDOWS\system32\rsaenh.dll
0x00007ffbcf4a0000 - 0x00007ffbcf4c7000 	C:\WINDOWS\System32\bcrypt.dll
0x00007ffbcf1e0000 - 0x00007ffbcf20e000 	C:\WINDOWS\SYSTEM32\USERENV.dll
0x00007ffbcf5d0000 - 0x00007ffbcf653000 	C:\WINDOWS\System32\bcryptprimitives.dll
0x00007ffbcec00000 - 0x00007ffbcec0c000 	C:\WINDOWS\SYSTEM32\CRYPTBASE.dll
0x00007ffbce700000 - 0x00007ffbce73b000 	C:\WINDOWS\SYSTEM32\IPHLPAPI.DLL
0x00007ffbd1bc0000 - 0x00007ffbd1bc8000 	C:\WINDOWS\System32\NSI.dll
0x00007ffbc72f0000 - 0x00007ffbc7307000 	C:\WINDOWS\SYSTEM32\dhcpcsvc6.DLL
0x00007ffbc7600000 - 0x00007ffbc761d000 	C:\WINDOWS\SYSTEM32\dhcpcsvc.DLL
0x00007ffbce740000 - 0x00007ffbce80b000 	C:\WINDOWS\SYSTEM32\DNSAPI.dll
0x00007ffbcc5a0000 - 0x00007ffbcc630000 	C:\WINDOWS\system32\apphelp.dll
0x00007ffbcd0f0000 - 0x00007ffbcd2d4000 	C:\WINDOWS\SYSTEM32\dbghelp.dll

VM Arguments:
jvm_args: -Xmx2048m -Dfile.encoding=windows-1252 -Duser.country=US -Duser.language=en -Duser.variant 
java_command: org.gradle.launcher.daemon.bootstrap.GradleDaemon 6.1.1
java_class_path (initial): C:\Users\Elysian\.gradle\wrapper\dists\gradle-6.1.1-all\cfmwm155h49vnt3hynmlrsdst\gradle-6.1.1\lib\gradle-launcher-6.1.1.jar
Launcher Type: SUN_STANDARD

Environment Variables:
JAVA_HOME=C:\\Program Files (x86)\\Java\\jdk1.8.0_202\\
CLASSPATH=.;
PATH=C:\Program Files\Eclipse Adoptium\jdk-11.0.13.8-hotspot\bin;C:\Program Files (x86)\Common Files\Oracle\Java\javapath;C:\Program Files (x86)\Common Files\Intel\Shared Libraries\redist\intel64\compiler;C:\ProgramData\Oracle\Java\javapath;C:\WINDOWS\system32;C:\WINDOWS;C:\WINDOWS\System32\Wbem;C:\WINDOWS\System32\WindowsPowerShell\v1.0\;C:\Program Files (x86)\NVIDIA Corporation\PhysX\Common;C:\Program Files\Intel\WiFi\bin\;C:\Program Files\Common Files\Intel\WirelessCommon\;C:\WINDOWS\system32;C:\WINDOWS;C:\WINDOWS\System32\Wbem;C:\WINDOWS\System32\WindowsPowerShell\v1.0\;C:\WINDOWS\System32\OpenSSH\;c:\altera\91\quartus\bin;C:\ProgramData\chocolatey\bin;C:\Program Files\Java\jdk1.8.0_211\bin;C:\Program Files\Git\cmd;C:\Program Files\nodejs\;C:\\Program Files (x86)\\Java\\jdk1.8.0_202\\\bin;C:\Program Files\apache-tomcat-10.0.8\bin;C:\Ruby26-x64\bin;C:\Users\Elysian\AppData\Local\Microsoft\WindowsApps;C:\Program Files\Intel\WiFi\bin\;C:\Program Files\Common Files\Intel\WirelessCommon\;C:\Users\Elysian\AppData\Local\Programs\Microsoft VS Code\bin;C:\Program Files\JetBrains\IntelliJ IDEA Community Edition 2019.3.3\bin;;C:\Users\Elysian\AppData\Local\Programs\MiKTeX\miktex\bin\x64\;C:\Exercism;C:\Users\Elysian\Documents\flutter\bin;C:\Users\Elysian\AppData\Local\Packages\PythonSoftwareFoundation.Python.3.9_qbz5n2kfra8p0\LocalCache\local-packages\Python39\Scripts;C:\Program Files\heroku\bin;C:\xampp\htdocs\irrigation\bin;C:\Users\Elysian\AppData\Roaming\npm;
USERNAME=Elysian
OS=Windows_NT
PROCESSOR_IDENTIFIER=Intel64 Family 6 Model 58 Stepping 9, GenuineIntel



---------------  S Y S T E M  ---------------

OS: Windows 10.0 , 64 bit Build 19041 (10.0.19041.1348)

CPU:total 4 (initial active 4) (2 cores per cpu, 2 threads per core) family 6 model 58 stepping 9, cmov, cx8, fxsr, mmx, sse, sse2, sse3, ssse3, sse4.1, sse4.2, popcnt, avx, aes, clmul, erms, ht, tsc, tscinvbit, tscinv

Memory: 4k page, physical 8271396k(209424k free), swap 13548868k(1697224k free)

vm_info: OpenJDK 64-Bit Server VM (25.242-b01) for windows-amd64 JRE (1.8.0_242-release-1644-b01), built by "builder" with MS VC++ 10.0 (VS2010)

time: Fri Nov 12 14:51:44 2021
timezone: Greenwich Standard Time
elapsed time: 8324 seconds (0d 2h 18m 44s)

