#
# A fatal error has been detected by the Java Runtime Environment:
#
#  EXCEPTION_ACCESS_VIOLATION (0xc0000005) at pc=0x00007fff06ea7c81, pid=16356, tid=15472
#
# JRE version: OpenJDK Runtime Environment (11.0.10) (build 11.0.10+0-b96-7249189)
# Java VM: OpenJDK 64-Bit Server VM (11.0.10+0-b96-7249189, mixed mode, tiered, compressed oops, g1 gc, windows-amd64)
# Problematic frame:
# V  [jvm.dll+0x357c81]
#
# No core dump will be written. Minidumps are not enabled by default on client versions of Windows
#
# If you would like to submit a bug report, please visit:
#   https://bugreport.java.com/bugreport/crash.jsp
#

---------------  S U M M A R Y ------------

Command Line: --add-opens=java.base/java.util=ALL-UNNAMED --add-opens=java.base/java.lang=ALL-UNNAMED --add-opens=java.base/java.lang.invoke=ALL-UNNAMED --add-opens=java.base/java.util=ALL-UNNAMED --add-opens=java.prefs/java.util.prefs=ALL-UNNAMED --add-opens=java.prefs/java.util.prefs=ALL-UNNAMED --add-opens=java.base/java.nio.charset=ALL-UNNAMED --add-opens=java.base/java.net=ALL-UNNAMED --add-opens=java.base/java.util.concurrent.atomic=ALL-UNNAMED -Xmx2048m -Dfile.encoding=windows-1252 -Duser.country=US -Duser.language=en -Duser.variant org.gradle.launcher.daemon.bootstrap.GradleDaemon 7.0.2

Host: Intel(R) Core(TM) i7-3537U CPU @ 2.00GHz, 4 cores, 7G,  Windows 10 , 64 bit Build 19041 (10.0.19041.1466)
Time: Mon Jan 17 09:19:49 2022 Greenwich Standard Time elapsed time: 136.942629 seconds (0d 0h 2m 16s)

---------------  T H R E A D  ---------------

Current thread (0x000001889a2d1800):  JavaThread "C2 CompilerThread0" daemon [_thread_in_native, id=15472, stack(0x000000250e400000,0x000000250e500000)]


Current CompileTask:
C2: 136942 11420       4       org.gradle.api.internal.artifacts.transform.ConsumerProvidedVariantFinder::matchAttributes (68 bytes)

Stack: [0x000000250e400000,0x000000250e500000],  sp=0x000000250e4fb7e0,  free space=1005k
Native frames: (J=compiled Java code, j=interpreted, Vv=VM code, C=native code)
V  [jvm.dll+0x357c81]
V  [jvm.dll+0x351577]
V  [jvm.dll+0x197e40]
V  [jvm.dll+0x1fb70e]
V  [jvm.dll+0x1fa7f4]
V  [jvm.dll+0x18354c]
V  [jvm.dll+0x208ee7]
V  [jvm.dll+0x207731]
V  [jvm.dll+0x6eb1cf]
V  [jvm.dll+0x6e3d45]
V  [jvm.dll+0x5ebe96]
C  [ucrtbase.dll+0x21bb2]
C  [KERNEL32.DLL+0x17034]
C  [ntdll.dll+0x52651]


siginfo: EXCEPTION_ACCESS_VIOLATION (0xc0000005), reading address 0x00007f7f07547c38


Register to memory mapping:

RIP=0x00007fff06ea7c81 jvm.dll
RAX=0x0 is NULL
RBX=0x000000250e4fb8c0 is pointing into the stack for thread: 0x000001889a2d1800
RCX=0x000001889bb70d20 points into unknown readable memory: 0x0000000000000000 | 00 00 00 00 00 00 00 00
RDX=0x00000188a0cf9050 points into unknown readable memory: 0x0000000000000019 | 19 00 00 00 00 00 00 00
RSP=0x000000250e4fb7e0 is pointing into the stack for thread: 0x000001889a2d1800
RBP=0x000000250e4fe360 is pointing into the stack for thread: 0x000001889a2d1800
RSI=0x0000000000000148 is an unknown value
RDI=0x0000000000000029 is an unknown value
R8 =0x000000000000002d is an unknown value
R9 =0x0000000000000008 is an unknown value
R10=0x000000000000002d is an unknown value
R11=0x000000250e4fb8c0 is pointing into the stack for thread: 0x000001889a2d1800
R12=0x000001889a2664e0 points into unknown readable memory: 0x000001889a2af5b0 | b0 f5 2a 9a 88 01 00 00
R13=0x00007fff07547c38 jvm.dll
R14=0x00007f7f07547c38 is an unknown value
R15=0x00000188a0cf9050 points into unknown readable memory: 0x0000000000000019 | 19 00 00 00 00 00 00 00


Registers:
RAX=0x0000000000000000, RBX=0x000000250e4fb8c0, RCX=0x000001889bb70d20, RDX=0x00000188a0cf9050
RSP=0x000000250e4fb7e0, RBP=0x000000250e4fe360, RSI=0x0000000000000148, RDI=0x0000000000000029
R8 =0x000000000000002d, R9 =0x0000000000000008, R10=0x000000000000002d, R11=0x000000250e4fb8c0
R12=0x000001889a2664e0, R13=0x00007fff07547c38, R14=0x00007f7f07547c38, R15=0x00000188a0cf9050
RIP=0x00007fff06ea7c81, EFLAGS=0x0000000000010246

Top of Stack: (sp=0x000000250e4fb7e0)
0x000000250e4fb7e0:   000001889bb710c8 000000000000002d
0x000000250e4fb7f0:   000000250e4fb8c0 00007fff06ea2c31
0x000000250e4fb800:   0000000000000003 0000000000000003
0x000000250e4fb810:   0000000000000000 000000250e4fb930
0x000000250e4fb820:   0000000000000003 00007fff06ea1577
0x000000250e4fb830:   0000000000000000 000000250e4fbe70
0x000000250e4fb840:   00000188a453d0a8 0000000000000001
0x000000250e4fb850:   000000250e4fb888 0000000000000000
0x000000250e4fb860:   0000002500000000 0000000300000000
0x000000250e4fb870:   0000000d00000000 0000000000000000
0x000000250e4fb880:   00000000fffffffe 0000000300000000
0x000000250e4fb890:   0000000e00000000 00007fff00000000
0x000000250e4fb8a0:   000005e900000002 0000018800000004
0x000000250e4fb8b0:   0000000000000000 00007fff80000000
0x000000250e4fb8c0:   0000018800000019 000001889bb71230
0x000000250e4fb8d0:   00000188a33c8d70 00007fff00000000 

Instructions: (pc=0x00007fff06ea7c81)
0x00007fff06ea7b81:   88 00 00 00 48 8b c6 48 f7 d0 48 8b b9 80 08 00
0x00007fff06ea7b91:   00 48 3b 47 18 73 12 4c 8d 05 21 69 48 00 48 8b
0x00007fff06ea7ba1:   d6 48 8b cf e8 46 52 d6 ff 48 8b 47 18 48 8d 0c
0x00007fff06ea7bb1:   30 48 3b 4f 20 76 10 45 33 c0 48 8b d6 48 8b cf
0x00007fff06ea7bc1:   e8 0a 4e d6 ff eb 04 48 89 4f 18 48 89 43 08 41
0x00007fff06ea7bd1:   b9 08 00 00 00 33 ff 39 bb 90 00 00 00 0f 86 d2
0x00007fff06ea7be1:   00 00 00 65 48 8b 04 25 58 00 00 00 4c 89 64 24
0x00007fff06ea7bf1:   50 4c 89 6c 24 58 4c 8d 2d 3a 00 6a 00 4c 89 74
0x00007fff06ea7c01:   24 60 4c 8d 24 e8 66 0f 1f 84 00 00 00 00 00 49
0x00007fff06ea7c11:   8b 47 08 48 8d 34 fd 00 00 00 00 4c 8b 34 06 4d
0x00007fff06ea7c21:   3b f5 75 0a 48 8b 43 08 4c 89 2c 06 eb 6a 49 8b
0x00007fff06ea7c31:   04 24 41 8b c9 48 8b 0c 01 48 8b 81 d0 04 00 00
0x00007fff06ea7c41:   48 8b a8 88 00 00 00 48 8b 8d 88 08 00 00 48 85
0x00007fff06ea7c51:   c9 75 12 e8 97 09 00 00 48 8b 8d 88 08 00 00 41
0x00007fff06ea7c61:   b9 08 00 00 00 48 8b 01 48 89 85 88 08 00 00 33
0x00007fff06ea7c71:   c0 48 89 01 48 89 41 08 48 89 41 10 48 89 41 18
0x00007fff06ea7c81:   41 0f 10 06 0f 11 01 41 0f 10 4e 10 0f 11 49 10
0x00007fff06ea7c91:   48 8b 43 08 48 89 0c 06 ff c7 3b bb 90 00 00 00
0x00007fff06ea7ca1:   0f 82 69 ff ff ff 4c 8b 74 24 60 4c 8b 6c 24 58
0x00007fff06ea7cb1:   4c 8b 64 24 50 48 8b c3 48 83 c4 20 41 5f 5f 5e
0x00007fff06ea7cc1:   5d 5b c3 cc cc cc cc cc cc cc cc cc cc cc cc 83
0x00007fff06ea7cd1:   3a 00 4c 8b c2 c7 41 08 08 00 00 00 75 16 33 d2
0x00007fff06ea7ce1:   c7 41 18 01 00 00 00 89 11 48 8b c1 c7 41 28 01
0x00007fff06ea7cf1:   00 00 00 c3 33 d2 48 89 11 89 51 18 41 8b 80 90
0x00007fff06ea7d01:   00 00 00 89 41 28 48 89 51 10 49 8b 40 08 48 89
0x00007fff06ea7d11:   41 20 48 8b c1 4c 89 41 30 c3 cc cc cc cc cc 48
0x00007fff06ea7d21:   83 ec 28 8b 51 08 4c 8b c9 83 fa 08 73 18 4c 8b
0x00007fff06ea7d31:   41 10 8b c2 41 83 3c 80 00 0f 85 0d 01 00 00 ff
0x00007fff06ea7d41:   c2 83 fa 08 72 ec 44 8b 51 18 48 89 5c 24 30 48
0x00007fff06ea7d51:   89 6c 24 38 48 89 74 24 40 48 89 7c 24 20 44 3b
0x00007fff06ea7d61:   51 28 0f 83 b9 00 00 00 8b 0d 0d ba 6d 00 48 8d
0x00007fff06ea7d71:   35 c2 fe 69 00 65 48 8b 04 25 58 00 00 00 bd 08 


Stack slot to memory mapping:
stack at sp + 0 slots: 0x000001889bb710c8 points into unknown readable memory: 0x000001889bb70e60 | 60 0e b7 9b 88 01 00 00
stack at sp + 1 slots: 0x000000000000002d is an unknown value
stack at sp + 2 slots: 0x000000250e4fb8c0 is pointing into the stack for thread: 0x000001889a2d1800
stack at sp + 3 slots: 0x00007fff06ea2c31 jvm.dll
stack at sp + 4 slots: 0x0000000000000003 is an unknown value
stack at sp + 5 slots: 0x0000000000000003 is an unknown value
stack at sp + 6 slots: 0x0 is NULL
stack at sp + 7 slots: 0x000000250e4fb930 is pointing into the stack for thread: 0x000001889a2d1800


---------------  P R O C E S S  ---------------

Threads class SMR info:
_java_thread_list=0x00000188a31340b0, length=51, elements={
0x00000188fbb40000, 0x000001889a2a2000, 0x000001889a2ad800, 0x000001889a2c2000,
0x000001889a2c4000, 0x000001889a2c5000, 0x000001889a2d1800, 0x000001889a2d4800,
0x000001889a2d7800, 0x000001889ad8c800, 0x000001889bed6800, 0x000001889d150000,
0x000001889c440800, 0x000001889bea8800, 0x000001889bafb800, 0x000001889bafc800,
0x000001889cd64800, 0x000001889cd65000, 0x000001889acd8800, 0x000001889acd7800,
0x000001889acd9800, 0x000001889acda000, 0x000001889acdb000, 0x000001889acd5000,
0x000001889acdb800, 0x000001889acd6000, 0x000001889c2d7000, 0x000001889c2d7800,
0x000001889c2d2000, 0x000001889c2d5000, 0x000001889c2d3800, 0x000001889c2dc000,
0x000001889c2dc800, 0x000001889c2dd800, 0x000001889c2de000, 0x000001889c2df000,
0x000001889c2d9800, 0x000001889c2e0000, 0x000001889c2da000, 0x000001889c2e0800,
0x000001889acd7000, 0x00000188a116d800, 0x00000188a1170000, 0x00000188a1171000,
0x00000188a116b800, 0x00000188a1172000, 0x00000188a116c000, 0x00000188a116d000,
0x00000188a1175000, 0x00000188a1178800, 0x00000188a1174800
}

Java Threads: ( => current thread )
  0x00000188fbb40000 JavaThread "main" [_thread_blocked, id=1212, stack(0x000000250d800000,0x000000250d900000)]
  0x000001889a2a2000 JavaThread "Reference Handler" daemon [_thread_blocked, id=13940, stack(0x000000250df00000,0x000000250e000000)]
  0x000001889a2ad800 JavaThread "Finalizer" daemon [_thread_blocked, id=2612, stack(0x000000250e000000,0x000000250e100000)]
  0x000001889a2c2000 JavaThread "Signal Dispatcher" daemon [_thread_blocked, id=2472, stack(0x000000250e100000,0x000000250e200000)]
  0x000001889a2c4000 JavaThread "Attach Listener" daemon [_thread_blocked, id=14916, stack(0x000000250e200000,0x000000250e300000)]
  0x000001889a2c5000 JavaThread "Service Thread" daemon [_thread_blocked, id=9724, stack(0x000000250e300000,0x000000250e400000)]
=>0x000001889a2d1800 JavaThread "C2 CompilerThread0" daemon [_thread_in_native, id=15472, stack(0x000000250e400000,0x000000250e500000)]
  0x000001889a2d4800 JavaThread "C1 CompilerThread0" daemon [_thread_blocked, id=15460, stack(0x000000250e500000,0x000000250e600000)]
  0x000001889a2d7800 JavaThread "Sweeper thread" daemon [_thread_blocked, id=6744, stack(0x000000250e600000,0x000000250e700000)]
  0x000001889ad8c800 JavaThread "Common-Cleaner" daemon [_thread_blocked, id=10544, stack(0x000000250e700000,0x000000250e800000)]
  0x000001889bed6800 JavaThread "Daemon health stats" [_thread_blocked, id=1328, stack(0x000000250ec00000,0x000000250ed00000)]
  0x000001889d150000 JavaThread "Incoming local TCP Connector on port 55423" [_thread_in_native, id=7964, stack(0x000000250e900000,0x000000250ea00000)]
  0x000001889c440800 JavaThread "Daemon periodic checks" [_thread_blocked, id=15532, stack(0x000000250ed00000,0x000000250ee00000)]
  0x000001889bea8800 JavaThread "Daemon" [_thread_blocked, id=13404, stack(0x000000250ee00000,0x000000250ef00000)]
  0x000001889bafb800 JavaThread "Handler for socket connection from /127.0.0.1:55423 to /127.0.0.1:55424" [_thread_in_native, id=3064, stack(0x000000250ef00000,0x000000250f000000)]
  0x000001889bafc800 JavaThread "Cancel handler" [_thread_blocked, id=5536, stack(0x000000250f000000,0x000000250f100000)]
  0x000001889cd64800 JavaThread "Daemon worker" [_thread_blocked, id=5180, stack(0x000000250f100000,0x000000250f200000)]
  0x000001889cd65000 JavaThread "Asynchronous log dispatcher for DefaultDaemonConnection: socket connection from /127.0.0.1:55423 to /127.0.0.1:55424" [_thread_blocked, id=10612, stack(0x000000250f200000,0x000000250f300000)]
  0x000001889acd8800 JavaThread "Daemon client event forwarder" [_thread_blocked, id=14616, stack(0x000000250f400000,0x000000250f500000)]
  0x000001889acd7800 JavaThread "Cache worker for file hash cache (C:\Users\Elysian\.gradle\caches\7.0.2\fileHashes)" [_thread_blocked, id=7632, stack(0x000000250f500000,0x000000250f600000)]
  0x000001889acd9800 JavaThread "File lock request listener" [_thread_in_native, id=10552, stack(0x000000250f600000,0x000000250f700000)]
  0x000001889acda000 JavaThread "Cache worker for journal cache (C:\Users\Elysian\.gradle\caches\journal-1)" [_thread_blocked, id=9116, stack(0x000000250f800000,0x000000250f900000)]
  0x000001889acdb000 JavaThread "Cache worker for file hash cache (C:\Users\Elysian\Desktop\Coding\myAndroid\.gradle\7.0.2\fileHashes)" [_thread_blocked, id=13600, stack(0x000000250f900000,0x000000250fa00000)]
  0x000001889acd5000 JavaThread "File watcher server" daemon [_thread_in_native, id=2256, stack(0x000000250fa00000,0x000000250fb00000)]
  0x000001889acdb800 JavaThread "File watcher consumer" daemon [_thread_blocked, id=3204, stack(0x000000250fb00000,0x000000250fc00000)]
  0x000001889acd6000 JavaThread "Cache worker for checksums cache (C:\Users\Elysian\Desktop\Coding\myAndroid\.gradle\checksums)" [_thread_blocked, id=1504, stack(0x000000250fc00000,0x000000250fd00000)]
  0x000001889c2d7000 JavaThread "Cache worker for cache directory md-supplier (C:\Users\Elysian\.gradle\caches\7.0.2\md-supplier)" [_thread_blocked, id=15724, stack(0x000000250fd00000,0x000000250fe00000)]
  0x000001889c2d7800 JavaThread "Cache worker for cache directory md-rule (C:\Users\Elysian\.gradle\caches\7.0.2\md-rule)" [_thread_blocked, id=14112, stack(0x000000250ff00000,0x0000002510000000)]
  0x000001889c2d2000 JavaThread "Cache worker for execution history cache (C:\Users\Elysian\.gradle\caches\7.0.2\executionHistory)" [_thread_blocked, id=6980, stack(0x000000250fe00000,0x000000250ff00000)]
  0x000001889c2d5000 JavaThread "jar transforms" [_thread_blocked, id=2884, stack(0x0000002510000000,0x0000002510100000)]
  0x000001889c2d3800 JavaThread "jar transforms Thread 2" [_thread_blocked, id=2456, stack(0x0000002510200000,0x0000002510300000)]
  0x000001889c2dc000 JavaThread "Cache worker for file content cache (C:\Users\Elysian\.gradle\caches\7.0.2\fileContent)" [_thread_blocked, id=12296, stack(0x0000002510100000,0x0000002510200000)]
  0x000001889c2dc800 JavaThread "Cache worker for dependencies-accessors (C:\Users\Elysian\Desktop\Coding\myAndroid\.gradle\7.0.2\dependencies-accessors)" [_thread_blocked, id=9804, stack(0x0000002510300000,0x0000002510400000)]
  0x000001889c2dd800 JavaThread "jar transforms Thread 3" [_thread_blocked, id=11592, stack(0x0000002510400000,0x0000002510500000)]
  0x000001889c2de000 JavaThread "Cache worker for Build Output Cleanup Cache (C:\Users\Elysian\Desktop\Coding\myAndroid\.gradle\buildOutputCleanup)" [_thread_blocked, id=12228, stack(0x0000002510500000,0x0000002510600000)]
  0x000001889c2df000 JavaThread "Build operations" [_thread_blocked, id=11500, stack(0x0000002510800000,0x0000002510900000)]
  0x000001889c2d9800 JavaThread "Build operations Thread 2" [_thread_blocked, id=10576, stack(0x0000002510900000,0x0000002510a00000)]
  0x000001889c2e0000 JavaThread "Build operations Thread 3" [_thread_blocked, id=8808, stack(0x0000002510a00000,0x0000002510b00000)]
  0x000001889c2da000 JavaThread "Build operations Thread 4" [_thread_blocked, id=11844, stack(0x0000002510b00000,0x0000002510c00000)]
  0x000001889c2e0800 JavaThread "jar transforms Thread 4" [_thread_blocked, id=9472, stack(0x000000250d500000,0x000000250d600000)]
  0x000001889acd7000 JavaThread "Memory manager" [_thread_blocked, id=15076, stack(0x000000250d600000,0x000000250d700000)]
  0x00000188a116d800 JavaThread "build event listener" [_thread_blocked, id=3776, stack(0x000000250f300000,0x000000250f400000)]
  0x00000188a1170000 JavaThread "Execution worker for ':'" [_thread_in_native, id=2220, stack(0x0000002510c00000,0x0000002510d00000)]
  0x00000188a1171000 JavaThread "Execution worker for ':' Thread 2" [_thread_blocked, id=4852, stack(0x0000002510d00000,0x0000002510e00000)]
  0x00000188a116b800 JavaThread "Execution worker for ':' Thread 3" [_thread_blocked, id=15712, stack(0x0000002510e00000,0x0000002510f00000)]
  0x00000188a1172000 JavaThread "Cache worker for execution history cache (C:\Users\Elysian\Desktop\Coding\myAndroid\.gradle\7.0.2\executionHistory)" [_thread_blocked, id=5996, stack(0x0000002510f00000,0x0000002511000000)]
  0x00000188a116c000 JavaThread "WorkerExecutor Queue" [_thread_blocked, id=7844, stack(0x0000002511100000,0x0000002511200000)]
  0x00000188a116d000 JavaThread "WorkerExecutor Queue Thread 2" [_thread_blocked, id=4912, stack(0x0000002511200000,0x0000002511300000)]
  0x00000188a1175000 JavaThread "WorkerExecutor Queue Thread 3" [_thread_in_native, id=3148, stack(0x0000002511300000,0x0000002511400000)]
  0x00000188a1178800 JavaThread "WorkerExecutor Queue Thread 4" [_thread_blocked, id=5880, stack(0x0000002511400000,0x0000002511500000)]
  0x00000188a1174800 JavaThread "C2 CompilerThread1" daemon [_thread_in_native, id=12376, stack(0x000000250d700000,0x000000250d800000)]

Other Threads:
  0x000001889a29e000 VMThread "VM Thread" [stack: 0x000000250de00000,0x000000250df00000] [id=2128]
  0x000001889ad9c000 WatcherThread [stack: 0x000000250e800000,0x000000250e900000] [id=1040]
  0x00000188fbb57800 GCTaskThread "GC Thread#0" [stack: 0x000000250d900000,0x000000250da00000] [id=1108]
  0x000001889b944800 GCTaskThread "GC Thread#1" [stack: 0x000000250ea00000,0x000000250eb00000] [id=15912]
  0x000001889b4d3000 GCTaskThread "GC Thread#2" [stack: 0x000000250eb00000,0x000000250ec00000] [id=6760]
  0x000001889b429000 GCTaskThread "GC Thread#3" [stack: 0x000000250f700000,0x000000250f800000] [id=2840]
  0x00000188fbb8c000 ConcurrentGCThread "G1 Main Marker" [stack: 0x000000250da00000,0x000000250db00000] [id=15652]
  0x00000188fbb8d000 ConcurrentGCThread "G1 Conc#0" [stack: 0x000000250db00000,0x000000250dc00000] [id=15480]
  0x000001889a100800 ConcurrentGCThread "G1 Refine#0" [stack: 0x000000250dc00000,0x000000250dd00000] [id=15928]
  0x000001889dbe8000 ConcurrentGCThread "G1 Refine#1" [stack: 0x0000002511000000,0x0000002511100000] [id=3128]
  0x000001889a101800 ConcurrentGCThread "G1 Young RemSet Sampling" [stack: 0x000000250dd00000,0x000000250de00000] [id=12592]

Threads with active compile tasks:
C2 CompilerThread0 137140 11420       4       org.gradle.api.internal.artifacts.transform.ConsumerProvidedVariantFinder::matchAttributes (68 bytes)
C2 CompilerThread1 137140 11459       4       com.google.common.collect.ImmutableSortedMap$Builder::build (229 bytes)

VM state:not at safepoint (normal execution)

VM Mutex/Monitor currently owned by a thread: None

Heap address: 0x0000000080000000, size: 2048 MB, Compressed Oops mode: 32-bit
Narrow klass base: 0x0000000000000000, Narrow klass shift: 3
Compressed class space size: 1073741824 Address: 0x0000000100000000

Heap:
 garbage-first heap   total 131072K, used 87461K [0x0000000080000000, 0x0000000100000000)
  region size 1024K, 14 young (14336K), 1 survivors (1024K)
 Metaspace       used 87687K, capacity 89965K, committed 90108K, reserved 1128448K
  class space    used 11059K, capacity 11851K, committed 11904K, reserved 1048576K
Heap Regions: E=young(eden), S=young(survivor), O=old, HS=humongous(starts), HC=humongous(continues), CS=collection set, F=free, A=archive, TAMS=top-at-mark-start (previous, next)
|   0|0x0000000080000000, 0x0000000080100000, 0x0000000080100000|100%| O|  |TAMS 0x0000000080100000, 0x0000000080000000| Untracked 
|   1|0x0000000080100000, 0x0000000080200000, 0x0000000080200000|100%| O|  |TAMS 0x0000000080200000, 0x0000000080100000| Untracked 
|   2|0x0000000080200000, 0x0000000080300000, 0x0000000080300000|100%| O|  |TAMS 0x0000000080300000, 0x0000000080200000| Untracked 
|   3|0x0000000080300000, 0x0000000080400000, 0x0000000080400000|100%|HS|  |TAMS 0x0000000080400000, 0x0000000080300000| Complete 
|   4|0x0000000080400000, 0x0000000080500000, 0x0000000080500000|100%|HC|  |TAMS 0x0000000080500000, 0x0000000080400000| Complete 
|   5|0x0000000080500000, 0x0000000080600000, 0x0000000080600000|100%|HC|  |TAMS 0x0000000080600000, 0x0000000080500000| Complete 
|   6|0x0000000080600000, 0x0000000080700000, 0x0000000080700000|100%| O|  |TAMS 0x0000000080700000, 0x0000000080600000| Untracked 
|   7|0x0000000080700000, 0x0000000080800000, 0x0000000080800000|100%| O|  |TAMS 0x0000000080800000, 0x0000000080700000| Untracked 
|   8|0x0000000080800000, 0x0000000080900000, 0x0000000080900000|100%| O|  |TAMS 0x0000000080900000, 0x0000000080800000| Untracked 
|   9|0x0000000080900000, 0x0000000080a00000, 0x0000000080a00000|100%| O|  |TAMS 0x0000000080a00000, 0x0000000080900000| Untracked 
|  10|0x0000000080a00000, 0x0000000080b00000, 0x0000000080b00000|100%| O|  |TAMS 0x0000000080b00000, 0x0000000080a00000| Untracked 
|  11|0x0000000080b00000, 0x0000000080c00000, 0x0000000080c00000|100%| O|  |TAMS 0x0000000080c00000, 0x0000000080b00000| Untracked 
|  12|0x0000000080c00000, 0x0000000080d00000, 0x0000000080d00000|100%| O|  |TAMS 0x0000000080d00000, 0x0000000080c00000| Untracked 
|  13|0x0000000080d00000, 0x0000000080e00000, 0x0000000080e00000|100%| O|  |TAMS 0x0000000080e00000, 0x0000000080d00000| Untracked 
|  14|0x0000000080e00000, 0x0000000080f00000, 0x0000000080f00000|100%| O|  |TAMS 0x0000000080f00000, 0x0000000080e00000| Untracked 
|  15|0x0000000080f00000, 0x0000000081000000, 0x0000000081000000|100%| O|  |TAMS 0x0000000081000000, 0x0000000080f00000| Untracked 
|  16|0x0000000081000000, 0x0000000081100000, 0x0000000081100000|100%| O|  |TAMS 0x0000000081100000, 0x0000000081000000| Untracked 
|  17|0x0000000081100000, 0x0000000081200000, 0x0000000081200000|100%| O|  |TAMS 0x0000000081200000, 0x0000000081100000| Untracked 
|  18|0x0000000081200000, 0x0000000081300000, 0x0000000081300000|100%| O|  |TAMS 0x0000000081300000, 0x0000000081200000| Untracked 
|  19|0x0000000081300000, 0x0000000081400000, 0x0000000081400000|100%|HS|  |TAMS 0x0000000081400000, 0x0000000081300000| Complete 
|  20|0x0000000081400000, 0x0000000081500000, 0x0000000081500000|100%| O|  |TAMS 0x0000000081500000, 0x0000000081400000| Untracked 
|  21|0x0000000081500000, 0x0000000081600000, 0x0000000081600000|100%| O|  |TAMS 0x0000000081600000, 0x0000000081500000| Untracked 
|  22|0x0000000081600000, 0x0000000081700000, 0x0000000081700000|100%| O|  |TAMS 0x0000000081700000, 0x0000000081600000| Untracked 
|  23|0x0000000081700000, 0x0000000081800000, 0x0000000081800000|100%|HS|  |TAMS 0x0000000081800000, 0x0000000081700000| Complete 
|  24|0x0000000081800000, 0x0000000081900000, 0x0000000081900000|100%|HS|  |TAMS 0x0000000081900000, 0x0000000081800000| Complete 
|  25|0x0000000081900000, 0x0000000081a00000, 0x0000000081a00000|100%|HC|  |TAMS 0x0000000081a00000, 0x0000000081900000| Complete 
|  26|0x0000000081a00000, 0x0000000081b00000, 0x0000000081b00000|100%| O|  |TAMS 0x0000000081b00000, 0x0000000081a00000| Untracked 
|  27|0x0000000081b00000, 0x0000000081c00000, 0x0000000081c00000|100%| O|  |TAMS 0x0000000081c00000, 0x0000000081b00000| Untracked 
|  28|0x0000000081c00000, 0x0000000081d00000, 0x0000000081d00000|100%| O|  |TAMS 0x0000000081d00000, 0x0000000081c00000| Untracked 
|  29|0x0000000081d00000, 0x0000000081e00000, 0x0000000081e00000|100%| O|  |TAMS 0x0000000081e00000, 0x0000000081d00000| Untracked 
|  30|0x0000000081e00000, 0x0000000081f00000, 0x0000000081f00000|100%| O|  |TAMS 0x0000000081f00000, 0x0000000081e00000| Untracked 
|  31|0x0000000081f00000, 0x0000000082000000, 0x0000000082000000|100%| O|  |TAMS 0x0000000082000000, 0x0000000081f00000| Untracked 
|  32|0x0000000082000000, 0x0000000082100000, 0x0000000082100000|100%| O|  |TAMS 0x0000000082100000, 0x0000000082000000| Untracked 
|  33|0x0000000082100000, 0x0000000082200000, 0x0000000082200000|100%| O|  |TAMS 0x0000000082200000, 0x0000000082100000| Untracked 
|  34|0x0000000082200000, 0x0000000082300000, 0x0000000082300000|100%| O|  |TAMS 0x0000000082300000, 0x0000000082200000| Untracked 
|  35|0x0000000082300000, 0x0000000082400000, 0x0000000082400000|100%| O|  |TAMS 0x0000000082400000, 0x0000000082300000| Untracked 
|  36|0x0000000082400000, 0x0000000082500000, 0x0000000082500000|100%| O|  |TAMS 0x0000000082500000, 0x0000000082400000| Untracked 
|  37|0x0000000082500000, 0x0000000082600000, 0x0000000082600000|100%| O|  |TAMS 0x0000000082600000, 0x0000000082500000| Untracked 
|  38|0x0000000082600000, 0x0000000082700000, 0x0000000082700000|100%| O|  |TAMS 0x0000000082700000, 0x0000000082600000| Untracked 
|  39|0x0000000082700000, 0x0000000082800000, 0x0000000082800000|100%| O|  |TAMS 0x0000000082800000, 0x0000000082700000| Untracked 
|  40|0x0000000082800000, 0x0000000082800000, 0x0000000082900000|  0%| F|  |TAMS 0x0000000082800000, 0x0000000082800000| Untracked 
|  41|0x0000000082900000, 0x0000000082a00000, 0x0000000082a00000|100%| O|  |TAMS 0x0000000082a00000, 0x0000000082900000| Untracked 
|  42|0x0000000082a00000, 0x0000000082b00000, 0x0000000082b00000|100%| O|  |TAMS 0x0000000082b00000, 0x0000000082a00000| Untracked 
|  43|0x0000000082b00000, 0x0000000082c00000, 0x0000000082c00000|100%| O|  |TAMS 0x0000000082c00000, 0x0000000082b00000| Untracked 
|  44|0x0000000082c00000, 0x0000000082d00000, 0x0000000082d00000|100%| O|  |TAMS 0x0000000082d00000, 0x0000000082c00000| Untracked 
|  45|0x0000000082d00000, 0x0000000082e00000, 0x0000000082e00000|100%| O|  |TAMS 0x0000000082e00000, 0x0000000082d00000| Untracked 
|  46|0x0000000082e00000, 0x0000000082f00000, 0x0000000082f00000|100%| O|  |TAMS 0x0000000082f00000, 0x0000000082e00000| Untracked 
|  47|0x0000000082f00000, 0x0000000083000000, 0x0000000083000000|100%| O|  |TAMS 0x0000000083000000, 0x0000000082f00000| Untracked 
|  48|0x0000000083000000, 0x0000000083100000, 0x0000000083100000|100%| O|  |TAMS 0x0000000083100000, 0x0000000083000000| Untracked 
|  49|0x0000000083100000, 0x0000000083200000, 0x0000000083200000|100%| O|  |TAMS 0x0000000083200000, 0x0000000083100000| Untracked 
|  50|0x0000000083200000, 0x0000000083300000, 0x0000000083300000|100%| O|  |TAMS 0x0000000083300000, 0x0000000083200000| Untracked 
|  51|0x0000000083300000, 0x0000000083400000, 0x0000000083400000|100%| O|  |TAMS 0x0000000083400000, 0x0000000083300000| Untracked 
|  52|0x0000000083400000, 0x0000000083500000, 0x0000000083500000|100%| O|  |TAMS 0x0000000083500000, 0x0000000083400000| Untracked 
|  53|0x0000000083500000, 0x0000000083600000, 0x0000000083600000|100%| O|  |TAMS 0x0000000083600000, 0x0000000083500000| Untracked 
|  54|0x0000000083600000, 0x0000000083700000, 0x0000000083700000|100%| O|  |TAMS 0x0000000083700000, 0x0000000083600000| Untracked 
|  55|0x0000000083700000, 0x0000000083800000, 0x0000000083800000|100%| O|  |TAMS 0x0000000083700000, 0x0000000083700000| Untracked 
|  56|0x0000000083800000, 0x0000000083900000, 0x0000000083900000|100%| O|  |TAMS 0x0000000083800000, 0x0000000083800000| Untracked 
|  57|0x0000000083900000, 0x0000000083a00000, 0x0000000083a00000|100%| O|  |TAMS 0x0000000083a00000, 0x0000000083900000| Untracked 
|  58|0x0000000083a00000, 0x0000000083a00000, 0x0000000083b00000|  0%| F|  |TAMS 0x0000000083a00000, 0x0000000083a00000| Untracked 
|  59|0x0000000083b00000, 0x0000000083c00000, 0x0000000083c00000|100%| O|  |TAMS 0x0000000083c00000, 0x0000000083b00000| Untracked 
|  60|0x0000000083c00000, 0x0000000083d00000, 0x0000000083d00000|100%| O|  |TAMS 0x0000000083d00000, 0x0000000083c00000| Untracked 
|  61|0x0000000083d00000, 0x0000000083e00000, 0x0000000083e00000|100%| O|  |TAMS 0x0000000083e00000, 0x0000000083d00000| Untracked 
|  62|0x0000000083e00000, 0x0000000083f00000, 0x0000000083f00000|100%| O|  |TAMS 0x0000000083e00000, 0x0000000083e00000| Untracked 
|  63|0x0000000083f00000, 0x0000000084000000, 0x0000000084000000|100%| O|  |TAMS 0x0000000083f00000, 0x0000000083f00000| Untracked 
|  64|0x0000000084000000, 0x00000000840fc400, 0x0000000084100000| 98%| O|  |TAMS 0x0000000084000000, 0x0000000084000000| Untracked 
|  65|0x0000000084100000, 0x0000000084100000, 0x0000000084200000|  0%| F|  |TAMS 0x0000000084100000, 0x0000000084100000| Untracked 
|  66|0x0000000084200000, 0x0000000084300000, 0x0000000084300000|100%| O|  |TAMS 0x0000000084300000, 0x0000000084200000| Untracked 
|  67|0x0000000084300000, 0x0000000084400000, 0x0000000084400000|100%| O|  |TAMS 0x0000000084400000, 0x0000000084300000| Untracked 
|  68|0x0000000084400000, 0x0000000084500000, 0x0000000084500000|100%| O|  |TAMS 0x0000000084500000, 0x0000000084400000| Untracked 
|  69|0x0000000084500000, 0x0000000084600000, 0x0000000084600000|100%| O|  |TAMS 0x0000000084600000, 0x0000000084500000| Untracked 
|  70|0x0000000084600000, 0x0000000084700000, 0x0000000084700000|100%| O|  |TAMS 0x0000000084700000, 0x0000000084600000| Untracked 
|  71|0x0000000084700000, 0x0000000084700000, 0x0000000084800000|  0%| F|  |TAMS 0x0000000084700000, 0x0000000084700000| Untracked 
|  72|0x0000000084800000, 0x0000000084900000, 0x0000000084900000|100%| O|  |TAMS 0x0000000084900000, 0x0000000084800000| Untracked 
|  73|0x0000000084900000, 0x0000000084a00000, 0x0000000084a00000|100%| O|  |TAMS 0x0000000084a00000, 0x0000000084900000| Untracked 
|  74|0x0000000084a00000, 0x0000000084a00000, 0x0000000084b00000|  0%| F|  |TAMS 0x0000000084a00000, 0x0000000084a00000| Untracked 
|  75|0x0000000084b00000, 0x0000000084c00000, 0x0000000084c00000|100%| O|  |TAMS 0x0000000084c00000, 0x0000000084b00000| Untracked 
|  76|0x0000000084c00000, 0x0000000084d00000, 0x0000000084d00000|100%| O|  |TAMS 0x0000000084d00000, 0x0000000084c00000| Untracked 
|  77|0x0000000084d00000, 0x0000000084e00000, 0x0000000084e00000|100%| O|  |TAMS 0x0000000084dae000, 0x0000000084d00000| Untracked 
|  78|0x0000000084e00000, 0x0000000084e00000, 0x0000000084f00000|  0%| F|  |TAMS 0x0000000084e00000, 0x0000000084e00000| Untracked 
|  79|0x0000000084f00000, 0x0000000085000000, 0x0000000085000000|100%| O|  |TAMS 0x0000000085000000, 0x0000000084f00000| Untracked 
|  80|0x0000000085000000, 0x0000000085000000, 0x0000000085100000|  0%| F|  |TAMS 0x0000000085000000, 0x0000000085000000| Untracked 
|  81|0x0000000085100000, 0x0000000085100000, 0x0000000085200000|  0%| F|  |TAMS 0x0000000085100000, 0x0000000085100000| Untracked 
|  82|0x0000000085200000, 0x0000000085200000, 0x0000000085300000|  0%| F|  |TAMS 0x0000000085200000, 0x0000000085200000| Untracked 
|  83|0x0000000085300000, 0x0000000085300000, 0x0000000085400000|  0%| F|  |TAMS 0x0000000085300000, 0x0000000085300000| Untracked 
|  84|0x0000000085400000, 0x0000000085400000, 0x0000000085500000|  0%| F|  |TAMS 0x0000000085400000, 0x0000000085400000| Untracked 
|  85|0x0000000085500000, 0x0000000085500000, 0x0000000085600000|  0%| F|  |TAMS 0x0000000085500000, 0x0000000085500000| Untracked 
|  86|0x0000000085600000, 0x0000000085600000, 0x0000000085700000|  0%| F|  |TAMS 0x0000000085600000, 0x0000000085600000| Untracked 
|  87|0x0000000085700000, 0x0000000085700000, 0x0000000085800000|  0%| F|  |TAMS 0x0000000085700000, 0x0000000085700000| Untracked 
|  88|0x0000000085800000, 0x0000000085800000, 0x0000000085900000|  0%| F|  |TAMS 0x0000000085800000, 0x0000000085800000| Untracked 
|  89|0x0000000085900000, 0x0000000085900000, 0x0000000085a00000|  0%| F|  |TAMS 0x0000000085900000, 0x0000000085900000| Untracked 
|  90|0x0000000085a00000, 0x0000000085a00000, 0x0000000085b00000|  0%| F|  |TAMS 0x0000000085a00000, 0x0000000085a00000| Untracked 
|  91|0x0000000085b00000, 0x0000000085b00000, 0x0000000085c00000|  0%| F|  |TAMS 0x0000000085b00000, 0x0000000085b00000| Untracked 
|  92|0x0000000085c00000, 0x0000000085c00000, 0x0000000085d00000|  0%| F|  |TAMS 0x0000000085c00000, 0x0000000085c00000| Untracked 
|  93|0x0000000085d00000, 0x0000000085d00000, 0x0000000085e00000|  0%| F|  |TAMS 0x0000000085d00000, 0x0000000085d00000| Untracked 
|  94|0x0000000085e00000, 0x0000000085e00000, 0x0000000085f00000|  0%| F|  |TAMS 0x0000000085e00000, 0x0000000085e00000| Untracked 
|  95|0x0000000085f00000, 0x0000000085f00000, 0x0000000086000000|  0%| F|  |TAMS 0x0000000085f00000, 0x0000000085f00000| Untracked 
|  96|0x0000000086000000, 0x0000000086000000, 0x0000000086100000|  0%| F|  |TAMS 0x0000000086000000, 0x0000000086000000| Untracked 
|  97|0x0000000086100000, 0x0000000086100000, 0x0000000086200000|  0%| F|  |TAMS 0x0000000086100000, 0x0000000086100000| Untracked 
|  98|0x0000000086200000, 0x0000000086200000, 0x0000000086300000|  0%| F|  |TAMS 0x0000000086200000, 0x0000000086200000| Untracked 
|  99|0x0000000086300000, 0x0000000086300000, 0x0000000086400000|  0%| F|  |TAMS 0x0000000086300000, 0x0000000086300000| Untracked 
| 100|0x0000000086400000, 0x0000000086400000, 0x0000000086500000|  0%| F|  |TAMS 0x0000000086400000, 0x0000000086400000| Untracked 
| 101|0x0000000086500000, 0x0000000086500000, 0x0000000086600000|  0%| F|  |TAMS 0x0000000086500000, 0x0000000086500000| Untracked 
| 102|0x0000000086600000, 0x0000000086600000, 0x0000000086700000|  0%| F|  |TAMS 0x0000000086600000, 0x0000000086600000| Untracked 
| 103|0x0000000086700000, 0x0000000086700000, 0x0000000086800000|  0%| F|  |TAMS 0x0000000086700000, 0x0000000086700000| Untracked 
| 104|0x0000000086800000, 0x0000000086800000, 0x0000000086900000|  0%| F|  |TAMS 0x0000000086800000, 0x0000000086800000| Untracked 
| 105|0x0000000086900000, 0x0000000086900000, 0x0000000086a00000|  0%| F|  |TAMS 0x0000000086900000, 0x0000000086900000| Untracked 
| 106|0x0000000086a00000, 0x0000000086a00000, 0x0000000086b00000|  0%| F|  |TAMS 0x0000000086a00000, 0x0000000086a00000| Untracked 
| 107|0x0000000086b00000, 0x0000000086b00000, 0x0000000086c00000|  0%| F|  |TAMS 0x0000000086b00000, 0x0000000086b00000| Untracked 
| 108|0x0000000086c00000, 0x0000000086c00000, 0x0000000086d00000|  0%| F|  |TAMS 0x0000000086c00000, 0x0000000086c00000| Untracked 
| 109|0x0000000086d00000, 0x0000000086d00000, 0x0000000086e00000|  0%| F|  |TAMS 0x0000000086d00000, 0x0000000086d00000| Untracked 
| 110|0x0000000086e00000, 0x0000000086e00000, 0x0000000086f00000|  0%| F|  |TAMS 0x0000000086e00000, 0x0000000086e00000| Untracked 
| 111|0x0000000086f00000, 0x0000000086f00000, 0x0000000087000000|  0%| F|  |TAMS 0x0000000086f00000, 0x0000000086f00000| Untracked 
| 112|0x0000000087000000, 0x0000000087000000, 0x0000000087100000|  0%| F|  |TAMS 0x0000000087000000, 0x0000000087000000| Untracked 
| 113|0x0000000087100000, 0x0000000087100000, 0x0000000087200000|  0%| F|  |TAMS 0x0000000087100000, 0x0000000087100000| Untracked 
| 114|0x0000000087200000, 0x00000000872819f0, 0x0000000087300000| 50%| E|  |TAMS 0x0000000087200000, 0x0000000087200000| Complete 
| 115|0x0000000087300000, 0x0000000087400000, 0x0000000087400000|100%| E|CS|TAMS 0x0000000087300000, 0x0000000087300000| Complete 
| 116|0x0000000087400000, 0x0000000087500000, 0x0000000087500000|100%| E|CS|TAMS 0x0000000087400000, 0x0000000087400000| Complete 
| 117|0x0000000087500000, 0x0000000087600000, 0x0000000087600000|100%| E|CS|TAMS 0x0000000087500000, 0x0000000087500000| Complete 
| 118|0x0000000087600000, 0x0000000087700000, 0x0000000087700000|100%| E|  |TAMS 0x0000000087600000, 0x0000000087600000| Complete 
| 119|0x0000000087700000, 0x0000000087800000, 0x0000000087800000|100%| E|CS|TAMS 0x0000000087700000, 0x0000000087700000| Complete 
| 120|0x0000000087800000, 0x0000000087900000, 0x0000000087900000|100%| E|CS|TAMS 0x0000000087800000, 0x0000000087800000| Complete 
| 121|0x0000000087900000, 0x0000000087a00000, 0x0000000087a00000|100%| E|CS|TAMS 0x0000000087900000, 0x0000000087900000| Complete 
| 122|0x0000000087a00000, 0x0000000087b00000, 0x0000000087b00000|100%| E|CS|TAMS 0x0000000087a00000, 0x0000000087a00000| Complete 
| 123|0x0000000087b00000, 0x0000000087b6d308, 0x0000000087c00000| 42%| S|CS|TAMS 0x0000000087b00000, 0x0000000087b00000| Complete 
| 124|0x0000000087c00000, 0x0000000087d00000, 0x0000000087d00000|100%| E|CS|TAMS 0x0000000087c00000, 0x0000000087c00000| Complete 
| 125|0x0000000087d00000, 0x0000000087e00000, 0x0000000087e00000|100%| E|CS|TAMS 0x0000000087d00000, 0x0000000087d00000| Complete 
| 126|0x0000000087e00000, 0x0000000087f00000, 0x0000000087f00000|100%| E|CS|TAMS 0x0000000087e00000, 0x0000000087e00000| Complete 
| 127|0x0000000087f00000, 0x0000000088000000, 0x0000000088000000|100%| E|CS|TAMS 0x0000000087f00000, 0x0000000087f00000| Complete 

Card table byte_map: [0x0000018893460000,0x0000018893860000] _byte_map_base: 0x0000018893060000

Marking Bits (Prev, Next): (CMBitMap*) 0x00000188fbb83308, (CMBitMap*) 0x00000188fbb83340
 Prev Bits: [0x0000018893c60000, 0x0000018895c60000)
 Next Bits: [0x0000018895c60000, 0x0000018897c60000)

Polling page: 0x0000018880000000

Metaspace:

Usage:
  Non-class:     76.28 MB capacity,    74.83 MB ( 98%) used,     1.22 MB (  2%) free+waste,   237.81 KB ( <1%) overhead. 
      Class:     11.57 MB capacity,    10.80 MB ( 93%) used,   684.88 KB (  6%) free+waste,   105.63 KB ( <1%) overhead. 
       Both:     87.86 MB capacity,    85.63 MB ( 97%) used,     1.89 MB (  2%) free+waste,   343.44 KB ( <1%) overhead. 

Virtual space:
  Non-class space:       78.00 MB reserved,      76.37 MB ( 98%) committed 
      Class space:        1.00 GB reserved,      11.63 MB (  1%) committed 
             Both:        1.08 GB reserved,      88.00 MB (  8%) committed 

Chunk freelists:
   Non-Class:  26.00 KB
       Class:  21.00 KB
        Both:  47.00 KB

MaxMetaspaceSize: 17179869184.00 GB
CompressedClassSpaceSize: 1.00 GB

CodeHeap 'non-profiled nmethods': size=120064Kb used=7582Kb max_used=7582Kb free=112481Kb
 bounds [0x000001888b4f0000, 0x000001888bc60000, 0x0000018892a30000]
CodeHeap 'profiled nmethods': size=120000Kb used=25345Kb max_used=25345Kb free=94654Kb
 bounds [0x0000018883fc0000, 0x0000018885890000, 0x000001888b4f0000]
CodeHeap 'non-nmethods': size=5696Kb used=2282Kb max_used=2349Kb free=3413Kb
 bounds [0x0000018883a30000, 0x0000018883ca0000, 0x0000018883fc0000]
 total_blobs=12260 nmethods=11377 adapters=794
 compilation: enabled
              stopped_count=0, restarted_count=0
 full_count=0

Compilation events (20 events):
Event: 136.264 Thread 0x00000188a1174800 11441       4       jdk.internal.misc.Unsafe::checkOffset (32 bytes)
Event: 136.264 Thread 0x00000188a1174800 nmethod 11441 0x000001888bc51490 code [0x000001888bc51620, 0x000001888bc516b8]
Event: 136.274 Thread 0x00000188a1174800 11442       4       org.gradle.internal.event.DefaultListenerManager$EventBroadcast$ListenerDispatch::dispatch (9 bytes)
Event: 136.276 Thread 0x00000188a1174800 nmethod 11442 0x000001888bc51790 code [0x000001888bc51940, 0x000001888bc519e8]
Event: 136.310 Thread 0x00000188a1174800 11443       4       org.gradle.internal.operations.DefaultBuildOperationListenerManager$1::started (47 bytes)
Event: 136.315 Thread 0x00000188a1174800 nmethod 11443 0x000001888bc51b10 code [0x000001888bc51ce0, 0x000001888bc51f88]
Event: 136.315 Thread 0x00000188a1174800 11444       4       com.google.common.collect.ImmutableSortedMap$Builder::<init> (32 bytes)
Event: 136.327 Thread 0x00000188a1174800 nmethod 11444 0x000001888bc52310 code [0x000001888bc524c0, 0x000001888bc52ad8]
Event: 136.329 Thread 0x00000188a1174800 11445   !   4       org.gradle.internal.concurrent.ExecutorPolicy$CatchAndRecordFailures::onExecute (29 bytes)
Event: 136.331 Thread 0x00000188a1174800 nmethod 11445 0x000001888bc52c90 code [0x000001888bc52e40, 0x000001888bc52f98]
Event: 136.369 Thread 0x00000188a1174800 11446       4       com.google.common.collect.CompactHashMap::resizeMeMaybe (39 bytes)
Event: 136.371 Thread 0x00000188a1174800 nmethod 11446 0x000001888bc53110 code [0x000001888bc532c0, 0x000001888bc533f8]
Event: 136.371 Thread 0x00000188a1174800 11447       4       com.google.common.collect.CompactHashMap::put (220 bytes)
Event: 136.405 Thread 0x00000188a1174800 nmethod 11447 0x000001888bc53590 code [0x000001888bc537c0, 0x000001888bc543e0]
Event: 136.503 Thread 0x000001889a2d4800 11448       3       com.google.common.base.Predicates$CompositionPredicate::apply (20 bytes)
Event: 136.504 Thread 0x000001889a2d4800 nmethod 11448 0x0000018885878010 code [0x00000188858781e0, 0x0000018885878478]
Event: 136.504 Thread 0x000001889a2d4800 11449       3       com.google.common.collect.Maps$EntryFunction$1::apply (9 bytes)
Event: 136.504 Thread 0x000001889a2d4800 nmethod 11449 0x0000018885878590 code [0x0000018885878760, 0x0000018885878a88]
Event: 136.520 Thread 0x00000188a1174800 11450       4       com.google.common.collect.ImmutableSortedMap$1EntrySet$1::size (11 bytes)
Event: 136.521 Thread 0x00000188a1174800 nmethod 11450 0x000001888bc54c90 code [0x000001888bc54e20, 0x000001888bc54ed8]

GC Heap History (20 events):
Event: 125.619 GC heap before
{Heap before GC invocations=20 (full 0):
 garbage-first heap   total 131072K, used 104465K [0x0000000080000000, 0x0000000100000000)
  region size 1024K, 48 young (49152K), 7 survivors (7168K)
 Metaspace       used 80842K, capacity 82863K, committed 83068K, reserved 1122304K
  class space    used 10481K, capacity 11195K, committed 11264K, reserved 1048576K
}
Event: 125.721 GC heap after
{Heap after GC invocations=21 (full 0):
 garbage-first heap   total 131072K, used 76706K [0x0000000080000000, 0x0000000100000000)
  region size 1024K, 6 young (6144K), 6 survivors (6144K)
 Metaspace       used 80842K, capacity 82863K, committed 83068K, reserved 1122304K
  class space    used 10481K, capacity 11195K, committed 11264K, reserved 1048576K
}
Event: 126.536 GC heap before
{Heap before GC invocations=22 (full 0):
 garbage-first heap   total 131072K, used 106402K [0x0000000080000000, 0x0000000100000000)
  region size 1024K, 33 young (33792K), 6 survivors (6144K)
 Metaspace       used 80947K, capacity 83094K, committed 83324K, reserved 1122304K
  class space    used 10493K, capacity 11229K, committed 11264K, reserved 1048576K
}
Event: 126.550 GC heap after
{Heap after GC invocations=23 (full 0):
 garbage-first heap   total 131072K, used 79191K [0x0000000080000000, 0x0000000100000000)
  region size 1024K, 2 young (2048K), 2 survivors (2048K)
 Metaspace       used 80947K, capacity 83094K, committed 83324K, reserved 1122304K
  class space    used 10493K, capacity 11229K, committed 11264K, reserved 1048576K
}
Event: 126.978 GC heap before
{Heap before GC invocations=23 (full 0):
 garbage-first heap   total 131072K, used 91479K [0x0000000080000000, 0x0000000100000000)
  region size 1024K, 15 young (15360K), 2 survivors (2048K)
 Metaspace       used 80985K, capacity 83106K, committed 83324K, reserved 1122304K
  class space    used 10495K, capacity 11231K, committed 11264K, reserved 1048576K
}
Event: 126.994 GC heap after
{Heap after GC invocations=24 (full 0):
 garbage-first heap   total 131072K, used 83968K [0x0000000080000000, 0x0000000100000000)
  region size 1024K, 4 young (4096K), 4 survivors (4096K)
 Metaspace       used 80985K, capacity 83106K, committed 83324K, reserved 1122304K
  class space    used 10495K, capacity 11231K, committed 11264K, reserved 1048576K
}
Event: 128.597 GC heap before
{Heap before GC invocations=25 (full 0):
 garbage-first heap   total 131072K, used 118784K [0x0000000080000000, 0x0000000100000000)
  region size 1024K, 24 young (24576K), 4 survivors (4096K)
 Metaspace       used 83749K, capacity 85882K, committed 86140K, reserved 1124352K
  class space    used 10714K, capacity 11496K, committed 11520K, reserved 1048576K
}
Event: 128.609 GC heap after
{Heap after GC invocations=26 (full 0):
 garbage-first heap   total 131072K, used 85890K [0x0000000080000000, 0x0000000100000000)
  region size 1024K, 3 young (3072K), 3 survivors (3072K)
 Metaspace       used 83749K, capacity 85882K, committed 86140K, reserved 1124352K
  class space    used 10714K, capacity 11496K, committed 11520K, reserved 1048576K
}
Event: 129.865 GC heap before
{Heap before GC invocations=26 (full 0):
 garbage-first heap   total 131072K, used 104322K [0x0000000080000000, 0x0000000100000000)
  region size 1024K, 22 young (22528K), 3 survivors (3072K)
 Metaspace       used 84676K, capacity 86727K, committed 87036K, reserved 1124352K
  class space    used 10790K, capacity 11561K, committed 11648K, reserved 1048576K
}
Event: 129.893 GC heap after
{Heap after GC invocations=27 (full 0):
 garbage-first heap   total 131072K, used 88138K [0x0000000080000000, 0x0000000100000000)
  region size 1024K, 3 young (3072K), 3 survivors (3072K)
 Metaspace       used 84676K, capacity 86727K, committed 87036K, reserved 1124352K
  class space    used 10790K, capacity 11561K, committed 11648K, reserved 1048576K
}
Event: 130.525 GC heap before
{Heap before GC invocations=28 (full 0):
 garbage-first heap   total 131072K, used 101450K [0x0000000080000000, 0x0000000100000000)
  region size 1024K, 22 young (22528K), 3 survivors (3072K)
 Metaspace       used 86042K, capacity 88200K, committed 88444K, reserved 1126400K
  class space    used 10886K, capacity 11660K, committed 11776K, reserved 1048576K
}
Event: 130.535 GC heap after
{Heap after GC invocations=29 (full 0):
 garbage-first heap   total 131072K, used 85429K [0x0000000080000000, 0x0000000100000000)
  region size 1024K, 3 young (3072K), 3 survivors (3072K)
 Metaspace       used 86042K, capacity 88200K, committed 88444K, reserved 1126400K
  class space    used 10886K, capacity 11660K, committed 11776K, reserved 1048576K
}
Event: 130.615 GC heap before
{Heap before GC invocations=29 (full 0):
 garbage-first heap   total 131072K, used 88501K [0x0000000080000000, 0x0000000100000000)
  region size 1024K, 6 young (6144K), 3 survivors (3072K)
 Metaspace       used 86166K, capacity 88329K, committed 88700K, reserved 1126400K
  class space    used 10893K, capacity 11660K, committed 11776K, reserved 1048576K
}
Event: 130.626 GC heap after
{Heap after GC invocations=30 (full 0):
 garbage-first heap   total 131072K, used 75448K [0x0000000080000000, 0x0000000100000000)
  region size 1024K, 1 young (1024K), 1 survivors (1024K)
 Metaspace       used 86166K, capacity 88329K, committed 88700K, reserved 1126400K
  class space    used 10893K, capacity 11660K, committed 11776K, reserved 1048576K
}
Event: 133.293 GC heap before
{Heap before GC invocations=30 (full 0):
 garbage-first heap   total 131072K, used 100024K [0x0000000080000000, 0x0000000100000000)
  region size 1024K, 26 young (26624K), 1 survivors (1024K)
 Metaspace       used 86494K, capacity 88583K, committed 88700K, reserved 1126400K
  class space    used 10923K, capacity 11673K, committed 11776K, reserved 1048576K
}
Event: 133.302 GC heap after
{Heap after GC invocations=31 (full 0):
 garbage-first heap   total 131072K, used 77784K [0x0000000080000000, 0x0000000100000000)
  region size 1024K, 4 young (4096K), 4 survivors (4096K)
 Metaspace       used 86494K, capacity 88583K, committed 88700K, reserved 1126400K
  class space    used 10923K, capacity 11673K, committed 11776K, reserved 1048576K
}
Event: 135.771 GC heap before
{Heap before GC invocations=32 (full 0):
 garbage-first heap   total 131072K, used 102360K [0x0000000080000000, 0x0000000100000000)
  region size 1024K, 28 young (28672K), 4 survivors (4096K)
 Metaspace       used 87227K, capacity 89508K, committed 89852K, reserved 1128448K
  class space    used 10992K, capacity 11784K, committed 11904K, reserved 1048576K
}
Event: 135.789 GC heap after
{Heap after GC invocations=33 (full 0):
 garbage-first heap   total 131072K, used 79333K [0x0000000080000000, 0x0000000100000000)
  region size 1024K, 2 young (2048K), 2 survivors (2048K)
 Metaspace       used 87227K, capacity 89508K, committed 89852K, reserved 1128448K
  class space    used 10992K, capacity 11784K, committed 11904K, reserved 1048576K
}
Event: 135.965 GC heap before
{Heap before GC invocations=33 (full 0):
 garbage-first heap   total 131072K, used 83429K [0x0000000080000000, 0x0000000100000000)
  region size 1024K, 6 young (6144K), 2 survivors (2048K)
 Metaspace       used 87371K, capacity 89636K, committed 89852K, reserved 1128448K
  class space    used 11009K, capacity 11784K, committed 11904K, reserved 1048576K
}
Event: 135.971 GC heap after
{Heap after GC invocations=34 (full 0):
 garbage-first heap   total 131072K, used 76197K [0x0000000080000000, 0x0000000100000000)
  region size 1024K, 1 young (1024K), 1 survivors (1024K)
 Metaspace       used 87371K, capacity 89636K, committed 89852K, reserved 1128448K
  class space    used 11009K, capacity 11784K, committed 11904K, reserved 1048576K
}

Deoptimization events (20 events):
Event: 135.141 Thread 0x000001889cd64800 DEOPT PACKING pc=0x000001888bbe5318 sp=0x000000250f1f92a0
Event: 135.141 Thread 0x000001889cd64800 DEOPT UNPACKING pc=0x0000018883a5782f sp=0x000000250f1f9220 mode 2
Event: 135.147 Thread 0x000001889cd64800 Uncommon trap: trap_request=0xffffff4d fr.pc=0x000001888bbe2640 relative=0x0000000000001140
Event: 135.147 Thread 0x000001889cd64800 Uncommon trap: reason=unstable_if action=reinterpret pc=0x000001888bbe2640 method=org.gradle.internal.snapshot.VfsRelativePath.compareToFirstSegment(Ljava/lang/String;Lorg/gradle/internal/snapshot/CaseSensitivity;)I @ 134 c2
Event: 135.147 Thread 0x000001889cd64800 DEOPT PACKING pc=0x000001888bbe2640 sp=0x000000250f1f6d90
Event: 135.147 Thread 0x000001889cd64800 DEOPT UNPACKING pc=0x0000018883a5782f sp=0x000000250f1f6ba0 mode 2
Event: 135.150 Thread 0x000001889cd64800 Uncommon trap: trap_request=0xffffffde fr.pc=0x000001888bbe5318 relative=0x0000000000000078
Event: 135.150 Thread 0x000001889cd64800 Uncommon trap: reason=class_check action=maybe_recompile pc=0x000001888bbe5318 method=java.util.AbstractList$RandomAccessSpliterator.getFence()I @ 34 c2
Event: 135.150 Thread 0x000001889cd64800 DEOPT PACKING pc=0x000001888bbe5318 sp=0x000000250f1f7bd0
Event: 135.150 Thread 0x000001889cd64800 DEOPT UNPACKING pc=0x0000018883a5782f sp=0x000000250f1f7b50 mode 2
Event: 135.150 Thread 0x000001889cd64800 Uncommon trap: trap_request=0xffffffde fr.pc=0x000001888bbe5318 relative=0x0000000000000078
Event: 135.150 Thread 0x000001889cd64800 Uncommon trap: reason=class_check action=maybe_recompile pc=0x000001888bbe5318 method=java.util.AbstractList$RandomAccessSpliterator.getFence()I @ 34 c2
Event: 135.150 Thread 0x000001889cd64800 DEOPT PACKING pc=0x000001888bbe5318 sp=0x000000250f1f7bd0
Event: 135.150 Thread 0x000001889cd64800 DEOPT UNPACKING pc=0x0000018883a5782f sp=0x000000250f1f7b50 mode 2
Event: 135.304 Thread 0x00000188a1175000 Uncommon trap: trap_request=0xffffff4d fr.pc=0x000001888bab1e2c relative=0x00000000000000ec
Event: 135.304 Thread 0x00000188a1175000 Uncommon trap: reason=unstable_if action=reinterpret pc=0x000001888bab1e2c method=com.google.gson.stream.JsonReader.peek()Lcom/google/gson/stream/JsonToken; @ 15 c2
Event: 135.304 Thread 0x00000188a1175000 DEOPT PACKING pc=0x000001888bab1e2c sp=0x00000025113fdc70
Event: 135.304 Thread 0x00000188a1175000 DEOPT UNPACKING pc=0x0000018883a5782f sp=0x00000025113fdbf8 mode 2
Event: 136.520 Thread 0x000001889c2d9800 DEOPT PACKING pc=0x0000018885860e53 sp=0x00000025109fb620
Event: 136.520 Thread 0x000001889c2d9800 DEOPT UNPACKING pc=0x0000018883a5764e sp=0x00000025109fab58 mode 0

Classes redefined (0 events):
No events

Internal exceptions (20 events):
Event: 107.076 Thread 0x00000188a1171000 Exception <a 'java/lang/NoSuchMethodError'{0x0000000085f3ca00}: 'int java.lang.invoke.DirectMethodHandle$Holder.invokeStaticInit(java.lang.Object, java.lang.Object, java.lang.Object, java.lang.Object, java.lang.Object)'> (0x0000000085f3ca00) thrown at [./src/hotspot/share/interpreter/linkResolver.cpp, line 773]
Event: 110.759 Thread 0x000001889c2e0000 Exception <a 'java/lang/NoSuchMethodError'{0x0000000085484fe0}: 'java.lang.Object java.lang.invoke.DirectMethodHandle$Holder.invokeSpecialIFC(java.lang.Object, java.lang.Object, java.lang.Object)'> (0x0000000085484fe0) thrown at [./src/hotspot/share/interpreter/linkResolver.cpp, line 773]
Event: 115.388 Thread 0x000001889c2d9800 Exception <a 'java/lang/NoSuchMethodError'{0x0000000086d97b40}: 'void java.lang.invoke.DirectMethodHandle$Holder.invokeVirtual(java.lang.Object, java.lang.Object)'> (0x0000000086d97b40) thrown at [./src/hotspot/share/interpreter/linkResolver.cpp, line 773]
Event: 115.388 Thread 0x000001889c2da000 Exception <a 'java/lang/NoSuchMethodError'{0x0000000086da0280}: 'void java.lang.invoke.DirectMethodHandle$Holder.invokeVirtual(java.lang.Object, java.lang.Object)'> (0x0000000086da0280) thrown at [./src/hotspot/share/interpreter/linkResolver.cpp, line 773]
Event: 123.724 Thread 0x00000188a1171000 Implicit null exception at 0x000001888b7ea204 to 0x000001888b7ea3fc
Event: 127.513 Thread 0x00000188a1171000 Exception <a 'java/lang/NoSuchMethodError'{0x0000000087c91b30}: <clinit>> (0x0000000087c91b30) thrown at [./src/hotspot/share/prims/jni.cpp, line 1362]
Event: 127.526 Thread 0x00000188a1171000 Exception <a 'java/lang/NoSuchMethodError'{0x0000000087b43950}: <clinit>> (0x0000000087b43950) thrown at [./src/hotspot/share/prims/jni.cpp, line 1362]
Event: 128.044 Thread 0x00000188a116c000 Implicit null exception at 0x000001888bb21595 to 0x000001888bb21ab0
Event: 128.045 Thread 0x00000188a116c000 Implicit null exception at 0x000001888bb21595 to 0x000001888bb21ab0
Event: 128.045 Thread 0x00000188a116c000 Implicit null exception at 0x000001888bb21595 to 0x000001888bb21ab0
Event: 128.047 Thread 0x00000188a116c000 Implicit null exception at 0x000001888bb21595 to 0x000001888bb21ab0
Event: 130.976 Thread 0x00000188a1171000 Exception <a 'java/lang/NoSuchMethodError'{0x0000000087a343c8}: 'void java.lang.invoke.DirectMethodHandle$Holder.invokeStatic(java.lang.Object, java.lang.Object, java.lang.Object, java.lang.Object, java.lang.Object, java.lang.Object, java.lang.Object)'> (0x0000000087a343c8) thrown at [./src/hotspot/share/interpreter/linkResolver.cpp, line 773]
Event: 135.115 Thread 0x000001889cd64800 Exception <a 'java/lang/NoSuchMethodError'{0x000000008708e520}: <clinit>> (0x000000008708e520) thrown at [./src/hotspot/share/prims/jni.cpp, line 1362]
Event: 135.115 Thread 0x000001889cd64800 Exception <a 'java/lang/NoSuchMethodError'{0x00000000870902e0}: <clinit>> (0x00000000870902e0) thrown at [./src/hotspot/share/prims/jni.cpp, line 1362]
Event: 135.115 Thread 0x000001889cd64800 Exception <a 'java/lang/NoSuchMethodError'{0x0000000087093238}: <clinit>> (0x0000000087093238) thrown at [./src/hotspot/share/prims/jni.cpp, line 1362]
Event: 135.118 Thread 0x000001889cd64800 Exception <a 'java/lang/NoSuchMethodError'{0x00000000870b9ac0}: <clinit>> (0x00000000870b9ac0) thrown at [./src/hotspot/share/prims/jni.cpp, line 1362]
Event: 135.118 Thread 0x000001889cd64800 Exception <a 'java/lang/NoSuchMethodError'{0x00000000870bb798}: <clinit>> (0x00000000870bb798) thrown at [./src/hotspot/share/prims/jni.cpp, line 1362]
Event: 135.269 Thread 0x000001889cd64800 Exception <a 'java/lang/NoSuchMethodError'{0x0000000086ed9948}: <clinit>> (0x0000000086ed9948) thrown at [./src/hotspot/share/prims/jni.cpp, line 1362]
Event: 135.274 Thread 0x000001889cd64800 Exception <a 'java/lang/NoSuchMethodError'{0x0000000086d15720}: <clinit>> (0x0000000086d15720) thrown at [./src/hotspot/share/prims/jni.cpp, line 1362]
Event: 135.275 Thread 0x000001889cd64800 Exception <a 'java/lang/NoSuchMethodError'{0x0000000086d2ef60}: <clinit>> (0x0000000086d2ef60) thrown at [./src/hotspot/share/prims/jni.cpp, line 1362]

Events (20 events):
Event: 136.301 loading class kotlin/reflect/jvm/internal/impl/types/checker/KotlinTypeRefinerKt
Event: 136.301 loading class kotlin/reflect/jvm/internal/impl/types/checker/KotlinTypeRefinerKt done
Event: 136.311 loading class kotlin/reflect/jvm/internal/impl/descriptors/ModuleCapability
Event: 136.311 loading class kotlin/reflect/jvm/internal/impl/descriptors/ModuleCapability done
Event: 136.311 loading class kotlin/reflect/jvm/internal/impl/types/checker/Ref
Event: 136.311 loading class kotlin/reflect/jvm/internal/impl/types/checker/Ref done
Event: 136.323 loading class kotlin/reflect/jvm/internal/impl/descriptors/impl/ModuleDescriptorImpl$packages$1
Event: 136.323 loading class kotlin/reflect/jvm/internal/impl/descriptors/impl/ModuleDescriptorImpl$packages$1 done
Event: 136.324 loading class kotlin/reflect/jvm/internal/impl/descriptors/impl/ModuleDescriptorImpl$packageFragmentProviderForWholeModuleWithDependencies$2
Event: 136.324 loading class kotlin/reflect/jvm/internal/impl/descriptors/impl/ModuleDescriptorImpl$packageFragmentProviderForWholeModuleWithDependencies$2 done
Event: 136.330 loading class kotlin/reflect/jvm/internal/impl/builtins/KotlinBuiltIns$4
Event: 136.330 loading class kotlin/reflect/jvm/internal/impl/builtins/KotlinBuiltIns$4 done
Event: 136.331 loading class kotlin/reflect/jvm/internal/impl/builtins/jvm/JvmBuiltIns$initialize$1
Event: 136.331 loading class kotlin/reflect/jvm/internal/impl/builtins/jvm/JvmBuiltIns$initialize$1 done
Event: 136.332 loading class kotlin/reflect/jvm/internal/impl/descriptors/runtime/components/ReflectKotlinClassFinder
Event: 136.332 loading class kotlin/reflect/jvm/internal/impl/descriptors/runtime/components/ReflectKotlinClassFinder done
Event: 136.400 loading class kotlin/reflect/jvm/internal/impl/load/kotlin/KotlinClassFinder
Event: 136.400 loading class kotlin/reflect/jvm/internal/impl/load/kotlin/KotlinClassFinder done
Event: 136.518 loading class kotlin/reflect/jvm/internal/impl/serialization/deserialization/KotlinMetadataFinder
Event: 136.518 loading class kotlin/reflect/jvm/internal/impl/serialization/deserialization/KotlinMetadataFinder done


Dynamic libraries:
0x00007ff7a55d0000 - 0x00007ff7a55da000 	C:\Program Files\Android\Android Studio\jre\bin\java.exe
0x00007fff57890000 - 0x00007fff57a85000 	C:\WINDOWS\SYSTEM32\ntdll.dll
0x00007fff575b0000 - 0x00007fff5766e000 	C:\WINDOWS\System32\KERNEL32.DLL
0x00007fff55170000 - 0x00007fff55438000 	C:\WINDOWS\System32\KERNELBASE.dll
0x00007fff557d0000 - 0x00007fff558d0000 	C:\WINDOWS\System32\ucrtbase.dll
0x00007fff3e750000 - 0x00007fff3e767000 	C:\Program Files\Android\Android Studio\jre\bin\VCRUNTIME140.dll
0x00007fff3bae0000 - 0x00007fff3baf9000 	C:\Program Files\Android\Android Studio\jre\bin\jli.dll
0x00007fff57220000 - 0x00007fff573c1000 	C:\WINDOWS\System32\USER32.dll
0x00007fff55030000 - 0x00007fff55052000 	C:\WINDOWS\System32\win32u.dll
0x00007fff479c0000 - 0x00007fff47c5a000 	C:\WINDOWS\WinSxS\amd64_microsoft.windows.common-controls_6595b64144ccf1df_6.0.19041.1110_none_60b5254171f9507e\COMCTL32.dll
0x00007fff57140000 - 0x00007fff5716b000 	C:\WINDOWS\System32\GDI32.dll
0x00007fff56650000 - 0x00007fff566ee000 	C:\WINDOWS\System32\msvcrt.dll
0x00007fff55060000 - 0x00007fff5516d000 	C:\WINDOWS\System32\gdi32full.dll
0x00007fff55730000 - 0x00007fff557cd000 	C:\WINDOWS\System32\msvcp_win.dll
0x00007fff57670000 - 0x00007fff576a0000 	C:\WINDOWS\System32\IMM32.DLL
0x00007fff1f9e0000 - 0x00007fff1fa7d000 	C:\Program Files\Android\Android Studio\jre\bin\msvcp140.dll
0x00007fff06b50000 - 0x00007fff0761f000 	C:\Program Files\Android\Android Studio\jre\bin\server\jvm.dll
0x00007fff57170000 - 0x00007fff5721e000 	C:\WINDOWS\System32\ADVAPI32.dll
0x00007fff56950000 - 0x00007fff569ec000 	C:\WINDOWS\System32\sechost.dll
0x00007fff576b0000 - 0x00007fff577d5000 	C:\WINDOWS\System32\RPCRT4.dll
0x00007fff55b90000 - 0x00007fff55b98000 	C:\WINDOWS\System32\PSAPI.DLL
0x00007fff52f60000 - 0x00007fff52f69000 	C:\WINDOWS\SYSTEM32\WSOCK32.dll
0x00007fff48960000 - 0x00007fff48987000 	C:\WINDOWS\SYSTEM32\WINMM.dll
0x00007fff48f50000 - 0x00007fff48f5a000 	C:\WINDOWS\SYSTEM32\VERSION.dll
0x00007fff577e0000 - 0x00007fff5784b000 	C:\WINDOWS\System32\WS2_32.dll
0x00007fff53820000 - 0x00007fff53832000 	C:\WINDOWS\SYSTEM32\kernel.appcore.dll
0x00007fff4cf60000 - 0x00007fff4cf71000 	C:\Program Files\Android\Android Studio\jre\bin\verify.dll
0x00007fff52c00000 - 0x00007fff52de4000 	C:\WINDOWS\SYSTEM32\DBGHELP.DLL
0x00007fff43610000 - 0x00007fff4363c000 	C:\WINDOWS\SYSTEM32\dbgcore.DLL
0x00007fff54fa0000 - 0x00007fff55022000 	C:\WINDOWS\System32\bcryptPrimitives.dll
0x00007fff3a850000 - 0x00007fff3a879000 	C:\Program Files\Android\Android Studio\jre\bin\java.dll
0x00007fff50470000 - 0x00007fff5047b000 	C:\Program Files\Android\Android Studio\jre\bin\jimage.dll
0x00007fff45dc0000 - 0x00007fff45dd8000 	C:\Program Files\Android\Android Studio\jre\bin\zip.dll
0x00007fff569f0000 - 0x00007fff57134000 	C:\WINDOWS\System32\SHELL32.dll
0x00007fff53070000 - 0x00007fff53805000 	C:\WINDOWS\SYSTEM32\windows.storage.dll
0x00007fff561e0000 - 0x00007fff56535000 	C:\WINDOWS\System32\combase.dll
0x00007fff549a0000 - 0x00007fff549ce000 	C:\WINDOWS\SYSTEM32\Wldp.dll
0x00007fff558d0000 - 0x00007fff5597d000 	C:\WINDOWS\System32\SHCORE.dll
0x00007fff565f0000 - 0x00007fff56645000 	C:\WINDOWS\System32\shlwapi.dll
0x00007fff54ee0000 - 0x00007fff54eff000 	C:\WINDOWS\SYSTEM32\profapi.dll
0x00007fff3d4e0000 - 0x00007fff3d4fa000 	C:\Program Files\Android\Android Studio\jre\bin\net.dll
0x00007fff48a60000 - 0x00007fff48b6c000 	C:\WINDOWS\SYSTEM32\WINHTTP.dll
0x00007fff546e0000 - 0x00007fff5474a000 	C:\WINDOWS\system32\mswsock.dll
0x00007fff3a7b0000 - 0x00007fff3a7c4000 	C:\Program Files\Android\Android Studio\jre\bin\nio.dll
0x00007fff3e7f0000 - 0x00007fff3e817000 	C:\Users\Elysian\.gradle\native\8bec1ad78214c89d9ad589b4d07fe93259594b29d510b10fafb7a158f7737e5d\windows-amd64\native-platform.dll
0x00007fff27b10000 - 0x00007fff27c4d000 	C:\Users\Elysian\.gradle\native\53dbd7edfb1c66fb8903c78663c9afc45aea4f116125fa6feffd364cf09443e8\windows-amd64\native-platform-file-events.dll
0x00007fff4daf0000 - 0x00007fff4dafa000 	C:\Program Files\Android\Android Studio\jre\bin\management.dll
0x00007fff3cae0000 - 0x00007fff3caec000 	C:\Program Files\Android\Android Studio\jre\bin\management_ext.dll
0x00007fff548f0000 - 0x00007fff54908000 	C:\WINDOWS\SYSTEM32\CRYPTSP.dll
0x00007fff54000000 - 0x00007fff54034000 	C:\WINDOWS\system32\rsaenh.dll
0x00007fff55440000 - 0x00007fff55467000 	C:\WINDOWS\System32\bcrypt.dll
0x00007fff54e60000 - 0x00007fff54e8e000 	C:\WINDOWS\SYSTEM32\USERENV.dll
0x00007fff54910000 - 0x00007fff5491c000 	C:\WINDOWS\SYSTEM32\CRYPTBASE.dll
0x00007fff54370000 - 0x00007fff543ab000 	C:\WINDOWS\SYSTEM32\IPHLPAPI.DLL
0x00007fff576a0000 - 0x00007fff576a8000 	C:\WINDOWS\System32\NSI.dll
0x00007fff48530000 - 0x00007fff48547000 	C:\WINDOWS\SYSTEM32\dhcpcsvc6.DLL
0x00007fff48990000 - 0x00007fff489ad000 	C:\WINDOWS\SYSTEM32\dhcpcsvc.DLL
0x00007fff54410000 - 0x00007fff544db000 	C:\WINDOWS\SYSTEM32\DNSAPI.dll

dbghelp: loaded successfully - version: 4.0.5 - missing functions: none
symbol engine: initialized successfully - sym options: 0x614 - pdb path: .;C:\Program Files\Android\Android Studio\jre\bin;C:\WINDOWS\SYSTEM32;C:\WINDOWS\WinSxS\amd64_microsoft.windows.common-controls_6595b64144ccf1df_6.0.19041.1110_none_60b5254171f9507e;C:\Program Files\Android\Android Studio\jre\bin\server;C:\Users\Elysian\.gradle\native\8bec1ad78214c89d9ad589b4d07fe93259594b29d510b10fafb7a158f7737e5d\windows-amd64;C:\Users\Elysian\.gradle\native\53dbd7edfb1c66fb8903c78663c9afc45aea4f116125fa6feffd364cf09443e8\windows-amd64

VM Arguments:
jvm_args: --add-opens=java.base/java.util=ALL-UNNAMED --add-opens=java.base/java.lang=ALL-UNNAMED --add-opens=java.base/java.lang.invoke=ALL-UNNAMED --add-opens=java.base/java.util=ALL-UNNAMED --add-opens=java.prefs/java.util.prefs=ALL-UNNAMED --add-opens=java.prefs/java.util.prefs=ALL-UNNAMED --add-opens=java.base/java.nio.charset=ALL-UNNAMED --add-opens=java.base/java.net=ALL-UNNAMED --add-opens=java.base/java.util.concurrent.atomic=ALL-UNNAMED -Xmx2048m -Dfile.encoding=windows-1252 -Duser.country=US -Duser.language=en -Duser.variant 
java_command: org.gradle.launcher.daemon.bootstrap.GradleDaemon 7.0.2
java_class_path (initial): C:\Users\Elysian\.gradle\wrapper\dists\gradle-7.0.2-bin\857tjihv64xamwrf0h14cai3r\gradle-7.0.2\lib\gradle-launcher-7.0.2.jar
Launcher Type: SUN_STANDARD

[Global flags]
     intx CICompilerCount                          = 3                                         {product} {ergonomic}
     uint ConcGCThreads                            = 1                                         {product} {ergonomic}
     uint G1ConcRefinementThreads                  = 4                                         {product} {ergonomic}
   size_t G1HeapRegionSize                         = 1048576                                   {product} {ergonomic}
    uintx GCDrainStackTargetSize                   = 64                                        {product} {ergonomic}
   size_t InitialHeapSize                          = 134217728                                 {product} {ergonomic}
   size_t MarkStackSize                            = 4194304                                   {product} {ergonomic}
   size_t MaxHeapSize                              = 2147483648                                {product} {command line}
   size_t MaxNewSize                               = 1287651328                                {product} {ergonomic}
   size_t MinHeapDeltaBytes                        = 1048576                                   {product} {ergonomic}
    uintx NonNMethodCodeHeapSize                   = 5830732                                {pd product} {ergonomic}
    uintx NonProfiledCodeHeapSize                  = 122913754                              {pd product} {ergonomic}
    uintx ProfiledCodeHeapSize                     = 122913754                              {pd product} {ergonomic}
    uintx ReservedCodeCacheSize                    = 251658240                              {pd product} {ergonomic}
     bool SegmentedCodeCache                       = true                                      {product} {ergonomic}
     bool UseCompressedClassPointers               = true                                 {lp64_product} {ergonomic}
     bool UseCompressedOops                        = true                                 {lp64_product} {ergonomic}
     bool UseG1GC                                  = true                                      {product} {ergonomic}
     bool UseLargePagesIndividualAllocation        = false                                  {pd product} {ergonomic}

Logging:
Log output configuration:
 #0: stdout all=warning uptime,level,tags
 #1: stderr all=off uptime,level,tags

Environment Variables:
JAVA_HOME=C:\\Program Files (x86)\\Java\\jdk1.8.0_202\\
CLASSPATH=.;
PATH=C:\Program Files\Eclipse Adoptium\jdk-11.0.13.8-hotspot\bin;C:\Program Files (x86)\Common Files\Oracle\Java\javapath;C:\Program Files (x86)\Common Files\Intel\Shared Libraries\redist\intel64\compiler;C:\ProgramData\Oracle\Java\javapath;C:\WINDOWS\system32;C:\WINDOWS;C:\WINDOWS\System32\Wbem;C:\WINDOWS\System32\WindowsPowerShell\v1.0\;C:\Program Files (x86)\NVIDIA Corporation\PhysX\Common;C:\Program Files\Intel\WiFi\bin\;C:\Program Files\Common Files\Intel\WirelessCommon\;C:\WINDOWS\system32;C:\WINDOWS;C:\WINDOWS\System32\Wbem;C:\WINDOWS\System32\WindowsPowerShell\v1.0\;C:\WINDOWS\System32\OpenSSH\;c:\altera\91\quartus\bin;C:\ProgramData\chocolatey\bin;C:\Program Files\Java\jdk1.8.0_211\bin;C:\Program Files\Git\cmd;C:\Program Files\nodejs\;C:\\Program Files (x86)\\Java\\jdk1.8.0_202\\\bin;C:\Program Files\apache-tomcat-10.0.8\bin;C:\Ruby26-x64\bin;C:\Users\Elysian\AppData\Local\Microsoft\WindowsApps;C:\Program Files\Intel\WiFi\bin\;C:\Program Files\Common Files\Intel\WirelessCommon\;C:\Users\Elysian\AppData\Local\Programs\Microsoft VS Code\bin;C:\Program Files\JetBrains\IntelliJ IDEA Community Edition 2019.3.3\bin;;C:\Users\Elysian\AppData\Local\Programs\MiKTeX\miktex\bin\x64\;C:\Exercism;C:\Users\Elysian\Documents\flutter\bin;C:\Users\Elysian\AppData\Local\Packages\PythonSoftwareFoundation.Python.3.9_qbz5n2kfra8p0\LocalCache\local-packages\Python39\Scripts;C:\Program Files\heroku\bin;C:\xampp\htdocs\irrigation\bin;C:\Users\Elysian\AppData\Roaming\npm;
USERNAME=Elysian
OS=Windows_NT
PROCESSOR_IDENTIFIER=Intel64 Family 6 Model 58 Stepping 9, GenuineIntel



---------------  S Y S T E M  ---------------

OS: Windows 10 , 64 bit Build 19041 (10.0.19041.1466)
OS uptime: 0 days 2:36 hours

CPU:total 4 (initial active 4) (2 cores per cpu, 2 threads per core) family 6 model 58 stepping 9 microcode 0x21, cmov, cx8, fxsr, mmx, sse, sse2, sse3, ssse3, sse4.1, sse4.2, popcnt, avx, aes, clmul, erms, ht, tsc, tscinvbit, tscinv

Memory: 4k page, system-wide physical 8077M (989M free)
TotalPageFile size 16269M (AvailPageFile size 5539M)
current process WorkingSet (physical memory assigned to process): 382M, peak: 382M
current process commit charge ("private bytes"): 411M, peak: 411M

vm_info: OpenJDK 64-Bit Server VM (11.0.10+0-b96-7249189) for windows-amd64 JRE (11.0.10+0-b96-7249189), built on Mar 31 2021 21:44:00 by "builder" with MS VC++ 14.0 (VS2015)

END.
