#
# A fatal error has been detected by the Java Runtime Environment:
#
#  EXCEPTION_ACCESS_VIOLATION (0xc0000005) at pc=0x00007ffb70f80bf0, pid=4536, tid=14672
#
# JRE version: OpenJDK Runtime Environment Temurin-11.0.13+8 (11.0.13+8) (build 11.0.13+8)
# Java VM: OpenJDK 64-Bit Server VM Temurin-11.0.13+8 (11.0.13+8, mixed mode, tiered, compressed oops, parallel gc, windows-amd64)
# Problematic frame:
# V  [jvm.dll+0x650bf0]
#
# No core dump will be written. Minidumps are not enabled by default on client versions of Windows
#
# If you would like to submit a bug report, please visit:
#   https://github.com/adoptium/adoptium-support/issues
#

---------------  S U M M A R Y ------------

Command Line: --add-modules=ALL-SYSTEM --add-opens=java.base/java.util=ALL-UNNAMED --add-opens=java.base/java.lang=ALL-UNNAMED -Declipse.application=org.eclipse.jdt.ls.core.id1 -Dosgi.bundles.defaultStartLevel=4 -Declipse.product=org.eclipse.jdt.ls.core.product -Dfile.encoding=utf8 -DwatchParentProcess=false -XX:+UseParallelGC -XX:GCTimeRatio=4 -XX:AdaptiveSizePolicyWeight=90 -Dsun.zip.disableMemoryMapping=true -Xmx1G -Xms100m -Xverify:none c:\Users\Elysian\.vscode\extensions\redhat.java-1.0.0\server\plugins\org.eclipse.equinox.launcher_1.6.400.v20210924-0641.jar -configuration c:\Users\Elysian\AppData\Roaming\Code\User\globalStorage\redhat.java\1.0.0\config_win -data c:\Users\Elysian\AppData\Roaming\Code\User\workspaceStorage\99dbe89f786aeac245bb34f96ac4ef7b\redhat.java\jdt_ws

Host: Intel(R) Core(TM) i7-3537U CPU @ 2.00GHz, 4 cores, 7G,  Windows 10 , 64 bit Build 19041 (10.0.19041.1348)
Time: Fri Nov 12 14:01:48 2021 Greenwich Standard Time elapsed time: 88.115868 seconds (0d 0h 1m 28s)

---------------  T H R E A D  ---------------

Current thread (0x0000010e205ed000):  VMThread "VM Thread" [stack: 0x000000031bc00000,0x000000031bd00000] [id=14672]

Stack: [0x000000031bc00000,0x000000031bd00000],  sp=0x000000031bcfea98,  free space=1018k
Native frames: (J=compiled Java code, j=interpreted, Vv=VM code, C=native code)
V  [jvm.dll+0x650bf0]


siginfo: EXCEPTION_ACCESS_VIOLATION (0xc0000005), reading address 0x0000008000000008


Register to memory mapping:

RIP=0x00007ffb70f80bf0 jvm.dll
RAX=0x00000000c0914f98 is an oop: org.eclipse.osgi.internal.loader.ModuleClassLoader$GenerationProtectionDomain 
{0x00000000c0914f98} - klass: 'org/eclipse/osgi/internal/loader/ModuleClassLoader$GenerationProtectionDomain'
RBX=0x0000008000000000 is an unknown value
RCX=0x0000008000000000 is an unknown value
RDX=0x00000000000001e8 is an unknown value
RSP=0x000000031bcfea98 points into unknown readable memory: 0x00007ffb70be7538 | 38 75 be 70 fb 7f 00 00
RBP=0x0000000000000008 is an unknown value
RSI=0x0000010e223331c0 points into unknown readable memory: 0x0001000c804d1588 | 88 15 4d 80 0c 00 01 00
RDI=0x0000010e0653bea0 points into unknown readable memory: 0x0000010e205190e0 | e0 90 51 20 0e 01 00 00
R8 =0x000000000000003d is an unknown value
R9 =0x0000000000000008 is an unknown value
R10=0x0000010e218c70d0 points into unknown readable memory: 0x0000000000000768 | 68 07 00 00 00 00 00 00
R11=0x000000031bcfebb8 points into unknown readable memory: 0x00007ffb70b0a534 | 34 a5 b0 70 fb 7f 00 00
R12=0x00007ffb713d6401 jvm.dll
R13=0x00007ffb711a1558 jvm.dll
R14=0x0 is NULL
R15=0x0000000000000001 is an unknown value


Registers:
RAX=0x00000000c0914f98, RBX=0x0000008000000000, RCX=0x0000008000000000, RDX=0x00000000000001e8
RSP=0x000000031bcfea98, RBP=0x0000000000000008, RSI=0x0000010e223331c0, RDI=0x0000010e0653bea0
R8 =0x000000000000003d, R9 =0x0000000000000008, R10=0x0000010e218c70d0, R11=0x000000031bcfebb8
R12=0x00007ffb713d6401, R13=0x00007ffb711a1558, R14=0x0000000000000000, R15=0x0000000000000001
RIP=0x00007ffb70f80bf0, EFLAGS=0x0000000000010206

Top of Stack: (sp=0x000000031bcfea98)
0x000000031bcfea98:   00007ffb70be7538 0000010e043da880
0x000000031bcfeaa8:   0000010e205ed000 0000010e065432a0
0x000000031bcfeab8:   00007ffb70f1d580 000000000000003d
0x000000031bcfeac8:   0000010e21ca7320 00000000000001e8
0x000000031bcfead8:   0000010e0653bea0 0000010e043da880
0x000000031bcfeae8:   00007ffb70f1d245 0000010e043da880
0x000000031bcfeaf8:   00007ffb70ef3c4b 0000010e043da880
0x000000031bcfeb08:   0000000000000000 0000000000000001
0x000000031bcfeb18:   00007ffb70f1d2f5 0000010e06589320
0x000000031bcfeb28:   0000010e205ed000 0000000000000000
0x000000031bcfeb38:   000000010074a370 0000010e065432a0
0x000000031bcfeb48:   00007ffb70ef3c4b 0000010e043da880
0x000000031bcfeb58:   0000000000000001 0000000000000001
0x000000031bcfeb68:   0000000000000001 0000010e06589320
0x000000031bcfeb78:   0000000000000001 0000c692390c3283
0x000000031bcfeb88:   00007ffb713d6401 0000000000000001 

Instructions: (pc=0x00007ffb70f80bf0)
0x00007ffb70f80af0:   40 53 55 57 41 56 41 57 48 83 ec 20 4c 8b f1 48
0x00007ffb70f80b00:   8b da 48 8b 0a 48 8b 11 4c 8b c2 0f b6 c2 49 c1
0x00007ffb70f80b10:   e8 08 24 07 3c 01 75 0b 49 8b e8 81 e5 ff ff ff
0x00007ffb70f80b20:   7f 75 19 80 e2 03 80 fa 03 75 09 49 8b e8 0f ba
0x00007ffb70f80b30:   f5 1f eb 08 e8 b7 8e fb ff 48 8b e8 33 d2 48 89
0x00007ffb70f80b40:   74 24 60 8b c5 48 89 5c 24 50 41 f7 36 48 63 ca
0x00007ffb70f80b50:   4c 8d 3c cd 00 00 00 00 49 8b 4e 08 49 8b 3c 0f
0x00007ffb70f80b60:   48 85 ff 74 26 48 8b 4f 10 ff 15 a1 c3 3e 00 48
0x00007ffb70f80b70:   8d 4c 24 50 48 8b f0 e8 04 a6 a6 ff 48 3b f0 74
0x00007ffb70f80b80:   47 48 8b 7f 08 48 83 e7 fe 75 da 48 8b d3 48 8d
0x00007ffb70f80b90:   4c 24 58 e8 f8 be 16 00 4c 8b 44 24 58 8b d5 49
0x00007ffb70f80ba0:   8b ce e8 f9 29 cf ff 48 8b f8 49 8b 46 08 49 8b
0x00007ffb70f80bb0:   0c 07 48 89 4f 08 49 8b 46 08 49 89 3c 07 41 8b
0x00007ffb70f80bc0:   46 2c ff c0 41 89 46 2c 48 8b 4f 10 ff 15 86 c2
0x00007ffb70f80bd0:   3e 00 48 8b 74 24 60 48 8b c7 48 83 c4 20 41 5f
0x00007ffb70f80be0:   41 5e 5f 5d 5b c3 cc cc cc cc cc cc cc cc cc cc
0x00007ffb70f80bf0:   48 8b 41 08 48 8b 48 10 48 ff 25 11 c3 3e 00 cc
0x00007ffb70f80c00:   48 89 6c 24 18 48 89 7c 24 20 41 56 48 83 ec 20
0x00007ffb70f80c10:   44 8b 01 48 8b ea 44 8b 49 2c 48 8d 15 27 2a 2b
0x00007ffb70f80c20:   00 4c 8b f1 48 8b cd e8 04 e2 fc ff 33 ff 41 39
0x00007ffb70f80c30:   3e 7e 5b 48 89 5c 24 30 48 89 74 24 38 8b f7 90
0x00007ffb70f80c40:   49 8b 46 08 48 8b 1c 06 48 85 db 74 2c 0f 1f 00
0x00007ffb70f80c50:   48 8b 4b 10 ff 15 b6 c2 3e 00 44 8b c7 48 8d 15
0x00007ffb70f80c60:   24 2a 2b 00 4c 8b c8 48 8b cd e8 c1 e1 fc ff 48
0x00007ffb70f80c70:   8b 5b 08 48 83 e3 fe 75 d7 ff c7 48 83 c6 08 41
0x00007ffb70f80c80:   3b 3e 7c bc 48 8b 74 24 38 48 8b 5c 24 30 48 8b
0x00007ffb70f80c90:   6c 24 40 48 8b 7c 24 48 48 83 c4 20 41 5e c3 cc
0x00007ffb70f80ca0:   48 89 5c 24 08 48 89 74 24 10 57 48 83 ec 30 8b
0x00007ffb70f80cb0:   44 24 78 49 8b f0 f2 0f 10 44 24 68 48 8b f9 89
0x00007ffb70f80cc0:   44 24 28 f2 0f 11 44 24 20 e8 22 25 a6 ff 48 8d
0x00007ffb70f80cd0:   05 e3 29 2b 00 48 8d 8f f8 00 00 00 48 89 07 e8
0x00007ffb70f80ce0:   9c b3 cc ff 48 8b 05 3d f6 3e 00 0f 57 c0 f2 48 


Stack slot to memory mapping:
stack at sp + 0 slots: 0x00007ffb70be7538 jvm.dll
stack at sp + 1 slots: 0x0000010e043da880 points into unknown readable memory: 0x0000000000000000 | 00 00 00 00 00 00 00 00
stack at sp + 2 slots: 0x0000010e205ed000 points into unknown readable memory: 0x00007ffb71268238 | 38 82 26 71 fb 7f 00 00
stack at sp + 3 slots: 0x0000010e065432a0 points into unknown readable memory: 0x0000000000000001 | 01 00 00 00 00 00 00 00
stack at sp + 4 slots: 0x00007ffb70f1d580 jvm.dll
stack at sp + 5 slots: 0x000000000000003d is an unknown value
stack at sp + 6 slots: 0x0000010e21ca7320 points into unknown readable memory: 0x000000000000006b | 6b 00 00 00 00 00 00 00
stack at sp + 7 slots: 0x00000000000001e8 is an unknown value

VM_Operation (0x000000031e0fea50): ParallelGCFailedAllocation, mode: safepoint, requested by thread 0x0000010e23190000


---------------  P R O C E S S  ---------------

Threads class SMR info:
_java_thread_list=0x0000010e253ef400, length=33, elements={
0x0000010e0652e800, 0x0000010e20604000, 0x0000010e2060e000, 0x0000010e217a2800,
0x0000010e205ff800, 0x0000010e20614800, 0x0000010e20617800, 0x0000010e2061d000,
0x0000010e217c6000, 0x0000010e218b9800, 0x0000010e2217d000, 0x0000010e21e4d000,
0x0000010e2235e000, 0x0000010e21b5a000, 0x0000010e21d90800, 0x0000010e22130000,
0x0000010e22896800, 0x0000010e21f83000, 0x0000010e21f84000, 0x0000010e22f34800,
0x0000010e22f2f000, 0x0000010e22f33000, 0x0000010e22f35800, 0x0000010e22f32000,
0x0000010e22f31800, 0x0000010e22f30000, 0x0000010e26891800, 0x0000010e23189800,
0x0000010e23188000, 0x0000010e2318e800, 0x0000010e2318d800, 0x0000010e2318a000,
0x0000010e23190000
}

Java Threads: ( => current thread )
  0x0000010e0652e800 JavaThread "main" [_thread_blocked, id=14680, stack(0x000000031ba00000,0x000000031bb00000)]
  0x0000010e20604000 JavaThread "Reference Handler" daemon [_thread_blocked, id=14704, stack(0x000000031bd00000,0x000000031be00000)]
  0x0000010e2060e000 JavaThread "Finalizer" daemon [_thread_blocked, id=12240, stack(0x000000031be00000,0x000000031bf00000)]
  0x0000010e217a2800 JavaThread "Signal Dispatcher" daemon [_thread_blocked, id=14660, stack(0x000000031bf00000,0x000000031c000000)]
  0x0000010e205ff800 JavaThread "Attach Listener" daemon [_thread_blocked, id=14872, stack(0x000000031c000000,0x000000031c100000)]
  0x0000010e20614800 JavaThread "Service Thread" daemon [_thread_blocked, id=14876, stack(0x000000031c100000,0x000000031c200000)]
  0x0000010e20617800 JavaThread "C2 CompilerThread0" daemon [_thread_blocked, id=4392, stack(0x000000031c200000,0x000000031c300000)]
  0x0000010e2061d000 JavaThread "C1 CompilerThread0" daemon [_thread_blocked, id=3856, stack(0x000000031c300000,0x000000031c400000)]
  0x0000010e217c6000 JavaThread "Sweeper thread" daemon [_thread_blocked, id=10152, stack(0x000000031c400000,0x000000031c500000)]
  0x0000010e218b9800 JavaThread "Common-Cleaner" daemon [_thread_blocked, id=14644, stack(0x000000031c500000,0x000000031c600000)]
  0x0000010e2217d000 JavaThread "Active Thread: Equinox Container: 922438cb-dfc7-4adc-af42-90b891a6a1b0" [_thread_blocked, id=15144, stack(0x000000031c700000,0x000000031c800000)]
  0x0000010e21e4d000 JavaThread "Framework Event Dispatcher: Equinox Container: 922438cb-dfc7-4adc-af42-90b891a6a1b0" daemon [_thread_blocked, id=15108, stack(0x000000031c800000,0x000000031c900000)]
  0x0000010e2235e000 JavaThread "Start Level: Equinox Container: 922438cb-dfc7-4adc-af42-90b891a6a1b0" daemon [_thread_blocked, id=15060, stack(0x000000031c900000,0x000000031ca00000)]
  0x0000010e21b5a000 JavaThread "SCR Component Actor" daemon [_thread_blocked, id=15184, stack(0x000000031cd00000,0x000000031ce00000)]
  0x0000010e21d90800 JavaThread "Bundle File Closer" daemon [_thread_blocked, id=15208, stack(0x000000031ce00000,0x000000031cf00000)]
  0x0000010e22130000 JavaThread "Worker-JM" [_thread_blocked, id=11844, stack(0x000000031d000000,0x000000031d100000)]
  0x0000010e22896800 JavaThread "Worker-0" [_thread_blocked, id=7196, stack(0x000000031d100000,0x000000031d200000)]
  0x0000010e21f83000 JavaThread "Worker-1" [_thread_blocked, id=10208, stack(0x000000031d200000,0x000000031d300000)]
  0x0000010e21f84000 JavaThread "Java indexing" daemon [_thread_blocked, id=11248, stack(0x000000031d300000,0x000000031d400000)]
  0x0000010e22f34800 JavaThread "Worker-2" [_thread_blocked, id=14628, stack(0x000000031b800000,0x000000031b900000)]
  0x0000010e22f2f000 JavaThread "pool-2-thread-1" [_thread_blocked, id=14348, stack(0x000000031d500000,0x000000031d600000)]
  0x0000010e22f33000 JavaThread "Worker-3" [_thread_blocked, id=14016, stack(0x000000031d600000,0x000000031d700000)]
  0x0000010e22f35800 JavaThread "Worker-4" [_thread_blocked, id=4384, stack(0x000000031d700000,0x000000031d800000)]
  0x0000010e22f32000 JavaThread "Worker-5: Java indexing... " [_thread_blocked, id=8748, stack(0x000000031d900000,0x000000031da00000)]
  0x0000010e22f31800 JavaThread "Timer-2" [_thread_blocked, id=14312, stack(0x000000031da00000,0x000000031db00000)]
  0x0000010e22f30000 JavaThread "Timer-3" [_thread_blocked, id=14404, stack(0x000000031d800000,0x000000031d900000)]
  0x0000010e26891800 JavaThread "C2 CompilerThread1" daemon [_thread_blocked, id=15264, stack(0x000000031b700000,0x000000031b800000)]
  0x0000010e23189800 JavaThread "Worker-6" [_thread_blocked, id=15204, stack(0x000000031b900000,0x000000031ba00000)]
  0x0000010e23188000 JavaThread "Worker-7" [_thread_blocked, id=9812, stack(0x000000031db00000,0x000000031dc00000)]
  0x0000010e2318e800 JavaThread "ForkJoinPool.commonPool-worker-3" daemon [_thread_blocked, id=8776, stack(0x000000031dc00000,0x000000031dd00000)]
  0x0000010e2318d800 JavaThread "ForkJoinPool.commonPool-worker-5" daemon [_thread_blocked, id=13604, stack(0x000000031dd00000,0x000000031de00000)]
  0x0000010e2318a000 JavaThread "ForkJoinPool.commonPool-worker-7" daemon [_thread_blocked, id=14180, stack(0x000000031df00000,0x000000031e000000)]
  0x0000010e23190000 JavaThread "Thread-11" daemon [_thread_blocked, id=10520, stack(0x000000031e000000,0x000000031e100000)]

Other Threads:
=>0x0000010e205ed000 VMThread "VM Thread" [stack: 0x000000031bc00000,0x000000031bd00000] [id=14672]
  0x0000010e21a0b000 WatcherThread [stack: 0x000000031c600000,0x000000031c700000] [id=14908]
  0x0000010e06546000 GCTaskThread "ParGC Thread#0" [stack: 0x000000031bb00000,0x000000031bc00000] [id=14708]
  0x0000010e21e5c800 GCTaskThread "ParGC Thread#1" [stack: 0x000000031ca00000,0x000000031cb00000] [id=15072]
  0x0000010e226b9800 GCTaskThread "ParGC Thread#2" [stack: 0x000000031cb00000,0x000000031cc00000] [id=15172]
  0x0000010e22706000 GCTaskThread "ParGC Thread#3" [stack: 0x000000031cc00000,0x000000031cd00000] [id=15176]

Threads with active compile tasks:
C2 CompilerThread1  88214 6837       4       com.google.gson.internal.bind.MapTypeAdapterFactory$Adapter::read (224 bytes)

VM state:at safepoint (normal execution)

VM Mutex/Monitor currently owned by a thread:  ([mutex/lock_event])
[0x0000010e06523180] Threads_lock - owner thread: 0x0000010e205ed000
[0x0000010e0652cc60] Heap_lock - owner thread: 0x0000010e23190000

Heap address: 0x00000000c0000000, size: 1024 MB, Compressed Oops mode: 32-bit
Narrow klass base: 0x0000000000000000, Narrow klass shift: 3
Compressed class space size: 1073741824 Address: 0x0000000100000000

Heap:
 PSYoungGen      total 33792K, used 18418K [0x00000000eab00000, 0x00000000eea00000, 0x0000000100000000)
  eden space 15360K, 0% used [0x00000000eab00000,0x00000000eab00000,0x00000000eba00000)
  from space 18432K, 99% used [0x00000000ebb80000,0x00000000ecd7c910,0x00000000ecd80000)
  to   space 24576K, 0% used [0x00000000ed200000,0x00000000ed200000,0x00000000eea00000)
 ParOldGen       total 369152K, used 367783K [0x00000000c0000000, 0x00000000d6880000, 0x00000000eab00000)
  object space 369152K, 99% used [0x00000000c0000000,0x00000000d6729d28,0x00000000d6880000)
 Metaspace       used 59767K, capacity 62773K, committed 62976K, reserved 1103872K
  class space    used 6772K, capacity 7825K, committed 7936K, reserved 1048576K

Card table byte_map: [0x0000010e05ef0000,0x0000010e06100000] _byte_map_base: 0x0000010e058f0000

Marking Bits: (ParMarkBitMap*) 0x00007ffb713efea0
 Begin Bits: [0x0000010e1dc60000, 0x0000010e1ec60000)
 End Bits:   [0x0000010e1ec60000, 0x0000010e1fc60000)

Polling page: 0x0000010e043a0000

Metaspace:

Usage:
  Non-class:     53.66 MB capacity,    51.75 MB ( 96%) used,     1.78 MB (  3%) free+waste,   130.31 KB ( <1%) overhead. 
      Class:      7.64 MB capacity,     6.61 MB ( 87%) used,   990.07 KB ( 13%) free+waste,    62.69 KB ( <1%) overhead. 
       Both:     61.30 MB capacity,    58.37 MB ( 95%) used,     2.75 MB (  4%) free+waste,   193.00 KB ( <1%) overhead. 

Virtual space:
  Non-class space:       54.00 MB reserved,      53.75 MB (>99%) committed 
      Class space:        1.00 GB reserved,       7.75 MB ( <1%) committed 
             Both:        1.05 GB reserved,      61.50 MB (  6%) committed 

Chunk freelists:
   Non-Class:  28.00 KB
       Class:  0 bytes
        Both:  28.00 KB

MaxMetaspaceSize: 17179869184.00 GB
CompressedClassSpaceSize: 1.00 GB
Initial GC threshold: 20.80 MB
Current GC threshold: 97.92 MB
CDS: off

CodeHeap 'non-profiled nmethods': size=120064Kb used=5701Kb max_used=5701Kb free=114363Kb
 bounds [0x0000010e16720000, 0x0000010e16cc0000, 0x0000010e1dc60000]
CodeHeap 'profiled nmethods': size=120000Kb used=15955Kb max_used=15955Kb free=104044Kb
 bounds [0x0000010e0f1f0000, 0x0000010e10190000, 0x0000010e16720000]
CodeHeap 'non-nmethods': size=5696Kb used=1305Kb max_used=1364Kb free=4390Kb
 bounds [0x0000010e0ec60000, 0x0000010e0eed0000, 0x0000010e0f1f0000]
 total_blobs=7390 nmethods=6782 adapters=522
 compilation: enabled
              stopped_count=0, restarted_count=0
 full_count=0

Compilation events (20 events):
Event: 87.661 Thread 0x0000010e20617800 6831       4       com.google.gson.internal.bind.ArrayTypeAdapter::read (109 bytes)
Event: 87.663 Thread 0x0000010e26891800 nmethod 6833 0x0000010e16cad490 code [0x0000010e16cad640, 0x0000010e16cad7c8]
Event: 87.663 Thread 0x0000010e26891800 6832       4       com.google.gson.stream.JsonReader::push (76 bytes)
Event: 87.664 Thread 0x0000010e26891800 nmethod 6832 0x0000010e16cad890 code [0x0000010e16cada20, 0x0000010e16cadad8]
Event: 87.664 Thread 0x0000010e26891800 6835       4       com.google.gson.stream.JsonReader::endArray (90 bytes)
Event: 87.665 Thread 0x0000010e26891800 nmethod 6835 0x0000010e16cadc10 code [0x0000010e16cadda0, 0x0000010e16cade78]
Event: 87.665 Thread 0x0000010e2061d000 6836       3       sun.reflect.generics.parser.SignatureParser::parseZeroOrMoreFormalTypeParameters (19 bytes)
Event: 87.665 Thread 0x0000010e26891800 6834       4       com.google.gson.stream.JsonReader::beginArray (82 bytes)
Event: 87.666 Thread 0x0000010e2061d000 nmethod 6836 0x0000010e10184a90 code [0x0000010e10184c60, 0x0000010e10184e98]
Event: 87.667 Thread 0x0000010e26891800 nmethod 6834 0x0000010e16cadf90 code [0x0000010e16cae120, 0x0000010e16cae258]
Event: 87.668 Thread 0x0000010e26891800 6826       4       com.google.gson.internal.LinkedTreeMap::put (35 bytes)
Event: 87.681 Thread 0x0000010e26891800 nmethod 6826 0x0000010e16cae410 code [0x0000010e16cae600, 0x0000010e16caeda8]
Event: 87.682 Thread 0x0000010e26891800 6830       4       com.google.gson.stream.JsonReader$1::promoteNameToValue (112 bytes)
Event: 87.683 Thread 0x0000010e26891800 nmethod 6830 0x0000010e16caf210 code [0x0000010e16caf3c0, 0x0000010e16caf4a8]
Event: 87.683 Thread 0x0000010e26891800 6827       4       com.google.gson.internal.LinkedTreeMap$Node::<init> (42 bytes)
Event: 87.684 Thread 0x0000010e26891800 nmethod 6827 0x0000010e16caf610 code [0x0000010e16caf7a0, 0x0000010e16caf878]
Event: 87.684 Thread 0x0000010e26891800 6822       4       com.google.gson.stream.JsonReader::hasNext (30 bytes)
Event: 87.686 Thread 0x0000010e26891800 nmethod 6822 0x0000010e16caf910 code [0x0000010e16cafac0, 0x0000010e16cafb88]
Event: 87.688 Thread 0x0000010e20617800 nmethod 6831 0x0000010e16cafc90 code [0x0000010e16cafea0, 0x0000010e16cb08d0]
Event: 87.691 Thread 0x0000010e26891800 6837       4       com.google.gson.internal.bind.MapTypeAdapterFactory$Adapter::read (224 bytes)

GC Heap History (20 events):
Event: 83.753 GC heap after
{Heap after GC invocations=112 (full 9):
 PSYoungGen      total 28672K, used 14332K [0x00000000eab00000, 0x00000000ede00000, 0x0000000100000000)
  eden space 14336K, 0% used [0x00000000eab00000,0x00000000eab00000,0x00000000eb900000)
  from space 14336K, 99% used [0x00000000eb980000,0x00000000ec77f320,0x00000000ec780000)
  to   space 18944K, 0% used [0x00000000ecb80000,0x00000000ecb80000,0x00000000ede00000)
 ParOldGen       total 309760K, used 292156K [0x00000000c0000000, 0x00000000d2e80000, 0x00000000eab00000)
  object space 309760K, 94% used [0x00000000c0000000,0x00000000d1d4f0f0,0x00000000d2e80000)
 Metaspace       used 55829K, capacity 58501K, committed 58752K, reserved 1099776K
  class space    used 6420K, capacity 7432K, committed 7552K, reserved 1048576K
}
Event: 85.033 GC heap before
{Heap before GC invocations=113 (full 9):
 PSYoungGen      total 28672K, used 28668K [0x00000000eab00000, 0x00000000ede00000, 0x0000000100000000)
  eden space 14336K, 99% used [0x00000000eab00000,0x00000000eb8fffb8,0x00000000eb900000)
  from space 14336K, 99% used [0x00000000eb980000,0x00000000ec77f320,0x00000000ec780000)
  to   space 18944K, 0% used [0x00000000ecb80000,0x00000000ecb80000,0x00000000ede00000)
 ParOldGen       total 309760K, used 292156K [0x00000000c0000000, 0x00000000d2e80000, 0x00000000eab00000)
  object space 309760K, 94% used [0x00000000c0000000,0x00000000d1d4f0f0,0x00000000d2e80000)
 Metaspace       used 55968K, capacity 58635K, committed 58752K, reserved 1099776K
  class space    used 6434K, capacity 7444K, committed 7552K, reserved 1048576K
}
Event: 85.047 GC heap after
{Heap after GC invocations=113 (full 9):
 PSYoungGen      total 31232K, used 15108K [0x00000000eab00000, 0x00000000eda80000, 0x0000000100000000)
  eden space 15872K, 0% used [0x00000000eab00000,0x00000000eab00000,0x00000000eba80000)
  from space 15360K, 98% used [0x00000000ecb80000,0x00000000eda41018,0x00000000eda80000)
  to   space 16384K, 0% used [0x00000000eba80000,0x00000000eba80000,0x00000000eca80000)
 ParOldGen       total 309760K, used 295103K [0x00000000c0000000, 0x00000000d2e80000, 0x00000000eab00000)
  object space 309760K, 95% used [0x00000000c0000000,0x00000000d202fc68,0x00000000d2e80000)
 Metaspace       used 55968K, capacity 58635K, committed 58752K, reserved 1099776K
  class space    used 6434K, capacity 7444K, committed 7552K, reserved 1048576K
}
Event: 85.585 GC heap before
{Heap before GC invocations=114 (full 9):
 PSYoungGen      total 31232K, used 30980K [0x00000000eab00000, 0x00000000eda80000, 0x0000000100000000)
  eden space 15872K, 100% used [0x00000000eab00000,0x00000000eba80000,0x00000000eba80000)
  from space 15360K, 98% used [0x00000000ecb80000,0x00000000eda41018,0x00000000eda80000)
  to   space 16384K, 0% used [0x00000000eba80000,0x00000000eba80000,0x00000000eca80000)
 ParOldGen       total 309760K, used 295103K [0x00000000c0000000, 0x00000000d2e80000, 0x00000000eab00000)
  object space 309760K, 95% used [0x00000000c0000000,0x00000000d202fc68,0x00000000d2e80000)
 Metaspace       used 56599K, capacity 59358K, committed 59520K, reserved 1101824K
  class space    used 6517K, capacity 7505K, committed 7552K, reserved 1048576K
}
Event: 85.629 GC heap after
{Heap after GC invocations=114 (full 9):
 PSYoungGen      total 32256K, used 16366K [0x00000000eab00000, 0x00000000edf00000, 0x0000000100000000)
  eden space 15872K, 0% used [0x00000000eab00000,0x00000000eab00000,0x00000000eba80000)
  from space 16384K, 99% used [0x00000000eba80000,0x00000000eca7bb30,0x00000000eca80000)
  to   space 17920K, 0% used [0x00000000ecd80000,0x00000000ecd80000,0x00000000edf00000)
 ParOldGen       total 309760K, used 296043K [0x00000000c0000000, 0x00000000d2e80000, 0x00000000eab00000)
  object space 309760K, 95% used [0x00000000c0000000,0x00000000d211aee8,0x00000000d2e80000)
 Metaspace       used 56599K, capacity 59358K, committed 59520K, reserved 1101824K
  class space    used 6517K, capacity 7505K, committed 7552K, reserved 1048576K
}
Event: 85.929 GC heap before
{Heap before GC invocations=115 (full 9):
 PSYoungGen      total 32256K, used 32238K [0x00000000eab00000, 0x00000000edf00000, 0x0000000100000000)
  eden space 15872K, 99% used [0x00000000eab00000,0x00000000eba7ffe8,0x00000000eba80000)
  from space 16384K, 99% used [0x00000000eba80000,0x00000000eca7bb30,0x00000000eca80000)
  to   space 17920K, 0% used [0x00000000ecd80000,0x00000000ecd80000,0x00000000edf00000)
 ParOldGen       total 309760K, used 296043K [0x00000000c0000000, 0x00000000d2e80000, 0x00000000eab00000)
  object space 309760K, 95% used [0x00000000c0000000,0x00000000d211aee8,0x00000000d2e80000)
 Metaspace       used 56908K, capacity 59744K, committed 59776K, reserved 1101824K
  class space    used 6546K, capacity 7546K, committed 7552K, reserved 1048576K
}
Event: 85.956 GC heap after
{Heap after GC invocations=115 (full 9):
 PSYoungGen      total 29696K, used 17900K [0x00000000eab00000, 0x00000000eea00000, 0x0000000100000000)
  eden space 11776K, 0% used [0x00000000eab00000,0x00000000eab00000,0x00000000eb680000)
  from space 17920K, 99% used [0x00000000ecd80000,0x00000000edefb2b8,0x00000000edf00000)
  to   space 23552K, 0% used [0x00000000eb680000,0x00000000eb680000,0x00000000ecd80000)
 ParOldGen       total 309760K, used 300632K [0x00000000c0000000, 0x00000000d2e80000, 0x00000000eab00000)
  object space 309760K, 97% used [0x00000000c0000000,0x00000000d25962f0,0x00000000d2e80000)
 Metaspace       used 56908K, capacity 59744K, committed 59776K, reserved 1101824K
  class space    used 6546K, capacity 7546K, committed 7552K, reserved 1048576K
}
Event: 86.049 GC heap before
{Heap before GC invocations=116 (full 9):
 PSYoungGen      total 29696K, used 29676K [0x00000000eab00000, 0x00000000eea00000, 0x0000000100000000)
  eden space 11776K, 100% used [0x00000000eab00000,0x00000000eb680000,0x00000000eb680000)
  from space 17920K, 99% used [0x00000000ecd80000,0x00000000edefb2b8,0x00000000edf00000)
  to   space 23552K, 0% used [0x00000000eb680000,0x00000000eb680000,0x00000000ecd80000)
 ParOldGen       total 309760K, used 300632K [0x00000000c0000000, 0x00000000d2e80000, 0x00000000eab00000)
  object space 309760K, 97% used [0x00000000c0000000,0x00000000d25962f0,0x00000000d2e80000)
 Metaspace       used 57004K, capacity 59890K, committed 60160K, reserved 1101824K
  class space    used 6556K, capacity 7553K, committed 7680K, reserved 1048576K
}
Event: 86.066 GC heap after
{Heap after GC invocations=116 (full 9):
 PSYoungGen      total 23552K, used 11659K [0x00000000eab00000, 0x00000000ed680000, 0x0000000100000000)
  eden space 11776K, 0% used [0x00000000eab00000,0x00000000eab00000,0x00000000eb680000)
  from space 11776K, 99% used [0x00000000eb680000,0x00000000ec1e2dd8,0x00000000ec200000)
  to   space 15872K, 0% used [0x00000000ec700000,0x00000000ec700000,0x00000000ed680000)
 ParOldGen       total 309760K, used 307671K [0x00000000c0000000, 0x00000000d2e80000, 0x00000000eab00000)
  object space 309760K, 99% used [0x00000000c0000000,0x00000000d2c75d10,0x00000000d2e80000)
 Metaspace       used 57004K, capacity 59890K, committed 60160K, reserved 1101824K
  class space    used 6556K, capacity 7553K, committed 7680K, reserved 1048576K
}
Event: 86.066 GC heap before
{Heap before GC invocations=117 (full 10):
 PSYoungGen      total 23552K, used 11659K [0x00000000eab00000, 0x00000000ed680000, 0x0000000100000000)
  eden space 11776K, 0% used [0x00000000eab00000,0x00000000eab00000,0x00000000eb680000)
  from space 11776K, 99% used [0x00000000eb680000,0x00000000ec1e2dd8,0x00000000ec200000)
  to   space 15872K, 0% used [0x00000000ec700000,0x00000000ec700000,0x00000000ed680000)
 ParOldGen       total 309760K, used 307671K [0x00000000c0000000, 0x00000000d2e80000, 0x00000000eab00000)
  object space 309760K, 99% used [0x00000000c0000000,0x00000000d2c75d10,0x00000000d2e80000)
 Metaspace       used 57004K, capacity 59890K, committed 60160K, reserved 1101824K
  class space    used 6556K, capacity 7553K, committed 7680K, reserved 1048576K
}
Event: 86.941 GC heap after
{Heap after GC invocations=117 (full 10):
 PSYoungGen      total 23552K, used 7947K [0x00000000eab00000, 0x00000000ed700000, 0x0000000100000000)
  eden space 11776K, 0% used [0x00000000eab00000,0x00000000eab00000,0x00000000eb680000)
  from space 11776K, 67% used [0x00000000eb680000,0x00000000ebe42d00,0x00000000ec200000)
  to   space 15872K, 0% used [0x00000000ec780000,0x00000000ec780000,0x00000000ed700000)
 ParOldGen       total 369152K, used 309306K [0x00000000c0000000, 0x00000000d6880000, 0x00000000eab00000)
  object space 369152K, 83% used [0x00000000c0000000,0x00000000d2e0eab8,0x00000000d6880000)
 Metaspace       used 57004K, capacity 59890K, committed 60160K, reserved 1101824K
  class space    used 6556K, capacity 7553K, committed 7680K, reserved 1048576K
}
Event: 87.137 GC heap before
{Heap before GC invocations=118 (full 10):
 PSYoungGen      total 23552K, used 19723K [0x00000000eab00000, 0x00000000ed700000, 0x0000000100000000)
  eden space 11776K, 100% used [0x00000000eab00000,0x00000000eb680000,0x00000000eb680000)
  from space 11776K, 67% used [0x00000000eb680000,0x00000000ebe42d00,0x00000000ec200000)
  to   space 15872K, 0% used [0x00000000ec780000,0x00000000ec780000,0x00000000ed700000)
 ParOldGen       total 369152K, used 309306K [0x00000000c0000000, 0x00000000d6880000, 0x00000000eab00000)
  object space 369152K, 83% used [0x00000000c0000000,0x00000000d2e0eab8,0x00000000d6880000)
 Metaspace       used 57901K, capacity 60857K, committed 60928K, reserved 1101824K
  class space    used 6644K, capacity 7635K, committed 7680K, reserved 1048576K
}
Event: 87.191 GC heap after
{Heap after GC invocations=118 (full 10):
 PSYoungGen      total 28672K, used 15540K [0x00000000eab00000, 0x00000000ed780000, 0x0000000100000000)
  eden space 12800K, 0% used [0x00000000eab00000,0x00000000eab00000,0x00000000eb780000)
  from space 15872K, 97% used [0x00000000ec780000,0x00000000ed6ad160,0x00000000ed700000)
  to   space 16384K, 0% used [0x00000000eb780000,0x00000000eb780000,0x00000000ec780000)
 ParOldGen       total 369152K, used 309306K [0x00000000c0000000, 0x00000000d6880000, 0x00000000eab00000)
  object space 369152K, 83% used [0x00000000c0000000,0x00000000d2e0eab8,0x00000000d6880000)
 Metaspace       used 57901K, capacity 60857K, committed 60928K, reserved 1101824K
  class space    used 6644K, capacity 7635K, committed 7680K, reserved 1048576K
}
Event: 87.372 GC heap before
{Heap before GC invocations=119 (full 10):
 PSYoungGen      total 28672K, used 27540K [0x00000000eab00000, 0x00000000ed780000, 0x0000000100000000)
  eden space 12800K, 93% used [0x00000000eab00000,0x00000000eb6b81c8,0x00000000eb780000)
  from space 15872K, 97% used [0x00000000ec780000,0x00000000ed6ad160,0x00000000ed700000)
  to   space 16384K, 0% used [0x00000000eb780000,0x00000000eb780000,0x00000000ec780000)
 ParOldGen       total 369152K, used 309306K [0x00000000c0000000, 0x00000000d6880000, 0x00000000eab00000)
  object space 369152K, 83% used [0x00000000c0000000,0x00000000d2e0eab8,0x00000000d6880000)
 Metaspace       used 58757K, capacity 61745K, committed 61824K, reserved 1103872K
  class space    used 6694K, capacity 7740K, committed 7808K, reserved 1048576K
}
Event: 87.398 GC heap after
{Heap after GC invocations=119 (full 10):
 PSYoungGen      total 29184K, used 16378K [0x00000000eab00000, 0x00000000ee780000, 0x0000000100000000)
  eden space 12800K, 0% used [0x00000000eab00000,0x00000000eab00000,0x00000000eb780000)
  from space 16384K, 99% used [0x00000000eb780000,0x00000000ec77eaf0,0x00000000ec780000)
  to   space 24064K, 0% used [0x00000000ed000000,0x00000000ed000000,0x00000000ee780000)
 ParOldGen       total 369152K, used 315546K [0x00000000c0000000, 0x00000000d6880000, 0x00000000eab00000)
  object space 369152K, 85% used [0x00000000c0000000,0x00000000d3426ab0,0x00000000d6880000)
 Metaspace       used 58757K, capacity 61745K, committed 61824K, reserved 1103872K
  class space    used 6694K, capacity 7740K, committed 7808K, reserved 1048576K
}
Event: 87.486 GC heap before
{Heap before GC invocations=120 (full 10):
 PSYoungGen      total 29184K, used 29178K [0x00000000eab00000, 0x00000000ee780000, 0x0000000100000000)
  eden space 12800K, 100% used [0x00000000eab00000,0x00000000eb780000,0x00000000eb780000)
  from space 16384K, 99% used [0x00000000eb780000,0x00000000ec77eaf0,0x00000000ec780000)
  to   space 24064K, 0% used [0x00000000ed000000,0x00000000ed000000,0x00000000ee780000)
 ParOldGen       total 369152K, used 323206K [0x00000000c0000000, 0x00000000d6880000, 0x00000000eab00000)
  object space 369152K, 87% used [0x00000000c0000000,0x00000000d3ba1bc0,0x00000000d6880000)
 Metaspace       used 59439K, capacity 62417K, committed 62592K, reserved 1103872K
  class space    used 6726K, capacity 7772K, committed 7808K, reserved 1048576K
}
Event: 87.502 GC heap after
{Heap after GC invocations=120 (full 10):
 PSYoungGen      total 29696K, used 15669K [0x00000000eab00000, 0x00000000edf80000, 0x0000000100000000)
  eden space 13824K, 0% used [0x00000000eab00000,0x00000000eab00000,0x00000000eb880000)
  from space 15872K, 98% used [0x00000000ed000000,0x00000000edf4d6d0,0x00000000edf80000)
  to   space 18432K, 0% used [0x00000000ebb80000,0x00000000ebb80000,0x00000000ecd80000)
 ParOldGen       total 369152K, used 325740K [0x00000000c0000000, 0x00000000d6880000, 0x00000000eab00000)
  object space 369152K, 88% used [0x00000000c0000000,0x00000000d3e1b228,0x00000000d6880000)
 Metaspace       used 59439K, capacity 62417K, committed 62592K, reserved 1103872K
  class space    used 6726K, capacity 7772K, committed 7808K, reserved 1048576K
}
Event: 87.697 GC heap before
{Heap before GC invocations=121 (full 10):
 PSYoungGen      total 29696K, used 29493K [0x00000000eab00000, 0x00000000edf80000, 0x0000000100000000)
  eden space 13824K, 100% used [0x00000000eab00000,0x00000000eb880000,0x00000000eb880000)
  from space 15872K, 98% used [0x00000000ed000000,0x00000000edf4d6d0,0x00000000edf80000)
  to   space 18432K, 0% used [0x00000000ebb80000,0x00000000ebb80000,0x00000000ecd80000)
 ParOldGen       total 369152K, used 363083K [0x00000000c0000000, 0x00000000d6880000, 0x00000000eab00000)
  object space 369152K, 98% used [0x00000000c0000000,0x00000000d6292d30,0x00000000d6880000)
 Metaspace       used 59767K, capacity 62773K, committed 62976K, reserved 1103872K
  class space    used 6772K, capacity 7825K, committed 7936K, reserved 1048576K
}
Event: 87.717 GC heap after
{Heap after GC invocations=121 (full 10):
 PSYoungGen      total 33792K, used 18418K [0x00000000eab00000, 0x00000000eea00000, 0x0000000100000000)
  eden space 15360K, 0% used [0x00000000eab00000,0x00000000eab00000,0x00000000eba00000)
  from space 18432K, 99% used [0x00000000ebb80000,0x00000000ecd7c910,0x00000000ecd80000)
  to   space 24576K, 0% used [0x00000000ed200000,0x00000000ed200000,0x00000000eea00000)
 ParOldGen       total 369152K, used 367783K [0x00000000c0000000, 0x00000000d6880000, 0x00000000eab00000)
  object space 369152K, 99% used [0x00000000c0000000,0x00000000d6729d28,0x00000000d6880000)
 Metaspace       used 59767K, capacity 62773K, committed 62976K, reserved 1103872K
  class space    used 6772K, capacity 7825K, committed 7936K, reserved 1048576K
}
Event: 87.717 GC heap before
{Heap before GC invocations=122 (full 11):
 PSYoungGen      total 33792K, used 18418K [0x00000000eab00000, 0x00000000eea00000, 0x0000000100000000)
  eden space 15360K, 0% used [0x00000000eab00000,0x00000000eab00000,0x00000000eba00000)
  from space 18432K, 99% used [0x00000000ebb80000,0x00000000ecd7c910,0x00000000ecd80000)
  to   space 24576K, 0% used [0x00000000ed200000,0x00000000ed200000,0x00000000eea00000)
 ParOldGen       total 369152K, used 367783K [0x00000000c0000000, 0x00000000d6880000, 0x00000000eab00000)
  object space 369152K, 99% used [0x00000000c0000000,0x00000000d6729d28,0x00000000d6880000)
 Metaspace       used 59767K, capacity 62773K, committed 62976K, reserved 1103872K
  class space    used 6772K, capacity 7825K, committed 7936K, reserved 1048576K
}

Deoptimization events (20 events):
Event: 87.621 Thread 0x0000010e23190000 Uncommon trap: trap_request=0xffffffde fr.pc=0x0000010e169708a4 relative=0x0000000000000e64
Event: 87.621 Thread 0x0000010e23190000 Uncommon trap: reason=class_check action=maybe_recompile pc=0x0000010e169708a4 method=java.util.concurrent.ConcurrentHashMap.putVal(Ljava/lang/Object;Ljava/lang/Object;Z)Ljava/lang/Object; @ 242 c2
Event: 87.622 Thread 0x0000010e23190000 DEOPT PACKING pc=0x0000010e169708a4 sp=0x000000031e0fe710
Event: 87.622 Thread 0x0000010e23190000 DEOPT UNPACKING pc=0x0000010e0ecaa1af sp=0x000000031e0fe680 mode 2
Event: 87.622 Thread 0x0000010e23190000 Uncommon trap: trap_request=0xffffffc6 fr.pc=0x0000010e16ba4804 relative=0x0000000000000684
Event: 87.622 Thread 0x0000010e23190000 Uncommon trap: reason=bimorphic_or_optimized_type_check action=maybe_recompile pc=0x0000010e16ba4804 method=java.util.HashMap.removeNode(ILjava/lang/Object;Ljava/lang/Object;ZZ)Ljava/util/HashMap$Node; @ 68 c2
Event: 87.622 Thread 0x0000010e23190000 DEOPT PACKING pc=0x0000010e16ba4804 sp=0x000000031e0fe790
Event: 87.622 Thread 0x0000010e23190000 DEOPT UNPACKING pc=0x0000010e0ecaa1af sp=0x000000031e0fe688 mode 2
Event: 87.622 Thread 0x0000010e23190000 Uncommon trap: trap_request=0xffffffde fr.pc=0x0000010e169708a4 relative=0x0000000000000e64
Event: 87.622 Thread 0x0000010e23190000 Uncommon trap: reason=class_check action=maybe_recompile pc=0x0000010e169708a4 method=java.util.concurrent.ConcurrentHashMap.putVal(Ljava/lang/Object;Ljava/lang/Object;Z)Ljava/lang/Object; @ 242 c2
Event: 87.622 Thread 0x0000010e23190000 DEOPT PACKING pc=0x0000010e169708a4 sp=0x000000031e0fe8d0
Event: 87.622 Thread 0x0000010e23190000 DEOPT UNPACKING pc=0x0000010e0ecaa1af sp=0x000000031e0fe840 mode 2
Event: 87.622 Thread 0x0000010e23190000 Uncommon trap: trap_request=0xffffffc6 fr.pc=0x0000010e1691e8d0 relative=0x0000000000000250
Event: 87.622 Thread 0x0000010e23190000 Uncommon trap: reason=bimorphic_or_optimized_type_check action=maybe_recompile pc=0x0000010e1691e8d0 method=com.google.gson.internal.bind.TypeAdapterRuntimeTypeWrapper.read(Lcom/google/gson/stream/JsonReader;)Ljava/lang/Object; @ 5 c2
Event: 87.622 Thread 0x0000010e23190000 DEOPT PACKING pc=0x0000010e1691e8d0 sp=0x000000031e0fee80
Event: 87.622 Thread 0x0000010e23190000 DEOPT UNPACKING pc=0x0000010e0ecaa1af sp=0x000000031e0fee08 mode 2
Event: 87.622 Thread 0x0000010e23190000 Uncommon trap: trap_request=0xffffffc6 fr.pc=0x0000010e1691e8d0 relative=0x0000000000000250
Event: 87.622 Thread 0x0000010e23190000 Uncommon trap: reason=bimorphic_or_optimized_type_check action=maybe_recompile pc=0x0000010e1691e8d0 method=com.google.gson.internal.bind.TypeAdapterRuntimeTypeWrapper.read(Lcom/google/gson/stream/JsonReader;)Ljava/lang/Object; @ 5 c2
Event: 87.622 Thread 0x0000010e23190000 DEOPT PACKING pc=0x0000010e1691e8d0 sp=0x000000031e0fed70
Event: 87.622 Thread 0x0000010e23190000 DEOPT UNPACKING pc=0x0000010e0ecaa1af sp=0x000000031e0fed08 mode 2

Classes redefined (0 events):
No events

Internal exceptions (20 events):
Event: 85.244 Thread 0x0000010e22f35800 Exception <a 'java/lang/ClassNotFoundException'{0x00000000eaef3338}: sun/misc/SharedSecrets> (0x00000000eaef3338) thrown at [./src/hotspot/share/classfile/systemDictionary.cpp, line 231]
Event: 85.343 Thread 0x0000010e22f35800 Exception <a 'sun/nio/fs/WindowsException'{0x00000000eb316a68}> (0x00000000eb316a68) thrown at [./src/hotspot/share/prims/jni.cpp, line 616]
Event: 85.347 Thread 0x0000010e22f35800 Exception <a 'sun/nio/fs/WindowsException'{0x00000000eb36c330}> (0x00000000eb36c330) thrown at [./src/hotspot/share/prims/jni.cpp, line 616]
Event: 85.357 Thread 0x0000010e22f35800 Exception <a 'sun/nio/fs/WindowsException'{0x00000000eb38e428}> (0x00000000eb38e428) thrown at [./src/hotspot/share/prims/jni.cpp, line 616]
Event: 85.376 Thread 0x0000010e22f35800 Exception <a 'sun/nio/fs/WindowsException'{0x00000000eb3a78e8}> (0x00000000eb3a78e8) thrown at [./src/hotspot/share/prims/jni.cpp, line 616]
Event: 85.393 Thread 0x0000010e22f35800 Exception <a 'sun/nio/fs/WindowsException'{0x00000000eb496088}> (0x00000000eb496088) thrown at [./src/hotspot/share/prims/jni.cpp, line 616]
Event: 85.498 Thread 0x0000010e22f2f000 Exception <a 'sun/nio/fs/WindowsException'{0x00000000eb7c57f8}> (0x00000000eb7c57f8) thrown at [./src/hotspot/share/prims/jni.cpp, line 616]
Event: 85.540 Thread 0x0000010e22f33000 Exception <a 'java/lang/NoSuchMethodError'{0x00000000eb91fa70}: 'java.lang.Object java.lang.invoke.DirectMethodHandle$Holder.invokeSpecial(java.lang.Object, java.lang.Object, java.lang.Object, java.lang.Object, java.lang.Object, java.lang.Object, java.lang.Object, java.lang.Object, java.lang.Object)'> (0x00000000eb91fa70) thrown at [./src/hotspot/share/interpreter/linkResolver.cpp, line 773]
Event: 85.542 Thread 0x0000010e22f33000 Exception <a 'java/lang/NoSuchMethodError'{0x00000000eb929350}: 'java.lang.Object java.lang.invoke.Invokers$Holder.linkToTargetMethod(java.lang.Object, java.lang.Object, java.lang.Object, java.lang.Object, java.lang.Object, java.lang.Object, java.lang.Object, java.lang.Object)'> (0x00000000eb929350) thrown at [./src/hotspot/share/interpreter/linkResolver.cpp, line 773]
Event: 85.545 Thread 0x0000010e22f2f000 Exception <a 'java/lang/NoSuchMethodError'{0x00000000eb92f818}: 'java.lang.Object java.lang.invoke.DirectMethodHandle$Holder.invokeInterface(java.lang.Object, java.lang.Object, java.lang.Object)'> (0x00000000eb92f818) thrown at [./src/hotspot/share/interpreter/linkResolver.cpp, line 773]
Event: 85.813 Thread 0x0000010e22896800 Exception <a 'java/io/FileNotFoundException'{0x00000000eb007d28}> (0x00000000eb007d28) thrown at [./src/hotspot/share/prims/jni.cpp, line 616]
Event: 85.814 Thread 0x0000010e22896800 Exception <a 'java/io/FileNotFoundException'{0x00000000eb009e10}> (0x00000000eb009e10) thrown at [./src/hotspot/share/prims/jni.cpp, line 616]
Event: 85.814 Thread 0x0000010e22896800 Exception <a 'java/io/FileNotFoundException'{0x00000000eb00b2a8}> (0x00000000eb00b2a8) thrown at [./src/hotspot/share/prims/jni.cpp, line 616]
Event: 86.003 Thread 0x0000010e22896800 Exception <a 'java/lang/NoSuchMethodError'{0x00000000eb606018}: 'java.lang.Object java.lang.invoke.DirectMethodHandle$Holder.invokeStatic(java.lang.Object, java.lang.Object, java.lang.Object, int)'> (0x00000000eb606018) thrown at [./src/hotspot/share/interpreter/linkResolver.cpp, line 773]
Event: 86.004 Thread 0x0000010e22896800 Exception <a 'java/lang/NoSuchMethodError'{0x00000000eb609998}: 'java.lang.Object java.lang.invoke.DirectMethodHandle$Holder.invokeSpecial(java.lang.Object, java.lang.Object, java.lang.Object, java.lang.Object, int)'> (0x00000000eb609998) thrown at [./src/hotspot/share/interpreter/linkResolver.cpp, line 773]
Event: 86.004 Thread 0x0000010e22896800 Exception <a 'java/lang/NoSuchMethodError'{0x00000000eb60ca00}: 'java.lang.Object java.lang.invoke.Invokers$Holder.linkToTargetMethod(java.lang.Object, java.lang.Object, int, java.lang.Object)'> (0x00000000eb60ca00) thrown at [./src/hotspot/share/interpreter/linkResolver.cpp, line 773]
Event: 87.123 Thread 0x0000010e2318e800 Exception <a 'java/lang/ClassNotFoundException'{0x00000000eb631128}: sun/util/logging/resources/spi/loggingProvider> (0x00000000eb631128) thrown at [./src/hotspot/share/classfile/systemDictionary.cpp, line 231]
Event: 87.287 Thread 0x0000010e23190000 Exception <a 'sun/nio/fs/WindowsException'{0x00000000eb123590}> (0x00000000eb123590) thrown at [./src/hotspot/share/prims/jni.cpp, line 616]
Event: 87.540 Thread 0x0000010e22f34800 Exception <a 'java/lang/NoSuchMethodError'{0x00000000ead9f960}: 'java.lang.Object java.lang.invoke.DirectMethodHandle$Holder.invokeStatic(java.lang.Object, java.lang.Object, int, java.lang.Object)'> (0x00000000ead9f960) thrown at [./src/hotspot/share/interpreter/linkResolver.cpp, line 773]
Event: 87.541 Thread 0x0000010e22f34800 Exception <a 'java/lang/NoSuchMethodError'{0x00000000eada79b8}: 'java.lang.Object java.lang.invoke.Invokers$Holder.linkToTargetMethod(java.lang.Object, int, java.lang.Object)'> (0x00000000eada79b8) thrown at [./src/hotspot/share/interpreter/linkResolver.cpp, line 773]

Events (20 events):
Event: 87.576 loading class org/eclipse/core/resources/IProject done
Event: 87.577 loading class org/eclipse/jdt/core/IJavaProject
Event: 87.577 loading class org/eclipse/jdt/core/IJavaProject done
Event: 87.577 loading class org/eclipse/jdt/core/IJavaProject
Event: 87.577 loading class org/eclipse/jdt/core/IJavaProject done
Event: 87.577 loading class org/eclipse/jdt/core/IJavaProject
Event: 87.577 loading class org/eclipse/jdt/core/IJavaProject done
Event: 87.577 loading class org/eclipse/jdt/core/IJavaProject
Event: 87.577 loading class org/eclipse/jdt/core/IJavaProject done
Event: 87.578 loading class org/eclipse/core/runtime/IPath
Event: 87.578 loading class org/eclipse/core/runtime/IPath done
Event: 87.578 loading class org/eclipse/jdt/core/IJavaProject
Event: 87.578 loading class org/eclipse/jdt/core/IJavaProject done
Event: 87.578 loading class org/eclipse/core/runtime/IPath
Event: 87.578 loading class org/eclipse/core/runtime/IPath done
Event: 87.586 Executing VM operation: RevokeBias
Event: 87.587 Executing VM operation: RevokeBias done
Event: 87.587 Executing VM operation: RevokeBias
Event: 87.587 Executing VM operation: RevokeBias done
Event: 87.695 Executing VM operation: ParallelGCFailedAllocation


Dynamic libraries:
0x00007ff73b3f0000 - 0x00007ff73b3fd000 	C:\Program Files\Java\jdk-11.0.13.8-hotspot\bin\java.exe
0x00007ffbd1c10000 - 0x00007ffbd1e05000 	C:\WINDOWS\SYSTEM32\ntdll.dll
0x00007ffbcfd70000 - 0x00007ffbcfe2e000 	C:\WINDOWS\System32\KERNEL32.DLL
0x00007ffbcf6b0000 - 0x00007ffbcf978000 	C:\WINDOWS\System32\KERNELBASE.dll
0x00007ffbcf4d0000 - 0x00007ffbcf5d0000 	C:\WINDOWS\System32\ucrtbase.dll
0x00007ffbb0470000 - 0x00007ffbb0485000 	C:\Program Files\Java\jdk-11.0.13.8-hotspot\bin\VCRUNTIME140.dll
0x00007ffbadb20000 - 0x00007ffbadb37000 	C:\Program Files\Java\jdk-11.0.13.8-hotspot\bin\jli.dll
0x00007ffbcfe30000 - 0x00007ffbcffd1000 	C:\WINDOWS\System32\USER32.dll
0x00007ffbb8ba0000 - 0x00007ffbb8e3a000 	C:\WINDOWS\WinSxS\amd64_microsoft.windows.common-controls_6595b64144ccf1df_6.0.19041.1110_none_60b5254171f9507e\COMCTL32.dll
0x00007ffbcf980000 - 0x00007ffbcf9a2000 	C:\WINDOWS\System32\win32u.dll
0x00007ffbcffe0000 - 0x00007ffbd007e000 	C:\WINDOWS\System32\msvcrt.dll
0x00007ffbd0f50000 - 0x00007ffbd0f7b000 	C:\WINDOWS\System32\GDI32.dll
0x00007ffbcf330000 - 0x00007ffbcf43b000 	C:\WINDOWS\System32\gdi32full.dll
0x00007ffbcfa60000 - 0x00007ffbcfafd000 	C:\WINDOWS\System32\msvcp_win.dll
0x00007ffbd1120000 - 0x00007ffbd1150000 	C:\WINDOWS\System32\IMM32.DLL
0x00007ffb9dea0000 - 0x00007ffb9df3b000 	C:\Program Files\Java\jdk-11.0.13.8-hotspot\bin\msvcp140.dll
0x00007ffb70930000 - 0x00007ffb714ae000 	C:\Program Files\Java\jdk-11.0.13.8-hotspot\bin\server\jvm.dll
0x00007ffbd1230000 - 0x00007ffbd12dc000 	C:\WINDOWS\System32\ADVAPI32.dll
0x00007ffbd0080000 - 0x00007ffbd011b000 	C:\WINDOWS\System32\sechost.dll
0x00007ffbd0f80000 - 0x00007ffbd10aa000 	C:\WINDOWS\System32\RPCRT4.dll
0x00007ffbd1bb0000 - 0x00007ffbd1bb8000 	C:\WINDOWS\System32\PSAPI.DLL
0x00007ffbcdaa0000 - 0x00007ffbcdaa9000 	C:\WINDOWS\SYSTEM32\WSOCK32.dll
0x00007ffbc2ed0000 - 0x00007ffbc2eda000 	C:\WINDOWS\SYSTEM32\VERSION.dll
0x00007ffbd10b0000 - 0x00007ffbd111b000 	C:\WINDOWS\System32\WS2_32.dll
0x00007ffbc22c0000 - 0x00007ffbc22e7000 	C:\WINDOWS\SYSTEM32\WINMM.dll
0x00007ffbcdef0000 - 0x00007ffbcdf02000 	C:\WINDOWS\SYSTEM32\kernel.appcore.dll
0x00007ffbb78f0000 - 0x00007ffbb7900000 	C:\Program Files\Java\jdk-11.0.13.8-hotspot\bin\verify.dll
0x00007ffbcd0f0000 - 0x00007ffbcd2d4000 	C:\WINDOWS\SYSTEM32\DBGHELP.DLL
0x00007ffbc6ee0000 - 0x00007ffbc6f0c000 	C:\WINDOWS\SYSTEM32\dbgcore.DLL
0x00007ffbcf5d0000 - 0x00007ffbcf653000 	C:\WINDOWS\System32\bcryptPrimitives.dll
0x00007ffbadaf0000 - 0x00007ffbadb18000 	C:\Program Files\Java\jdk-11.0.13.8-hotspot\bin\java.dll
0x00007ffbb72b0000 - 0x00007ffbb72ba000 	C:\Program Files\Java\jdk-11.0.13.8-hotspot\bin\jimage.dll
0x00007ffbad680000 - 0x00007ffbad697000 	C:\Program Files\Java\jdk-11.0.13.8-hotspot\bin\zip.dll
0x00007ffbd0120000 - 0x00007ffbd085f000 	C:\WINDOWS\System32\SHELL32.dll
0x00007ffbcd2e0000 - 0x00007ffbcda70000 	C:\WINDOWS\SYSTEM32\windows.storage.dll
0x00007ffbd0860000 - 0x00007ffbd0bb5000 	C:\WINDOWS\System32\combase.dll
0x00007ffbcecb0000 - 0x00007ffbcecde000 	C:\WINDOWS\SYSTEM32\Wldp.dll
0x00007ffbd1880000 - 0x00007ffbd192d000 	C:\WINDOWS\System32\SHCORE.dll
0x00007ffbcfd10000 - 0x00007ffbcfd65000 	C:\WINDOWS\System32\shlwapi.dll
0x00007ffbcf270000 - 0x00007ffbcf28f000 	C:\WINDOWS\SYSTEM32\profapi.dll
0x00007ffbad660000 - 0x00007ffbad679000 	C:\Program Files\Java\jdk-11.0.13.8-hotspot\bin\net.dll
0x00007ffbc6c90000 - 0x00007ffbc6d9c000 	C:\WINDOWS\SYSTEM32\WINHTTP.dll
0x00007ffbcea10000 - 0x00007ffbcea7a000 	C:\WINDOWS\system32\mswsock.dll
0x00007ffbad640000 - 0x00007ffbad652000 	C:\Program Files\Java\jdk-11.0.13.8-hotspot\bin\nio.dll
0x00007ffbcec10000 - 0x00007ffbcec28000 	C:\WINDOWS\SYSTEM32\CRYPTSP.dll
0x00007ffbce390000 - 0x00007ffbce3c4000 	C:\WINDOWS\system32\rsaenh.dll
0x00007ffbcf4a0000 - 0x00007ffbcf4c7000 	C:\WINDOWS\System32\bcrypt.dll
0x00007ffbcf1e0000 - 0x00007ffbcf20e000 	C:\WINDOWS\SYSTEM32\USERENV.dll
0x00007ffbcec00000 - 0x00007ffbcec0c000 	C:\WINDOWS\SYSTEM32\CRYPTBASE.dll
0x00007ffbce700000 - 0x00007ffbce73b000 	C:\WINDOWS\SYSTEM32\IPHLPAPI.DLL
0x00007ffbd1bc0000 - 0x00007ffbd1bc8000 	C:\WINDOWS\System32\NSI.dll
0x00007ffbc72f0000 - 0x00007ffbc7307000 	C:\WINDOWS\SYSTEM32\dhcpcsvc6.DLL
0x00007ffbc7600000 - 0x00007ffbc761d000 	C:\WINDOWS\SYSTEM32\dhcpcsvc.DLL
0x00007ffbce740000 - 0x00007ffbce80b000 	C:\WINDOWS\SYSTEM32\DNSAPI.dll
0x00007ffba3770000 - 0x00007ffba37ae000 	C:\Users\Elysian\AppData\Roaming\Code\User\globalStorage\redhat.java\1.0.0\config_win\org.eclipse.equinox.launcher\org.eclipse.equinox.launcher.win32.win32.x86_64_1.2.400.v20210928-1041\eclipse_11600.dll
0x00007ffbd0c30000 - 0x00007ffbd0d5a000 	C:\WINDOWS\System32\ole32.dll
0x00007ffbbd900000 - 0x00007ffbbd911000 	C:\Users\Elysian\AppData\Roaming\Code\User\globalStorage\redhat.java\1.0.0\config_win\org.eclipse.osgi\22\0\.cp\jWinHttp-1.0.0.dll
0x00007ffbae260000 - 0x00007ffbae286000 	C:\Users\Elysian\.gradle\native\31\windows-amd64\native-platform.dll
0x00007ffbbdf60000 - 0x00007ffbbdf69000 	C:\Program Files\Java\jdk-11.0.13.8-hotspot\bin\management.dll
0x00007ffbbc810000 - 0x00007ffbbc81b000 	C:\Program Files\Java\jdk-11.0.13.8-hotspot\bin\management_ext.dll
0x00007ffbb0360000 - 0x00007ffbb0385000 	C:\Program Files\Java\jdk-11.0.13.8-hotspot\bin\sunec.dll

dbghelp: loaded successfully - version: 4.0.5 - missing functions: none
symbol engine: initialized successfully - sym options: 0x614 - pdb path: .;C:\Program Files\Java\jdk-11.0.13.8-hotspot\bin;C:\WINDOWS\SYSTEM32;C:\WINDOWS\WinSxS\amd64_microsoft.windows.common-controls_6595b64144ccf1df_6.0.19041.1110_none_60b5254171f9507e;C:\Program Files\Java\jdk-11.0.13.8-hotspot\bin\server;C:\Users\Elysian\AppData\Roaming\Code\User\globalStorage\redhat.java\1.0.0\config_win\org.eclipse.equinox.launcher\org.eclipse.equinox.launcher.win32.win32.x86_64_1.2.400.v20210928-1041;C:\Users\Elysian\AppData\Roaming\Code\User\globalStorage\redhat.java\1.0.0\config_win\org.eclipse.osgi\22\0\.cp;C:\Users\Elysian\.gradle\native\31\windows-amd64

VM Arguments:
jvm_args: --add-modules=ALL-SYSTEM --add-opens=java.base/java.util=ALL-UNNAMED --add-opens=java.base/java.lang=ALL-UNNAMED -Declipse.application=org.eclipse.jdt.ls.core.id1 -Dosgi.bundles.defaultStartLevel=4 -Declipse.product=org.eclipse.jdt.ls.core.product -Dfile.encoding=utf8 -DwatchParentProcess=false -XX:+UseParallelGC -XX:GCTimeRatio=4 -XX:AdaptiveSizePolicyWeight=90 -Dsun.zip.disableMemoryMapping=true -Xmx1G -Xms100m -Xverify:none 
java_command: c:\Users\Elysian\.vscode\extensions\redhat.java-1.0.0\server\plugins\org.eclipse.equinox.launcher_1.6.400.v20210924-0641.jar -configuration c:\Users\Elysian\AppData\Roaming\Code\User\globalStorage\redhat.java\1.0.0\config_win -data c:\Users\Elysian\AppData\Roaming\Code\User\workspaceStorage\99dbe89f786aeac245bb34f96ac4ef7b\redhat.java\jdt_ws
java_class_path (initial): c:\Users\Elysian\.vscode\extensions\redhat.java-1.0.0\server\plugins\org.eclipse.equinox.launcher_1.6.400.v20210924-0641.jar
Launcher Type: SUN_STANDARD

[Global flags]
    uintx AdaptiveSizePolicyWeight                 = 90                                        {product} {command line}
     bool BytecodeVerificationLocal                = false                                     {product} {command line}
     bool BytecodeVerificationRemote               = false                                     {product} {command line}
     intx CICompilerCount                          = 3                                         {product} {ergonomic}
    uintx GCTimeRatio                              = 4                                         {product} {command line}
   size_t InitialHeapSize                          = 104857600                                 {product} {command line}
   size_t MaxHeapSize                              = 1073741824                                {product} {command line}
   size_t MaxNewSize                               = 357564416                                 {product} {ergonomic}
   size_t MinHeapDeltaBytes                        = 524288                                    {product} {ergonomic}
   size_t NewSize                                  = 34603008                                  {product} {ergonomic}
    uintx NonNMethodCodeHeapSize                   = 5830732                                {pd product} {ergonomic}
    uintx NonProfiledCodeHeapSize                  = 122913754                              {pd product} {ergonomic}
   size_t OldSize                                  = 70254592                                  {product} {ergonomic}
    uintx ProfiledCodeHeapSize                     = 122913754                              {pd product} {ergonomic}
    uintx ReservedCodeCacheSize                    = 251658240                              {pd product} {ergonomic}
     bool SegmentedCodeCache                       = true                                      {product} {ergonomic}
     bool UseCompressedClassPointers               = true                                 {lp64_product} {ergonomic}
     bool UseCompressedOops                        = true                                 {lp64_product} {ergonomic}
     bool UseLargePagesIndividualAllocation        = false                                  {pd product} {ergonomic}
     bool UseParallelGC                            = true                                      {product} {command line}

Logging:
Log output configuration:
 #0: stdout all=warning uptime,level,tags
 #1: stderr all=off uptime,level,tags

Environment Variables:
JAVA_HOME=C:\\Program Files (x86)\\Java\\jdk1.8.0_202\\
CLASSPATH=.;
PATH=C:\Program Files\Eclipse Adoptium\jdk-11.0.13.8-hotspot\bin;C:\Program Files (x86)\Common Files\Oracle\Java\javapath;C:\Program Files (x86)\Common Files\Intel\Shared Libraries\redist\intel64\compiler;C:\ProgramData\Oracle\Java\javapath;C:\WINDOWS\system32;C:\WINDOWS;C:\WINDOWS\System32\Wbem;C:\WINDOWS\System32\WindowsPowerShell\v1.0\;C:\Program Files (x86)\NVIDIA Corporation\PhysX\Common;C:\Program Files\Intel\WiFi\bin\;C:\Program Files\Common Files\Intel\WirelessCommon\;C:\WINDOWS\system32;C:\WINDOWS;C:\WINDOWS\System32\Wbem;C:\WINDOWS\System32\WindowsPowerShell\v1.0\;C:\WINDOWS\System32\OpenSSH\;c:\altera\91\quartus\bin;C:\ProgramData\chocolatey\bin;C:\Program Files\Java\jdk1.8.0_211\bin;C:\Program Files\Git\cmd;C:\Program Files\nodejs\;C:\\Program Files (x86)\\Java\\jdk1.8.0_202\\\bin;C:\Program Files\apache-tomcat-10.0.8\bin;C:\Ruby26-x64\bin;C:\Users\Elysian\AppData\Local\Microsoft\WindowsApps;C:\Program Files\Intel\WiFi\bin\;C:\Program Files\Common Files\Intel\WirelessCommon\;C:\Users\Elysian\AppData\Local\Programs\Microsoft VS Code\bin;C:\Program Files\JetBrains\IntelliJ IDEA Community Edition 2019.3.3\bin;;C:\Users\Elysian\AppData\Local\Programs\MiKTeX\miktex\bin\x64\;C:\Exercism;C:\Users\Elysian\Documents\flutter\bin;C:\Users\Elysian\AppData\Local\Packages\PythonSoftwareFoundation.Python.3.9_qbz5n2kfra8p0\LocalCache\local-packages\Python39\Scripts;C:\Program Files\heroku\bin;C:\xampp\htdocs\irrigation\bin;C:\Users\Elysian\AppData\Roaming\npm;
USERNAME=Elysian
OS=Windows_NT
PROCESSOR_IDENTIFIER=Intel64 Family 6 Model 58 Stepping 9, GenuineIntel



---------------  S Y S T E M  ---------------

OS: Windows 10 , 64 bit Build 19041 (10.0.19041.1348)
OS uptime: 0 days 2:05 hours

CPU:total 4 (initial active 4) (2 cores per cpu, 2 threads per core) family 6 model 58 stepping 9 microcode 0x21, cmov, cx8, fxsr, mmx, sse, sse2, sse3, ssse3, sse4.1, sse4.2, popcnt, avx, aes, clmul, erms, ht, tsc, tscinvbit, tscinv

Memory: 4k page, system-wide physical 8077M (1757M free)
TotalPageFile size 11149M (AvailPageFile size 1476M)
current process WorkingSet (physical memory assigned to process): 724M, peak: 724M
current process commit charge ("private bytes"): 640M, peak: 640M

vm_info: OpenJDK 64-Bit Server VM (11.0.13+8) for windows-amd64 JRE (11.0.13+8), built on Oct 19 2021 17:05:59 by "" with unknown MS VC++:1916

END.
